RUN	com.freebird.stresstest.TripInfo		tripinfo	1500366688167	 	2.0
USER	GET TRIP INFO	1	START	1500366689730	1500366689730
USER	GET TRIP INFO	2	START	1500366689745	1500366689745
USER	GET TRIP INFO	3	START	1500366689746	1500366689746
USER	GET TRIP INFO	4	START	1500366689746	1500366689746
USER	GET TRIP INFO	5	START	1500366689746	1500366689746
USER	GET TRIP INFO	6	START	1500366689746	1500366689746
USER	GET TRIP INFO	7	START	1500366689746	1500366689746
USER	GET TRIP INFO	8	START	1500366689746	1500366689746
USER	GET TRIP INFO	9	START	1500366689746	1500366689746
USER	GET TRIP INFO	10	START	1500366689746	1500366689746
REQUEST	GET TRIP INFO	4		FETCH TRIP INFO OF MY PURCHASED TRIP.	1500366689808	1500366696046	OK	 
REQUEST	GET TRIP INFO	2		FETCH TRIP INFO OF MY PURCHASED TRIP.	1500366689805	1500366696916	OK	 
REQUEST	GET TRIP INFO	1		FETCH TRIP INFO OF MY PURCHASED TRIP.	1500366689798	1500366697027	OK	 
REQUEST	GET TRIP INFO	5		FETCH TRIP INFO OF MY PURCHASED TRIP.	1500366689810	1500366697228	OK	 
REQUEST	GET TRIP INFO	10		FETCH TRIP INFO OF MY PURCHASED TRIP.	1500366689823	1500366697287	OK	 
REQUEST	GET TRIP INFO	3		FETCH TRIP INFO OF MY PURCHASED TRIP.	1500366689807	1500366697302	OK	 
REQUEST	GET TRIP INFO	6		FETCH TRIP INFO OF MY PURCHASED TRIP.	1500366689811	1500366697329	OK	 
REQUEST	GET TRIP INFO	8		FETCH TRIP INFO OF MY PURCHASED TRIP.	1500366689813	1500366697542	OK	 
REQUEST	GET TRIP INFO	9		FETCH TRIP INFO OF MY PURCHASED TRIP.	1500366689816	1500366697542	KO	jsonPath($.data.itinerary[*].segments[*].legs[*].arrival).find.exists, found nothing
REQUEST	GET TRIP INFO	7		FETCH TRIP INFO OF MY PURCHASED TRIP.	1500366689812	1500366697749	OK	 
USER	GET TRIP INFO	4	END	1500366689746	1500366706087
USER	GET TRIP INFO	2	END	1500366689745	1500366706944
USER	GET TRIP INFO	1	END	1500366689730	1500366707044
USER	GET TRIP INFO	5	END	1500366689746	1500366707254
USER	GET TRIP INFO	10	END	1500366689746	1500366707314
USER	GET TRIP INFO	3	END	1500366689746	1500366707324
USER	GET TRIP INFO	6	END	1500366689746	1500366707354
USER	GET TRIP INFO	9	END	1500366689746	1500366707564
USER	GET TRIP INFO	8	END	1500366689746	1500366707564
USER	GET TRIP INFO	7	END	1500366689746	1500366707764
