[INFO] - [2017-07-23 14:26:43,357] - [com.freebird.stresstest.getScenarioBuilder$] tripId -> 47ced4c1-6cda-48cc-a19c-d32a8eda51c8,
 status -> Disrupted, 
 LegId -> b33f3d78-b75b-4b32-8bf0-5db7b98dffa1,
 airline -> UA,
 flightNumber -> 387,
 origin -> ORD,
 destination -> BWI,
 arrival -> 2017-08-11T13:32:00.000Z,
 departure -> 2017-08-11T11:35:00.000Z,
 arrivalLocal -> 2017-08-11 09:32,
 departureLocal -> 2017-08-11 06:35,
 rebookingOpportunity -> None
[INFO] - [2017-07-23 14:26:43,357] - [com.freebird.stresstest.getScenarioBuilder$] tripId -> 47ced4c1-6cda-48cc-a19c-d32a8eda51c8,
 status -> Disrupted, 
 LegId -> b33f3d78-b75b-4b32-8bf0-5db7b98dffa1,
 airline -> UA,
 flightNumber -> 387,
 origin -> ORD,
 destination -> BWI,
 arrival -> 2017-08-11T13:32:00.000Z,
 departure -> 2017-08-11T11:35:00.000Z,
 arrivalLocal -> 2017-08-11 09:32,
 departureLocal -> 2017-08-11 06:35,
 rebookingOpportunity -> None
[INFO] - [2017-07-23 14:28:50,836] - [com.freebird.stresstest.getScenarioBuilder$] Rebooking_opportunity_id -> 60f21838-222d-4c77-873e-25accd602901
[INFO] - [2017-07-23 14:28:50,836] - [com.freebird.stresstest.getScenarioBuilder$] Rebooking_opportunity_id -> 60f21838-222d-4c77-873e-25accd602901
[ERROR] - [2017-07-23 14:28:59,866] - [io.gatling.core.action.builder.SessionHookBuilder$$anon$1] 'hook-2' crashed with 'java.lang.ClassCastException: scala.collection.immutable.Vector cannot be cast to scala.collection.immutable.List', forwarding to the next one
[INFO] - [2017-07-23 23:45:06,806] - [com.freebird.stresstest.getScenarioBuilder$] tripId -> beb372eb-7608-442e-b692-7e86ea33c8d6,
 status -> Disrupted, 
 LegId -> 765d115e-9584-482b-adcb-25464d7e389c,
 airline -> UA,
 flightNumber -> 387,
 origin -> ORD,
 destination -> BWI,
 arrival -> 2017-08-11T13:32:00.000Z,
 departure -> 2017-08-11T11:35:00.000Z,
 arrivalLocal -> 2017-08-11 09:32,
 departureLocal -> 2017-08-11 06:35,
 rebookingOpportunity -> None
[INFO] - [2017-07-23 23:45:06,806] - [com.freebird.stresstest.getScenarioBuilder$] tripId -> beb372eb-7608-442e-b692-7e86ea33c8d6,
 status -> Disrupted, 
 LegId -> 765d115e-9584-482b-adcb-25464d7e389c,
 airline -> UA,
 flightNumber -> 387,
 origin -> ORD,
 destination -> BWI,
 arrival -> 2017-08-11T13:32:00.000Z,
 departure -> 2017-08-11T11:35:00.000Z,
 arrivalLocal -> 2017-08-11 09:32,
 departureLocal -> 2017-08-11 06:35,
 rebookingOpportunity -> None
[INFO] - [2017-07-23 23:47:21,595] - [com.freebird.stresstest.getScenarioBuilder$] Rebooking_opportunity_id -> 165be152-fd4c-4ef9-ad53-b86e60dbf492
[INFO] - [2017-07-23 23:47:21,595] - [com.freebird.stresstest.getScenarioBuilder$] Rebooking_opportunity_id -> 165be152-fd4c-4ef9-ad53-b86e60dbf492
[ERROR] - [2017-07-23 23:47:29,104] - [io.gatling.core.action.builder.SessionHookBuilder$$anon$1] 'hook-2' crashed with 'java.lang.ClassCastException: scala.collection.immutable.Vector cannot be cast to scala.collection.immutable.List', forwarding to the next one
[INFO] - [2017-07-23 23:50:05,811] - [com.freebird.stresstest.getScenarioBuilder$] tripId -> f3b2967d-0159-438e-9e9a-9e18b6a109bc,
 status -> Disrupted, 
 LegId -> fad1735f-7177-4968-8a2e-5b93e44f0c12,
 airline -> UA,
 flightNumber -> 387,
 origin -> ORD,
 destination -> BWI,
 arrival -> 2017-08-11T13:32:00.000Z,
 departure -> 2017-08-11T11:35:00.000Z,
 arrivalLocal -> 2017-08-11 09:32,
 departureLocal -> 2017-08-11 06:35,
 rebookingOpportunity -> None
[INFO] - [2017-07-23 23:50:05,811] - [com.freebird.stresstest.getScenarioBuilder$] tripId -> f3b2967d-0159-438e-9e9a-9e18b6a109bc,
 status -> Disrupted, 
 LegId -> fad1735f-7177-4968-8a2e-5b93e44f0c12,
 airline -> UA,
 flightNumber -> 387,
 origin -> ORD,
 destination -> BWI,
 arrival -> 2017-08-11T13:32:00.000Z,
 departure -> 2017-08-11T11:35:00.000Z,
 arrivalLocal -> 2017-08-11 09:32,
 departureLocal -> 2017-08-11 06:35,
 rebookingOpportunity -> None
[INFO] - [2017-07-23 23:52:13,000] - [com.freebird.stresstest.getScenarioBuilder$] Rebooking_opportunity_id -> 358a73e0-b04a-4ae9-99b0-c3e8031460b6
[INFO] - [2017-07-23 23:52:13,000] - [com.freebird.stresstest.getScenarioBuilder$] Rebooking_opportunity_id -> 358a73e0-b04a-4ae9-99b0-c3e8031460b6
[INFO] - [2017-07-23 23:52:20,141] - [com.freebird.stresstest.getScenarioBuilder$] Origin -> ORD,
 destination -> BWI, 
 sameDayOptionOrigin -> ORD,ORD,ORD,ORD,
 sameDayOptionDestination -> DCA,BWI,BWI,DCA,
 sameDayOneStopOptionOrigin -> ORD,ORD,ORD,ORD,ORD,ORD,ORD,ORD,ORD,ORD,ORD,ORD,
 sameDayOneStopOptionDestination -> ATL,ATL,CVG,ATL,ATL,ATL,ATL,LAX,LGA,ATL,ATL,ATL,
 sameDayOneStopOptionSecondLegOrigin -> ATL,ATL,CVG,ATL,ATL,ATL,ATL,LAX,LGA,ATL,ATL,ATL,
 sameDayOneStopOptionSecondLegDestination -> BWI,BWI,DCA,IAD,IAD,BWI,IAD,IAD,DCA,BWI,BWI,IAD
[INFO] - [2017-07-23 23:52:20,141] - [com.freebird.stresstest.getScenarioBuilder$] Origin -> ORD,
 destination -> BWI, 
 sameDayOptionOrigin -> ORD,ORD,ORD,ORD,
 sameDayOptionDestination -> DCA,BWI,BWI,DCA,
 sameDayOneStopOptionOrigin -> ORD,ORD,ORD,ORD,ORD,ORD,ORD,ORD,ORD,ORD,ORD,ORD,
 sameDayOneStopOptionDestination -> ATL,ATL,CVG,ATL,ATL,ATL,ATL,LAX,LGA,ATL,ATL,ATL,
 sameDayOneStopOptionSecondLegOrigin -> ATL,ATL,CVG,ATL,ATL,ATL,ATL,LAX,LGA,ATL,ATL,ATL,
 sameDayOneStopOptionSecondLegDestination -> BWI,BWI,DCA,IAD,IAD,BWI,IAD,IAD,DCA,BWI,BWI,IAD
[INFO] - [2017-07-23 23:54:53,733] - [com.freebird.stresstest.getScenarioBuilder$] tripId -> bf84df05-2b8c-4864-930e-8586e369acd6,
 status -> Disrupted, 
 LegId -> 17780c5e-3be0-443a-a5b7-48d01223caa7,
 airline -> UA,
 flightNumber -> 387,
 origin -> ORD,
 destination -> BWI,
 arrival -> 2017-08-11T13:32:00.000Z,
 departure -> 2017-08-11T11:35:00.000Z,
 arrivalLocal -> 2017-08-11 09:32,
 departureLocal -> 2017-08-11 06:35,
 rebookingOpportunity -> None
[INFO] - [2017-07-23 23:54:53,733] - [com.freebird.stresstest.getScenarioBuilder$] tripId -> bf84df05-2b8c-4864-930e-8586e369acd6,
 status -> Disrupted, 
 LegId -> 17780c5e-3be0-443a-a5b7-48d01223caa7,
 airline -> UA,
 flightNumber -> 387,
 origin -> ORD,
 destination -> BWI,
 arrival -> 2017-08-11T13:32:00.000Z,
 departure -> 2017-08-11T11:35:00.000Z,
 arrivalLocal -> 2017-08-11 09:32,
 departureLocal -> 2017-08-11 06:35,
 rebookingOpportunity -> None
[INFO] - [2017-07-23 23:57:00,392] - [com.freebird.stresstest.getScenarioBuilder$] Rebooking_opportunity_id -> 88417be8-6779-479e-8444-effcfacf22f1
[INFO] - [2017-07-23 23:57:00,392] - [com.freebird.stresstest.getScenarioBuilder$] Rebooking_opportunity_id -> 88417be8-6779-479e-8444-effcfacf22f1
[INFO] - [2017-07-23 23:57:07,379] - [com.freebird.stresstest.getScenarioBuilder$] Origin -> ORD,
 destination -> BWI, 
 sameDayOptionOrigin -> ORD,
 sameDayOptionDestination -> BWI,DCA,
 sameDayOneStopOptionOrigin -> ORD,
 sameDayOneStopOptionDestination -> ATL,CVG,LAX,LGA,
 sameDayOneStopOptionSecondLegOrigin -> ATL,CVG,LAX,LGA,
 sameDayOneStopOptionSecondLegDestination -> BWI,DCA,IAD
[INFO] - [2017-07-23 23:57:07,379] - [com.freebird.stresstest.getScenarioBuilder$] Origin -> ORD,
 destination -> BWI, 
 sameDayOptionOrigin -> ORD,
 sameDayOptionDestination -> BWI,DCA,
 sameDayOneStopOptionOrigin -> ORD,
 sameDayOneStopOptionDestination -> ATL,CVG,LAX,LGA,
 sameDayOneStopOptionSecondLegOrigin -> ATL,CVG,LAX,LGA,
 sameDayOneStopOptionSecondLegDestination -> BWI,DCA,IAD
