RUN	com.freebird.stresstest.TripInfo		tripinfo	1500405914499	 	2.0
USER	GET TRIP INFO	1	START	1500405916345	1500405916345
USER	GET TRIP INFO	2	START	1500405916351	1500405916351
USER	GET TRIP INFO	3	START	1500405916351	1500405916351
USER	GET TRIP INFO	4	START	1500405916351	1500405916351
USER	GET TRIP INFO	5	START	1500405916351	1500405916351
USER	GET TRIP INFO	6	START	1500405916355	1500405916355
USER	GET TRIP INFO	7	START	1500405916355	1500405916355
USER	GET TRIP INFO	8	START	1500405916356	1500405916356
USER	GET TRIP INFO	9	START	1500405916356	1500405916356
USER	GET TRIP INFO	10	START	1500405916357	1500405916357
REQUEST	GET TRIP INFO	7		FETCH TRIP INFO OF MY PURCHASED TRIP.	1500405916412	1500405922979	OK	 
REQUEST	GET TRIP INFO	9		FETCH TRIP INFO OF MY PURCHASED TRIP.	1500405916415	1500405922931	KO	jsonPath($.data.itinerary[*].segments[*].legs[*].arrival).find.exists, found nothing
REQUEST	GET TRIP INFO	6		FETCH TRIP INFO OF MY PURCHASED TRIP.	1500405916411	1500405923342	OK	 
REQUEST	GET TRIP INFO	3		FETCH TRIP INFO OF MY PURCHASED TRIP.	1500405916406	1500405923342	OK	 
REQUEST	GET TRIP INFO	2		FETCH TRIP INFO OF MY PURCHASED TRIP.	1500405916405	1500405923379	OK	 
REQUEST	GET TRIP INFO	8		FETCH TRIP INFO OF MY PURCHASED TRIP.	1500405916413	1500405923382	OK	 
REQUEST	GET TRIP INFO	5		FETCH TRIP INFO OF MY PURCHASED TRIP.	1500405916409	1500405923389	OK	 
REQUEST	GET TRIP INFO	10		FETCH TRIP INFO OF MY PURCHASED TRIP.	1500405916415	1500405923389	OK	 
REQUEST	GET TRIP INFO	1		FETCH TRIP INFO OF MY PURCHASED TRIP.	1500405916400	1500405923405	OK	 
REQUEST	GET TRIP INFO	4		FETCH TRIP INFO OF MY PURCHASED TRIP.	1500405916408	1500405923444	OK	 
USER	GET TRIP INFO	9	END	1500405916356	1500405932961
USER	GET TRIP INFO	7	END	1500405916355	1500405933009
USER	GET TRIP INFO	6	END	1500405916355	1500405933369
USER	GET TRIP INFO	3	END	1500405916351	1500405933369
USER	GET TRIP INFO	2	END	1500405916351	1500405933398
USER	GET TRIP INFO	8	END	1500405916356	1500405933400
USER	GET TRIP INFO	10	END	1500405916357	1500405933409
USER	GET TRIP INFO	5	END	1500405916351	1500405933409
USER	GET TRIP INFO	1	END	1500405916345	1500405933429
USER	GET TRIP INFO	4	END	1500405916351	1500405933469
