RUN	com.freebird.stresstest.RebookingFlow		rebookingflow	1501480936352	 	2.0
USER	PURCHASE TRIP FROM FREEBIRD.	1	START	1501480937749	1501480937749
USER	PURCHASE TRIP FROM FREEBIRD.	2	START	1501480937811	1501480937811
USER	PURCHASE TRIP FROM FREEBIRD.	3	START	1501480937813	1501480937813
USER	PURCHASE TRIP FROM FREEBIRD.	4	START	1501480937814	1501480937814
USER	PURCHASE TRIP FROM FREEBIRD.	5	START	1501480937818	1501480937818
USER	PURCHASE TRIP FROM FREEBIRD.	6	START	1501480937819	1501480937819
USER	PURCHASE TRIP FROM FREEBIRD.	7	START	1501480937821	1501480937821
USER	PURCHASE TRIP FROM FREEBIRD.	8	START	1501480937822	1501480937822
USER	PURCHASE TRIP FROM FREEBIRD.	9	START	1501480937824	1501480937824
USER	PURCHASE TRIP FROM FREEBIRD.	10	START	1501480937826	1501480937826
USER	PURCHASE TRIP FROM FREEBIRD.	11	START	1501480937827	1501480937827
USER	PURCHASE TRIP FROM FREEBIRD.	12	START	1501480937828	1501480937828
USER	PURCHASE TRIP FROM FREEBIRD.	13	START	1501480937831	1501480937831
USER	PURCHASE TRIP FROM FREEBIRD.	14	START	1501480937832	1501480937832
USER	PURCHASE TRIP FROM FREEBIRD.	15	START	1501480937833	1501480937833
USER	PURCHASE TRIP FROM FREEBIRD.	16	START	1501480937839	1501480937839
USER	PURCHASE TRIP FROM FREEBIRD.	17	START	1501480937840	1501480937840
USER	PURCHASE TRIP FROM FREEBIRD.	18	START	1501480937844	1501480937844
USER	PURCHASE TRIP FROM FREEBIRD.	19	START	1501480937847	1501480937847
USER	PURCHASE TRIP FROM FREEBIRD.	20	START	1501480937849	1501480937849
USER	PURCHASE TRIP FROM FREEBIRD.	21	START	1501480937852	1501480937852
USER	PURCHASE TRIP FROM FREEBIRD.	22	START	1501480937855	1501480937855
USER	PURCHASE TRIP FROM FREEBIRD.	23	START	1501480937857	1501480937857
USER	PURCHASE TRIP FROM FREEBIRD.	24	START	1501480937858	1501480937858
USER	PURCHASE TRIP FROM FREEBIRD.	25	START	1501480937860	1501480937860
USER	PURCHASE TRIP FROM FREEBIRD.	26	START	1501480937861	1501480937861
USER	PURCHASE TRIP FROM FREEBIRD.	27	START	1501480937862	1501480937862
USER	PURCHASE TRIP FROM FREEBIRD.	28	START	1501480937864	1501480937864
USER	PURCHASE TRIP FROM FREEBIRD.	29	START	1501480937867	1501480937867
USER	PURCHASE TRIP FROM FREEBIRD.	30	START	1501480937869	1501480937869
USER	PURCHASE TRIP FROM FREEBIRD.	31	START	1501480937870	1501480937870
USER	PURCHASE TRIP FROM FREEBIRD.	32	START	1501480937871	1501480937871
USER	PURCHASE TRIP FROM FREEBIRD.	33	START	1501480937872	1501480937872
USER	PURCHASE TRIP FROM FREEBIRD.	34	START	1501480937873	1501480937873
USER	PURCHASE TRIP FROM FREEBIRD.	35	START	1501480937875	1501480937875
USER	PURCHASE TRIP FROM FREEBIRD.	36	START	1501480937876	1501480937876
USER	PURCHASE TRIP FROM FREEBIRD.	37	START	1501480937877	1501480937877
USER	PURCHASE TRIP FROM FREEBIRD.	38	START	1501480937879	1501480937879
USER	PURCHASE TRIP FROM FREEBIRD.	39	START	1501480937880	1501480937880
USER	PURCHASE TRIP FROM FREEBIRD.	40	START	1501480937881	1501480937881
USER	PURCHASE TRIP FROM FREEBIRD.	41	START	1501480937882	1501480937882
USER	PURCHASE TRIP FROM FREEBIRD.	42	START	1501480937883	1501480937883
USER	PURCHASE TRIP FROM FREEBIRD.	43	START	1501480937884	1501480937884
USER	PURCHASE TRIP FROM FREEBIRD.	44	START	1501480937885	1501480937885
USER	PURCHASE TRIP FROM FREEBIRD.	45	START	1501480937885	1501480937885
USER	PURCHASE TRIP FROM FREEBIRD.	46	START	1501480937886	1501480937886
USER	PURCHASE TRIP FROM FREEBIRD.	47	START	1501480937887	1501480937887
USER	PURCHASE TRIP FROM FREEBIRD.	48	START	1501480937888	1501480937888
USER	PURCHASE TRIP FROM FREEBIRD.	49	START	1501480937889	1501480937889
USER	PURCHASE TRIP FROM FREEBIRD.	50	START	1501480937890	1501480937890
REQUEST	PURCHASE TRIP FROM FREEBIRD.	11		QUOTE PRICE FOR OUTBOUND TRIP WITH ONE SLICE TWO SEGMENTS ONE LEG.	1501480937828	1501480938523	KO	status.find.is(200), but actually found 422
REQUEST	PURCHASE TRIP FROM FREEBIRD.	5		QUOTE PRICE FOR OUTBOUND TRIP WITH ONE SLICE TWO SEGMENTS ONE LEG.	1501480937818	1501480938561	KO	status.find.is(200), but actually found 422
REQUEST	PURCHASE TRIP FROM FREEBIRD.	2		QUOTE PRICE FOR OUTBOUND TRIP WITH ONE SLICE TWO SEGMENTS ONE LEG.	1501480937812	1501480938501	KO	status.find.is(200), but actually found 422
REQUEST	PURCHASE TRIP FROM FREEBIRD.	8		QUOTE PRICE FOR OUTBOUND TRIP WITH ONE SLICE TWO SEGMENTS ONE LEG.	1501480937823	1501480938560	KO	status.find.is(200), but actually found 422
REQUEST	PURCHASE TRIP FROM FREEBIRD.	1		QUOTE PRICE FOR OUTBOUND TRIP WITH ONE SLICE TWO SEGMENTS ONE LEG.	1501480937802	1501480938501	KO	status.find.is(200), but actually found 422
REQUEST	PURCHASE TRIP FROM FREEBIRD.	7		QUOTE PRICE FOR OUTBOUND TRIP WITH ONE SLICE TWO SEGMENTS ONE LEG.	1501480937821	1501480938579	KO	status.find.is(200), but actually found 422
REQUEST	PURCHASE TRIP FROM FREEBIRD.	6		QUOTE PRICE FOR OUTBOUND TRIP WITH ONE SLICE TWO SEGMENTS ONE LEG.	1501480937820	1501480938501	KO	status.find.is(200), but actually found 422
GROUP	Failed to build request PURCHASE A TRIP FOR QUOTED PRICE.: No attribute named 'priceRequestId' is defined 	1501480938651
GROUP	Failed to build request PURCHASE A TRIP FOR QUOTED PRICE.: No attribute named 'priceRequestId' is defined 	1501480938651
GROUP	Failed to build request PURCHASE A TRIP FOR QUOTED PRICE.: No attribute named 'priceRequestId' is defined 	1501480938651
GROUP	Failed to build request PURCHASE A TRIP FOR QUOTED PRICE.: No attribute named 'priceRequestId' is defined 	1501480938652
GROUP	Failed to build request PURCHASE A TRIP FOR QUOTED PRICE.: No attribute named 'priceRequestId' is defined 	1501480938652
GROUP	Failed to build request PURCHASE A TRIP FOR QUOTED PRICE.: No attribute named 'priceRequestId' is defined 	1501480938659
GROUP	Failed to build request PURCHASE A TRIP FOR QUOTED PRICE.: No attribute named 'priceRequestId' is defined 	1501480938659
REQUEST	PURCHASE TRIP FROM FREEBIRD.	20		QUOTE PRICE FOR OUTBOUND TRIP WITH ONE SLICE TWO SEGMENTS ONE LEG.	1501480937850	1501480938665	KO	status.find.is(200), but actually found 422
GROUP	Failed to build request PURCHASE A TRIP FOR QUOTED PRICE.: No attribute named 'priceRequestId' is defined 	1501480938667
REQUEST	PURCHASE TRIP FROM FREEBIRD.	16		QUOTE PRICE FOR OUTBOUND TRIP WITH ONE SLICE TWO SEGMENTS ONE LEG.	1501480937839	1501480938668	KO	status.find.is(200), but actually found 422
GROUP	Failed to build request PURCHASE A TRIP FOR QUOTED PRICE.: No attribute named 'priceRequestId' is defined 	1501480938671
REQUEST	PURCHASE TRIP FROM FREEBIRD.	21		QUOTE PRICE FOR OUTBOUND TRIP WITH ONE SLICE TWO SEGMENTS ONE LEG.	1501480937852	1501480938667	KO	status.find.is(200), but actually found 422
REQUEST	PURCHASE TRIP FROM FREEBIRD.	26		QUOTE PRICE FOR OUTBOUND TRIP WITH ONE SLICE TWO SEGMENTS ONE LEG.	1501480937861	1501480938669	KO	status.find.is(200), but actually found 422
GROUP	Failed to build request PURCHASE A TRIP FOR QUOTED PRICE.: No attribute named 'priceRequestId' is defined 	1501480938673
GROUP	Failed to build request PURCHASE A TRIP FOR QUOTED PRICE.: No attribute named 'priceRequestId' is defined 	1501480938674
REQUEST	PURCHASE TRIP FROM FREEBIRD.	17		QUOTE PRICE FOR OUTBOUND TRIP WITH ONE SLICE TWO SEGMENTS ONE LEG.	1501480937840	1501480938672	KO	status.find.is(200), but actually found 422
GROUP	Failed to build request PURCHASE A TRIP FOR QUOTED PRICE.: No attribute named 'priceRequestId' is defined 	1501480938674
REQUEST	PURCHASE TRIP FROM FREEBIRD.	13		QUOTE PRICE FOR OUTBOUND TRIP WITH ONE SLICE TWO SEGMENTS ONE LEG.	1501480937831	1501480938678	KO	status.find.is(200), but actually found 422
GROUP	Failed to build request PURCHASE A TRIP FOR QUOTED PRICE.: No attribute named 'priceRequestId' is defined 	1501480938681
REQUEST	PURCHASE TRIP FROM FREEBIRD.	15		QUOTE PRICE FOR OUTBOUND TRIP WITH ONE SLICE TWO SEGMENTS ONE LEG.	1501480937837	1501480938703	KO	status.find.is(200), but actually found 422
GROUP	Failed to build request PURCHASE A TRIP FOR QUOTED PRICE.: No attribute named 'priceRequestId' is defined 	1501480938705
REQUEST	PURCHASE TRIP FROM FREEBIRD.	12		QUOTE PRICE FOR OUTBOUND TRIP WITH ONE SLICE TWO SEGMENTS ONE LEG.	1501480937829	1501480938703	KO	status.find.is(200), but actually found 422
GROUP	Failed to build request PURCHASE A TRIP FOR QUOTED PRICE.: No attribute named 'priceRequestId' is defined 	1501480938709
REQUEST	PURCHASE TRIP FROM FREEBIRD.	9		QUOTE PRICE FOR OUTBOUND TRIP WITH ONE SLICE TWO SEGMENTS ONE LEG.	1501480937824	1501480938718	KO	status.find.is(200), but actually found 422
GROUP	Failed to build request PURCHASE A TRIP FOR QUOTED PRICE.: No attribute named 'priceRequestId' is defined 	1501480938720
REQUEST	PURCHASE TRIP FROM FREEBIRD.	19		QUOTE PRICE FOR OUTBOUND TRIP WITH ONE SLICE TWO SEGMENTS ONE LEG.	1501480937847	1501480938719	KO	status.find.is(200), but actually found 422
GROUP	Failed to build request PURCHASE A TRIP FOR QUOTED PRICE.: No attribute named 'priceRequestId' is defined 	1501480938721
REQUEST	PURCHASE TRIP FROM FREEBIRD.	22		QUOTE PRICE FOR OUTBOUND TRIP WITH ONE SLICE TWO SEGMENTS ONE LEG.	1501480937855	1501480938728	KO	status.find.is(200), but actually found 422
GROUP	Failed to build request PURCHASE A TRIP FOR QUOTED PRICE.: No attribute named 'priceRequestId' is defined 	1501480938730
REQUEST	PURCHASE TRIP FROM FREEBIRD.	3		QUOTE PRICE FOR OUTBOUND TRIP WITH ONE SLICE TWO SEGMENTS ONE LEG.	1501480937813	1501480938737	KO	status.find.is(200), but actually found 422
GROUP	Failed to build request PURCHASE A TRIP FOR QUOTED PRICE.: No attribute named 'priceRequestId' is defined 	1501480938739
REQUEST	PURCHASE TRIP FROM FREEBIRD.	10		QUOTE PRICE FOR OUTBOUND TRIP WITH ONE SLICE TWO SEGMENTS ONE LEG.	1501480937826	1501480938755	KO	status.find.is(200), but actually found 422
GROUP	Failed to build request PURCHASE A TRIP FOR QUOTED PRICE.: No attribute named 'priceRequestId' is defined 	1501480938757
REQUEST	PURCHASE TRIP FROM FREEBIRD.	24		QUOTE PRICE FOR OUTBOUND TRIP WITH ONE SLICE TWO SEGMENTS ONE LEG.	1501480937858	1501480938814	KO	status.find.is(200), but actually found 422
GROUP	Failed to build request PURCHASE A TRIP FOR QUOTED PRICE.: No attribute named 'priceRequestId' is defined 	1501480938815
REQUEST	PURCHASE TRIP FROM FREEBIRD.	36		QUOTE PRICE FOR OUTBOUND TRIP WITH ONE SLICE TWO SEGMENTS ONE LEG.	1501480937877	1501480938819	KO	status.find.is(200), but actually found 422
GROUP	Failed to build request PURCHASE A TRIP FOR QUOTED PRICE.: No attribute named 'priceRequestId' is defined 	1501480938821
REQUEST	PURCHASE TRIP FROM FREEBIRD.	33		QUOTE PRICE FOR OUTBOUND TRIP WITH ONE SLICE TWO SEGMENTS ONE LEG.	1501480937873	1501480938829	KO	status.find.is(200), but actually found 422
REQUEST	PURCHASE TRIP FROM FREEBIRD.	14		QUOTE PRICE FOR OUTBOUND TRIP WITH ONE SLICE TWO SEGMENTS ONE LEG.	1501480937832	1501480938829	KO	status.find.is(200), but actually found 422
GROUP	Failed to build request PURCHASE A TRIP FOR QUOTED PRICE.: No attribute named 'priceRequestId' is defined 	1501480938831
REQUEST	PURCHASE TRIP FROM FREEBIRD.	32		QUOTE PRICE FOR OUTBOUND TRIP WITH ONE SLICE TWO SEGMENTS ONE LEG.	1501480937872	1501480938829	KO	status.find.is(200), but actually found 422
GROUP	Failed to build request PURCHASE A TRIP FOR QUOTED PRICE.: No attribute named 'priceRequestId' is defined 	1501480938832
GROUP	Failed to build request PURCHASE A TRIP FOR QUOTED PRICE.: No attribute named 'priceRequestId' is defined 	1501480938832
REQUEST	PURCHASE TRIP FROM FREEBIRD.	38		QUOTE PRICE FOR OUTBOUND TRIP WITH ONE SLICE TWO SEGMENTS ONE LEG.	1501480937879	1501480938834	KO	status.find.is(200), but actually found 422
GROUP	Failed to build request PURCHASE A TRIP FOR QUOTED PRICE.: No attribute named 'priceRequestId' is defined 	1501480938837
REQUEST	PURCHASE TRIP FROM FREEBIRD.	28		QUOTE PRICE FOR OUTBOUND TRIP WITH ONE SLICE TWO SEGMENTS ONE LEG.	1501480937864	1501480938838	KO	status.find.is(200), but actually found 422
GROUP	Failed to build request PURCHASE A TRIP FOR QUOTED PRICE.: No attribute named 'priceRequestId' is defined 	1501480938840
REQUEST	PURCHASE TRIP FROM FREEBIRD.	31		QUOTE PRICE FOR OUTBOUND TRIP WITH ONE SLICE TWO SEGMENTS ONE LEG.	1501480937870	1501480938841	KO	status.find.is(200), but actually found 422
GROUP	Failed to build request PURCHASE A TRIP FOR QUOTED PRICE.: No attribute named 'priceRequestId' is defined 	1501480938844
REQUEST	PURCHASE TRIP FROM FREEBIRD.	37		QUOTE PRICE FOR OUTBOUND TRIP WITH ONE SLICE TWO SEGMENTS ONE LEG.	1501480937878	1501480938849	KO	status.find.is(200), but actually found 422
REQUEST	PURCHASE TRIP FROM FREEBIRD.	30		QUOTE PRICE FOR OUTBOUND TRIP WITH ONE SLICE TWO SEGMENTS ONE LEG.	1501480937869	1501480938849	KO	status.find.is(200), but actually found 422
GROUP	Failed to build request PURCHASE A TRIP FOR QUOTED PRICE.: No attribute named 'priceRequestId' is defined 	1501480938854
GROUP	Failed to build request PURCHASE A TRIP FOR QUOTED PRICE.: No attribute named 'priceRequestId' is defined 	1501480938854
REQUEST	PURCHASE TRIP FROM FREEBIRD.	27		QUOTE PRICE FOR OUTBOUND TRIP WITH ONE SLICE TWO SEGMENTS ONE LEG.	1501480937862	1501480938856	KO	status.find.is(200), but actually found 422
GROUP	Failed to build request PURCHASE A TRIP FOR QUOTED PRICE.: No attribute named 'priceRequestId' is defined 	1501480938858
REQUEST	PURCHASE TRIP FROM FREEBIRD.	43		QUOTE PRICE FOR OUTBOUND TRIP WITH ONE SLICE TWO SEGMENTS ONE LEG.	1501480937884	1501480938890	KO	status.find.is(200), but actually found 422
GROUP	Failed to build request PURCHASE A TRIP FOR QUOTED PRICE.: No attribute named 'priceRequestId' is defined 	1501480938892
REQUEST	PURCHASE TRIP FROM FREEBIRD.	4		QUOTE PRICE FOR OUTBOUND TRIP WITH ONE SLICE TWO SEGMENTS ONE LEG.	1501480937817	1501480938890	KO	status.find.is(200), but actually found 422
GROUP	Failed to build request PURCHASE A TRIP FOR QUOTED PRICE.: No attribute named 'priceRequestId' is defined 	1501480938893
REQUEST	PURCHASE TRIP FROM FREEBIRD.	48		QUOTE PRICE FOR OUTBOUND TRIP WITH ONE SLICE TWO SEGMENTS ONE LEG.	1501480937888	1501480938894	KO	status.find.is(200), but actually found 422
GROUP	Failed to build request PURCHASE A TRIP FOR QUOTED PRICE.: No attribute named 'priceRequestId' is defined 	1501480938896
REQUEST	PURCHASE TRIP FROM FREEBIRD.	18		QUOTE PRICE FOR OUTBOUND TRIP WITH ONE SLICE TWO SEGMENTS ONE LEG.	1501480937844	1501480938895	KO	status.find.is(200), but actually found 422
GROUP	Failed to build request PURCHASE A TRIP FOR QUOTED PRICE.: No attribute named 'priceRequestId' is defined 	1501480938897
REQUEST	PURCHASE TRIP FROM FREEBIRD.	39		QUOTE PRICE FOR OUTBOUND TRIP WITH ONE SLICE TWO SEGMENTS ONE LEG.	1501480937880	1501480938894	KO	status.find.is(200), but actually found 422
GROUP	Failed to build request PURCHASE A TRIP FOR QUOTED PRICE.: No attribute named 'priceRequestId' is defined 	1501480938901
REQUEST	PURCHASE TRIP FROM FREEBIRD.	44		QUOTE PRICE FOR OUTBOUND TRIP WITH ONE SLICE TWO SEGMENTS ONE LEG.	1501480937885	1501480938917	KO	status.find.is(200), but actually found 422
GROUP	Failed to build request PURCHASE A TRIP FOR QUOTED PRICE.: No attribute named 'priceRequestId' is defined 	1501480938919
REQUEST	PURCHASE TRIP FROM FREEBIRD.	29		QUOTE PRICE FOR OUTBOUND TRIP WITH ONE SLICE TWO SEGMENTS ONE LEG.	1501480937867	1501480938918	KO	status.find.is(200), but actually found 422
GROUP	Failed to build request PURCHASE A TRIP FOR QUOTED PRICE.: No attribute named 'priceRequestId' is defined 	1501480938920
REQUEST	PURCHASE TRIP FROM FREEBIRD.	50		QUOTE PRICE FOR OUTBOUND TRIP WITH ONE SLICE TWO SEGMENTS ONE LEG.	1501480937890	1501480938919	KO	status.find.is(200), but actually found 422
GROUP	Failed to build request PURCHASE A TRIP FOR QUOTED PRICE.: No attribute named 'priceRequestId' is defined 	1501480938921
REQUEST	PURCHASE TRIP FROM FREEBIRD.	40		QUOTE PRICE FOR OUTBOUND TRIP WITH ONE SLICE TWO SEGMENTS ONE LEG.	1501480937881	1501480938923	KO	status.find.is(200), but actually found 422
GROUP	Failed to build request PURCHASE A TRIP FOR QUOTED PRICE.: No attribute named 'priceRequestId' is defined 	1501480938925
REQUEST	PURCHASE TRIP FROM FREEBIRD.	25		QUOTE PRICE FOR OUTBOUND TRIP WITH ONE SLICE TWO SEGMENTS ONE LEG.	1501480937860	1501480938937	KO	status.find.is(200), but actually found 422
GROUP	Failed to build request PURCHASE A TRIP FOR QUOTED PRICE.: No attribute named 'priceRequestId' is defined 	1501480938940
REQUEST	PURCHASE TRIP FROM FREEBIRD.	35		QUOTE PRICE FOR OUTBOUND TRIP WITH ONE SLICE TWO SEGMENTS ONE LEG.	1501480937875	1501480938960	KO	status.find.is(200), but actually found 422
GROUP	Failed to build request PURCHASE A TRIP FOR QUOTED PRICE.: No attribute named 'priceRequestId' is defined 	1501480938962
REQUEST	PURCHASE TRIP FROM FREEBIRD.	47		QUOTE PRICE FOR OUTBOUND TRIP WITH ONE SLICE TWO SEGMENTS ONE LEG.	1501480937887	1501480938976	KO	status.find.is(200), but actually found 422
GROUP	Failed to build request PURCHASE A TRIP FOR QUOTED PRICE.: No attribute named 'priceRequestId' is defined 	1501480938978
REQUEST	PURCHASE TRIP FROM FREEBIRD.	46		QUOTE PRICE FOR OUTBOUND TRIP WITH ONE SLICE TWO SEGMENTS ONE LEG.	1501480937887	1501480938981	KO	status.find.is(200), but actually found 422
GROUP	Failed to build request PURCHASE A TRIP FOR QUOTED PRICE.: No attribute named 'priceRequestId' is defined 	1501480938984
REQUEST	PURCHASE TRIP FROM FREEBIRD.	41		QUOTE PRICE FOR OUTBOUND TRIP WITH ONE SLICE TWO SEGMENTS ONE LEG.	1501480937882	1501480938990	KO	status.find.is(200), but actually found 422
REQUEST	PURCHASE TRIP FROM FREEBIRD.	45		QUOTE PRICE FOR OUTBOUND TRIP WITH ONE SLICE TWO SEGMENTS ONE LEG.	1501480937886	1501480938990	KO	status.find.is(200), but actually found 422
GROUP	Failed to build request PURCHASE A TRIP FOR QUOTED PRICE.: No attribute named 'priceRequestId' is defined 	1501480938991
GROUP	Failed to build request PURCHASE A TRIP FOR QUOTED PRICE.: No attribute named 'priceRequestId' is defined 	1501480938991
REQUEST	PURCHASE TRIP FROM FREEBIRD.	23		QUOTE PRICE FOR OUTBOUND TRIP WITH ONE SLICE TWO SEGMENTS ONE LEG.	1501480937857	1501480938990	KO	status.find.is(200), but actually found 422
GROUP	Failed to build request PURCHASE A TRIP FOR QUOTED PRICE.: No attribute named 'priceRequestId' is defined 	1501480938992
REQUEST	PURCHASE TRIP FROM FREEBIRD.	34		QUOTE PRICE FOR OUTBOUND TRIP WITH ONE SLICE TWO SEGMENTS ONE LEG.	1501480937874	1501480938991	KO	status.find.is(200), but actually found 422
GROUP	Failed to build request PURCHASE A TRIP FOR QUOTED PRICE.: No attribute named 'priceRequestId' is defined 	1501480938993
REQUEST	PURCHASE TRIP FROM FREEBIRD.	49		QUOTE PRICE FOR OUTBOUND TRIP WITH ONE SLICE TWO SEGMENTS ONE LEG.	1501480937889	1501480938997	KO	status.find.is(200), but actually found 422
REQUEST	PURCHASE TRIP FROM FREEBIRD.	42		QUOTE PRICE FOR OUTBOUND TRIP WITH ONE SLICE TWO SEGMENTS ONE LEG.	1501480937883	1501480938996	KO	status.find.is(200), but actually found 422
GROUP	Failed to build request PURCHASE A TRIP FOR QUOTED PRICE.: No attribute named 'priceRequestId' is defined 	1501480938999
GROUP	Failed to build request PURCHASE A TRIP FOR QUOTED PRICE.: No attribute named 'priceRequestId' is defined 	1501480939000
GROUP	Failed to build request FETCH TRIP INFO OF MY PURCHASED TRIP.: No attribute named 'tripId' is defined 	1501480940541
GROUP	Failed to build request FETCH TRIP INFO OF MY PURCHASED TRIP.: No attribute named 'tripId' is defined 	1501480940549
GROUP	Failed to build request FETCH TRIP INFO OF MY PURCHASED TRIP.: No attribute named 'tripId' is defined 	1501480940549
GROUP	Failed to build request FETCH TRIP INFO OF MY PURCHASED TRIP.: No attribute named 'tripId' is defined 	1501480940559
GROUP	Failed to build request FETCH TRIP INFO OF MY PURCHASED TRIP.: No attribute named 'tripId' is defined 	1501480940598
GROUP	Failed to build request FETCH TRIP INFO OF MY PURCHASED TRIP.: No attribute named 'tripId' is defined 	1501480940598
GROUP	Failed to build request FETCH TRIP INFO OF MY PURCHASED TRIP.: No attribute named 'tripId' is defined 	1501480940619
GROUP	Failed to build request FETCH TRIP INFO OF MY PURCHASED TRIP.: No attribute named 'tripId' is defined 	1501480940679
GROUP	Failed to build request FETCH TRIP INFO OF MY PURCHASED TRIP.: No attribute named 'tripId' is defined 	1501480940689
GROUP	Failed to build request FETCH TRIP INFO OF MY PURCHASED TRIP.: No attribute named 'tripId' is defined 	1501480940689
GROUP	Failed to build request FETCH TRIP INFO OF MY PURCHASED TRIP.: No attribute named 'tripId' is defined 	1501480940689
GROUP	Failed to build request FETCH TRIP INFO OF MY PURCHASED TRIP.: No attribute named 'tripId' is defined 	1501480940698
GROUP	Failed to build request FETCH TRIP INFO OF MY PURCHASED TRIP.: No attribute named 'tripId' is defined 	1501480940698
GROUP	Failed to build request FETCH TRIP INFO OF MY PURCHASED TRIP.: No attribute named 'tripId' is defined 	1501480940718
GROUP	Failed to build request FETCH TRIP INFO OF MY PURCHASED TRIP.: No attribute named 'tripId' is defined 	1501480940729
GROUP	Failed to build request FETCH TRIP INFO OF MY PURCHASED TRIP.: No attribute named 'tripId' is defined 	1501480940739
GROUP	Failed to build request FETCH TRIP INFO OF MY PURCHASED TRIP.: No attribute named 'tripId' is defined 	1501480940739
GROUP	Failed to build request FETCH TRIP INFO OF MY PURCHASED TRIP.: No attribute named 'tripId' is defined 	1501480940749
GROUP	Failed to build request FETCH TRIP INFO OF MY PURCHASED TRIP.: No attribute named 'tripId' is defined 	1501480940759
GROUP	Failed to build request FETCH TRIP INFO OF MY PURCHASED TRIP.: No attribute named 'tripId' is defined 	1501480940769
GROUP	Failed to build request FETCH TRIP INFO OF MY PURCHASED TRIP.: No attribute named 'tripId' is defined 	1501480940829
GROUP	Failed to build request FETCH TRIP INFO OF MY PURCHASED TRIP.: No attribute named 'tripId' is defined 	1501480940839
GROUP	Failed to build request FETCH TRIP INFO OF MY PURCHASED TRIP.: No attribute named 'tripId' is defined 	1501480940849
GROUP	Failed to build request FETCH TRIP INFO OF MY PURCHASED TRIP.: No attribute named 'tripId' is defined 	1501480940849
GROUP	Failed to build request FETCH TRIP INFO OF MY PURCHASED TRIP.: No attribute named 'tripId' is defined 	1501480940849
GROUP	Failed to build request FETCH TRIP INFO OF MY PURCHASED TRIP.: No attribute named 'tripId' is defined 	1501480940849
GROUP	Failed to build request FETCH TRIP INFO OF MY PURCHASED TRIP.: No attribute named 'tripId' is defined 	1501480940859
GROUP	Failed to build request FETCH TRIP INFO OF MY PURCHASED TRIP.: No attribute named 'tripId' is defined 	1501480940859
GROUP	Failed to build request FETCH TRIP INFO OF MY PURCHASED TRIP.: No attribute named 'tripId' is defined 	1501480940869
GROUP	Failed to build request FETCH TRIP INFO OF MY PURCHASED TRIP.: No attribute named 'tripId' is defined 	1501480940869
GROUP	Failed to build request FETCH TRIP INFO OF MY PURCHASED TRIP.: No attribute named 'tripId' is defined 	1501480940869
GROUP	Failed to build request FETCH TRIP INFO OF MY PURCHASED TRIP.: No attribute named 'tripId' is defined 	1501480940909
GROUP	Failed to build request FETCH TRIP INFO OF MY PURCHASED TRIP.: No attribute named 'tripId' is defined 	1501480940909
GROUP	Failed to build request FETCH TRIP INFO OF MY PURCHASED TRIP.: No attribute named 'tripId' is defined 	1501480940909
GROUP	Failed to build request FETCH TRIP INFO OF MY PURCHASED TRIP.: No attribute named 'tripId' is defined 	1501480940910
GROUP	Failed to build request FETCH TRIP INFO OF MY PURCHASED TRIP.: No attribute named 'tripId' is defined 	1501480940919
GROUP	Failed to build request FETCH TRIP INFO OF MY PURCHASED TRIP.: No attribute named 'tripId' is defined 	1501480940939
GROUP	Failed to build request FETCH TRIP INFO OF MY PURCHASED TRIP.: No attribute named 'tripId' is defined 	1501480940939
GROUP	Failed to build request FETCH TRIP INFO OF MY PURCHASED TRIP.: No attribute named 'tripId' is defined 	1501480940939
GROUP	Failed to build request FETCH TRIP INFO OF MY PURCHASED TRIP.: No attribute named 'tripId' is defined 	1501480940940
GROUP	Failed to build request FETCH TRIP INFO OF MY PURCHASED TRIP.: No attribute named 'tripId' is defined 	1501480940959
GROUP	Failed to build request FETCH TRIP INFO OF MY PURCHASED TRIP.: No attribute named 'tripId' is defined 	1501480940978
GROUP	Failed to build request FETCH TRIP INFO OF MY PURCHASED TRIP.: No attribute named 'tripId' is defined 	1501480940989
GROUP	Failed to build request FETCH TRIP INFO OF MY PURCHASED TRIP.: No attribute named 'tripId' is defined 	1501480940999
GROUP	Failed to build request FETCH TRIP INFO OF MY PURCHASED TRIP.: No attribute named 'tripId' is defined 	1501480941009
GROUP	Failed to build request FETCH TRIP INFO OF MY PURCHASED TRIP.: No attribute named 'tripId' is defined 	1501480941009
GROUP	Failed to build request FETCH TRIP INFO OF MY PURCHASED TRIP.: No attribute named 'tripId' is defined 	1501480941009
GROUP	Failed to build request FETCH TRIP INFO OF MY PURCHASED TRIP.: No attribute named 'tripId' is defined 	1501480941009
GROUP	Failed to build request FETCH TRIP INFO OF MY PURCHASED TRIP.: No attribute named 'tripId' is defined 	1501480941019
GROUP	Failed to build request FETCH TRIP INFO OF MY PURCHASED TRIP.: No attribute named 'tripId' is defined 	1501480941019
GROUP	Failed to build request DISRUPT PURCHASED TRIP.: No attribute named 'legId' is defined 	1501480945529
GROUP	Failed to build request DISRUPT PURCHASED TRIP.: No attribute named 'legId' is defined 	1501480945529
GROUP	Failed to build request DISRUPT PURCHASED TRIP.: No attribute named 'legId' is defined 	1501480945539
GROUP	Failed to build request DISRUPT PURCHASED TRIP.: No attribute named 'legId' is defined 	1501480945568
GROUP	Failed to build request DISRUPT PURCHASED TRIP.: No attribute named 'legId' is defined 	1501480945599
GROUP	Failed to build request DISRUPT PURCHASED TRIP.: No attribute named 'legId' is defined 	1501480945599
GROUP	Failed to build request DISRUPT PURCHASED TRIP.: No attribute named 'legId' is defined 	1501480945609
GROUP	Failed to build request DISRUPT PURCHASED TRIP.: No attribute named 'legId' is defined 	1501480945689
GROUP	Failed to build request DISRUPT PURCHASED TRIP.: No attribute named 'legId' is defined 	1501480945689
GROUP	Failed to build request DISRUPT PURCHASED TRIP.: No attribute named 'legId' is defined 	1501480945699
GROUP	Failed to build request DISRUPT PURCHASED TRIP.: No attribute named 'legId' is defined 	1501480945699
GROUP	Failed to build request DISRUPT PURCHASED TRIP.: No attribute named 'legId' is defined 	1501480945699
GROUP	Failed to build request DISRUPT PURCHASED TRIP.: No attribute named 'legId' is defined 	1501480945699
GROUP	Failed to build request DISRUPT PURCHASED TRIP.: No attribute named 'legId' is defined 	1501480945728
GROUP	Failed to build request DISRUPT PURCHASED TRIP.: No attribute named 'legId' is defined 	1501480945728
GROUP	Failed to build request DISRUPT PURCHASED TRIP.: No attribute named 'legId' is defined 	1501480945738
GROUP	Failed to build request DISRUPT PURCHASED TRIP.: No attribute named 'legId' is defined 	1501480945738
GROUP	Failed to build request DISRUPT PURCHASED TRIP.: No attribute named 'legId' is defined 	1501480945749
GROUP	Failed to build request DISRUPT PURCHASED TRIP.: No attribute named 'legId' is defined 	1501480945759
GROUP	Failed to build request DISRUPT PURCHASED TRIP.: No attribute named 'legId' is defined 	1501480945779
GROUP	Failed to build request DISRUPT PURCHASED TRIP.: No attribute named 'legId' is defined 	1501480945838
GROUP	Failed to build request DISRUPT PURCHASED TRIP.: No attribute named 'legId' is defined 	1501480945849
GROUP	Failed to build request DISRUPT PURCHASED TRIP.: No attribute named 'legId' is defined 	1501480945859
GROUP	Failed to build request DISRUPT PURCHASED TRIP.: No attribute named 'legId' is defined 	1501480945859
GROUP	Failed to build request DISRUPT PURCHASED TRIP.: No attribute named 'legId' is defined 	1501480945859
GROUP	Failed to build request DISRUPT PURCHASED TRIP.: No attribute named 'legId' is defined 	1501480945859
GROUP	Failed to build request DISRUPT PURCHASED TRIP.: No attribute named 'legId' is defined 	1501480945860
GROUP	Failed to build request DISRUPT PURCHASED TRIP.: No attribute named 'legId' is defined 	1501480945869
GROUP	Failed to build request DISRUPT PURCHASED TRIP.: No attribute named 'legId' is defined 	1501480945869
GROUP	Failed to build request DISRUPT PURCHASED TRIP.: No attribute named 'legId' is defined 	1501480945879
GROUP	Failed to build request DISRUPT PURCHASED TRIP.: No attribute named 'legId' is defined 	1501480945879
GROUP	Failed to build request DISRUPT PURCHASED TRIP.: No attribute named 'legId' is defined 	1501480945919
GROUP	Failed to build request DISRUPT PURCHASED TRIP.: No attribute named 'legId' is defined 	1501480945919
GROUP	Failed to build request DISRUPT PURCHASED TRIP.: No attribute named 'legId' is defined 	1501480945919
GROUP	Failed to build request DISRUPT PURCHASED TRIP.: No attribute named 'legId' is defined 	1501480945919
GROUP	Failed to build request DISRUPT PURCHASED TRIP.: No attribute named 'legId' is defined 	1501480945919
GROUP	Failed to build request DISRUPT PURCHASED TRIP.: No attribute named 'legId' is defined 	1501480945939
GROUP	Failed to build request DISRUPT PURCHASED TRIP.: No attribute named 'legId' is defined 	1501480945939
GROUP	Failed to build request DISRUPT PURCHASED TRIP.: No attribute named 'legId' is defined 	1501480945949
GROUP	Failed to build request DISRUPT PURCHASED TRIP.: No attribute named 'legId' is defined 	1501480945949
GROUP	Failed to build request DISRUPT PURCHASED TRIP.: No attribute named 'legId' is defined 	1501480945959
GROUP	Failed to build request DISRUPT PURCHASED TRIP.: No attribute named 'legId' is defined 	1501480945989
GROUP	Failed to build request DISRUPT PURCHASED TRIP.: No attribute named 'legId' is defined 	1501480945998
GROUP	Failed to build request DISRUPT PURCHASED TRIP.: No attribute named 'legId' is defined 	1501480946008
GROUP	Failed to build request DISRUPT PURCHASED TRIP.: No attribute named 'legId' is defined 	1501480946019
GROUP	Failed to build request DISRUPT PURCHASED TRIP.: No attribute named 'legId' is defined 	1501480946019
GROUP	Failed to build request DISRUPT PURCHASED TRIP.: No attribute named 'legId' is defined 	1501480946019
GROUP	Failed to build request DISRUPT PURCHASED TRIP.: No attribute named 'legId' is defined 	1501480946019
GROUP	Failed to build request DISRUPT PURCHASED TRIP.: No attribute named 'legId' is defined 	1501480946019
GROUP	Failed to build request DISRUPT PURCHASED TRIP.: No attribute named 'legId' is defined 	1501480946029
GROUP	Failed to build request FETCH REBOOKING OPPORTUNITY FROM FREEBIRD.: No attribute named 'tripId' is defined 	1501481000529
GROUP	Failed to build request FETCH REBOOKING OPPORTUNITY FROM FREEBIRD.: No attribute named 'tripId' is defined 	1501481000529
GROUP	Failed to build request FETCH REBOOKING OPPORTUNITY FROM FREEBIRD.: No attribute named 'tripId' is defined 	1501481000539
GROUP	Failed to build request FETCH REBOOKING OPPORTUNITY FROM FREEBIRD.: No attribute named 'tripId' is defined 	1501481000568
GROUP	Failed to build request FETCH REBOOKING OPPORTUNITY FROM FREEBIRD.: No attribute named 'tripId' is defined 	1501481000599
GROUP	Failed to build request FETCH REBOOKING OPPORTUNITY FROM FREEBIRD.: No attribute named 'tripId' is defined 	1501481000599
GROUP	Failed to build request FETCH REBOOKING OPPORTUNITY FROM FREEBIRD.: No attribute named 'tripId' is defined 	1501481000619
GROUP	Failed to build request FETCH REBOOKING OPPORTUNITY FROM FREEBIRD.: No attribute named 'tripId' is defined 	1501481000689
GROUP	Failed to build request FETCH REBOOKING OPPORTUNITY FROM FREEBIRD.: No attribute named 'tripId' is defined 	1501481000699
GROUP	Failed to build request FETCH REBOOKING OPPORTUNITY FROM FREEBIRD.: No attribute named 'tripId' is defined 	1501481000699
GROUP	Failed to build request FETCH REBOOKING OPPORTUNITY FROM FREEBIRD.: No attribute named 'tripId' is defined 	1501481000699
GROUP	Failed to build request FETCH REBOOKING OPPORTUNITY FROM FREEBIRD.: No attribute named 'tripId' is defined 	1501481000699
GROUP	Failed to build request FETCH REBOOKING OPPORTUNITY FROM FREEBIRD.: No attribute named 'tripId' is defined 	1501481000709
GROUP	Failed to build request FETCH REBOOKING OPPORTUNITY FROM FREEBIRD.: No attribute named 'tripId' is defined 	1501481000729
GROUP	Failed to build request FETCH REBOOKING OPPORTUNITY FROM FREEBIRD.: No attribute named 'tripId' is defined 	1501481000729
GROUP	Failed to build request FETCH REBOOKING OPPORTUNITY FROM FREEBIRD.: No attribute named 'tripId' is defined 	1501481000738
GROUP	Failed to build request FETCH REBOOKING OPPORTUNITY FROM FREEBIRD.: No attribute named 'tripId' is defined 	1501481000748
GROUP	Failed to build request FETCH REBOOKING OPPORTUNITY FROM FREEBIRD.: No attribute named 'tripId' is defined 	1501481000758
GROUP	Failed to build request FETCH REBOOKING OPPORTUNITY FROM FREEBIRD.: No attribute named 'tripId' is defined 	1501481000769
GROUP	Failed to build request FETCH REBOOKING OPPORTUNITY FROM FREEBIRD.: No attribute named 'tripId' is defined 	1501481000779
GROUP	Failed to build request FETCH REBOOKING OPPORTUNITY FROM FREEBIRD.: No attribute named 'tripId' is defined 	1501481000838
GROUP	Failed to build request FETCH REBOOKING OPPORTUNITY FROM FREEBIRD.: No attribute named 'tripId' is defined 	1501481000848
GROUP	Failed to build request FETCH REBOOKING OPPORTUNITY FROM FREEBIRD.: No attribute named 'tripId' is defined 	1501481000859
GROUP	Failed to build request FETCH REBOOKING OPPORTUNITY FROM FREEBIRD.: No attribute named 'tripId' is defined 	1501481000859
GROUP	Failed to build request FETCH REBOOKING OPPORTUNITY FROM FREEBIRD.: No attribute named 'tripId' is defined 	1501481000859
GROUP	Failed to build request FETCH REBOOKING OPPORTUNITY FROM FREEBIRD.: No attribute named 'tripId' is defined 	1501481000859
GROUP	Failed to build request FETCH REBOOKING OPPORTUNITY FROM FREEBIRD.: No attribute named 'tripId' is defined 	1501481000869
GROUP	Failed to build request FETCH REBOOKING OPPORTUNITY FROM FREEBIRD.: No attribute named 'tripId' is defined 	1501481000869
GROUP	Failed to build request FETCH REBOOKING OPPORTUNITY FROM FREEBIRD.: No attribute named 'tripId' is defined 	1501481000869
GROUP	Failed to build request FETCH REBOOKING OPPORTUNITY FROM FREEBIRD.: No attribute named 'tripId' is defined 	1501481000879
GROUP	Failed to build request FETCH REBOOKING OPPORTUNITY FROM FREEBIRD.: No attribute named 'tripId' is defined 	1501481000879
GROUP	Failed to build request FETCH REBOOKING OPPORTUNITY FROM FREEBIRD.: No attribute named 'tripId' is defined 	1501481000918
GROUP	Failed to build request FETCH REBOOKING OPPORTUNITY FROM FREEBIRD.: No attribute named 'tripId' is defined 	1501481000918
GROUP	Failed to build request FETCH REBOOKING OPPORTUNITY FROM FREEBIRD.: No attribute named 'tripId' is defined 	1501481000918
GROUP	Failed to build request FETCH REBOOKING OPPORTUNITY FROM FREEBIRD.: No attribute named 'tripId' is defined 	1501481000918
GROUP	Failed to build request FETCH REBOOKING OPPORTUNITY FROM FREEBIRD.: No attribute named 'tripId' is defined 	1501481000919
GROUP	Failed to build request FETCH REBOOKING OPPORTUNITY FROM FREEBIRD.: No attribute named 'tripId' is defined 	1501481000939
GROUP	Failed to build request FETCH REBOOKING OPPORTUNITY FROM FREEBIRD.: No attribute named 'tripId' is defined 	1501481000949
GROUP	Failed to build request FETCH REBOOKING OPPORTUNITY FROM FREEBIRD.: No attribute named 'tripId' is defined 	1501481000949
GROUP	Failed to build request FETCH REBOOKING OPPORTUNITY FROM FREEBIRD.: No attribute named 'tripId' is defined 	1501481000949
GROUP	Failed to build request FETCH REBOOKING OPPORTUNITY FROM FREEBIRD.: No attribute named 'tripId' is defined 	1501481000969
GROUP	Failed to build request FETCH REBOOKING OPPORTUNITY FROM FREEBIRD.: No attribute named 'tripId' is defined 	1501481000988
GROUP	Failed to build request FETCH REBOOKING OPPORTUNITY FROM FREEBIRD.: No attribute named 'tripId' is defined 	1501481001008
GROUP	Failed to build request FETCH REBOOKING OPPORTUNITY FROM FREEBIRD.: No attribute named 'tripId' is defined 	1501481001008
GROUP	Failed to build request FETCH REBOOKING OPPORTUNITY FROM FREEBIRD.: No attribute named 'tripId' is defined 	1501481001019
GROUP	Failed to build request FETCH REBOOKING OPPORTUNITY FROM FREEBIRD.: No attribute named 'tripId' is defined 	1501481001019
GROUP	Failed to build request FETCH REBOOKING OPPORTUNITY FROM FREEBIRD.: No attribute named 'tripId' is defined 	1501481001019
GROUP	Failed to build request FETCH REBOOKING OPPORTUNITY FROM FREEBIRD.: No attribute named 'tripId' is defined 	1501481001019
GROUP	Failed to build request FETCH REBOOKING OPPORTUNITY FROM FREEBIRD.: No attribute named 'tripId' is defined 	1501481001019
GROUP	Failed to build request FETCH REBOOKING OPPORTUNITY FROM FREEBIRD.: No attribute named 'tripId' is defined 	1501481001029
GROUP	Failed to build request FETCH REBOOKING OPPORTUNITY FROM FREEBIRD.: No attribute named 'tripId' is defined 	1501481050528
GROUP	Failed to build request FETCH REBOOKING OPPORTUNITY FROM FREEBIRD.: No attribute named 'tripId' is defined 	1501481050528
GROUP	Failed to build request FETCH REBOOKING OPPORTUNITY FROM FREEBIRD.: No attribute named 'tripId' is defined 	1501481050538
GROUP	Failed to build request FETCH REBOOKING OPPORTUNITY FROM FREEBIRD.: No attribute named 'tripId' is defined 	1501481050569
GROUP	Failed to build request FETCH REBOOKING OPPORTUNITY FROM FREEBIRD.: No attribute named 'tripId' is defined 	1501481050599
GROUP	Failed to build request FETCH REBOOKING OPPORTUNITY FROM FREEBIRD.: No attribute named 'tripId' is defined 	1501481050599
GROUP	Failed to build request FETCH REBOOKING OPPORTUNITY FROM FREEBIRD.: No attribute named 'tripId' is defined 	1501481050608
GROUP	Failed to build request FETCH REBOOKING OPPORTUNITY FROM FREEBIRD.: No attribute named 'tripId' is defined 	1501481050689
GROUP	Failed to build request FETCH REBOOKING OPPORTUNITY FROM FREEBIRD.: No attribute named 'tripId' is defined 	1501481050698
GROUP	Failed to build request FETCH REBOOKING OPPORTUNITY FROM FREEBIRD.: No attribute named 'tripId' is defined 	1501481050698
GROUP	Failed to build request FETCH REBOOKING OPPORTUNITY FROM FREEBIRD.: No attribute named 'tripId' is defined 	1501481050698
GROUP	Failed to build request FETCH REBOOKING OPPORTUNITY FROM FREEBIRD.: No attribute named 'tripId' is defined 	1501481050698
GROUP	Failed to build request FETCH REBOOKING OPPORTUNITY FROM FREEBIRD.: No attribute named 'tripId' is defined 	1501481050698
GROUP	Failed to build request FETCH REBOOKING OPPORTUNITY FROM FREEBIRD.: No attribute named 'tripId' is defined 	1501481050728
GROUP	Failed to build request FETCH REBOOKING OPPORTUNITY FROM FREEBIRD.: No attribute named 'tripId' is defined 	1501481050728
GROUP	Failed to build request FETCH REBOOKING OPPORTUNITY FROM FREEBIRD.: No attribute named 'tripId' is defined 	1501481050749
GROUP	Failed to build request FETCH REBOOKING OPPORTUNITY FROM FREEBIRD.: No attribute named 'tripId' is defined 	1501481050749
GROUP	Failed to build request FETCH REBOOKING OPPORTUNITY FROM FREEBIRD.: No attribute named 'tripId' is defined 	1501481050759
GROUP	Failed to build request FETCH REBOOKING OPPORTUNITY FROM FREEBIRD.: No attribute named 'tripId' is defined 	1501481050769
GROUP	Failed to build request FETCH REBOOKING OPPORTUNITY FROM FREEBIRD.: No attribute named 'tripId' is defined 	1501481050779
GROUP	Failed to build request FETCH REBOOKING OPPORTUNITY FROM FREEBIRD.: No attribute named 'tripId' is defined 	1501481050839
GROUP	Failed to build request FETCH REBOOKING OPPORTUNITY FROM FREEBIRD.: No attribute named 'tripId' is defined 	1501481050849
GROUP	Failed to build request FETCH REBOOKING OPPORTUNITY FROM FREEBIRD.: No attribute named 'tripId' is defined 	1501481050859
GROUP	Failed to build request FETCH REBOOKING OPPORTUNITY FROM FREEBIRD.: No attribute named 'tripId' is defined 	1501481050859
GROUP	Failed to build request FETCH REBOOKING OPPORTUNITY FROM FREEBIRD.: No attribute named 'tripId' is defined 	1501481050859
GROUP	Failed to build request FETCH REBOOKING OPPORTUNITY FROM FREEBIRD.: No attribute named 'tripId' is defined 	1501481050859
GROUP	Failed to build request FETCH REBOOKING OPPORTUNITY FROM FREEBIRD.: No attribute named 'tripId' is defined 	1501481050859
GROUP	Failed to build request FETCH REBOOKING OPPORTUNITY FROM FREEBIRD.: No attribute named 'tripId' is defined 	1501481050869
GROUP	Failed to build request FETCH REBOOKING OPPORTUNITY FROM FREEBIRD.: No attribute named 'tripId' is defined 	1501481050878
GROUP	Failed to build request FETCH REBOOKING OPPORTUNITY FROM FREEBIRD.: No attribute named 'tripId' is defined 	1501481050878
GROUP	Failed to build request FETCH REBOOKING OPPORTUNITY FROM FREEBIRD.: No attribute named 'tripId' is defined 	1501481050878
GROUP	Failed to build request FETCH REBOOKING OPPORTUNITY FROM FREEBIRD.: No attribute named 'tripId' is defined 	1501481050919
GROUP	Failed to build request FETCH REBOOKING OPPORTUNITY FROM FREEBIRD.: No attribute named 'tripId' is defined 	1501481050919
GROUP	Failed to build request FETCH REBOOKING OPPORTUNITY FROM FREEBIRD.: No attribute named 'tripId' is defined 	1501481050919
GROUP	Failed to build request FETCH REBOOKING OPPORTUNITY FROM FREEBIRD.: No attribute named 'tripId' is defined 	1501481050919
GROUP	Failed to build request FETCH REBOOKING OPPORTUNITY FROM FREEBIRD.: No attribute named 'tripId' is defined 	1501481050929
GROUP	Failed to build request FETCH REBOOKING OPPORTUNITY FROM FREEBIRD.: No attribute named 'tripId' is defined 	1501481050939
GROUP	Failed to build request FETCH REBOOKING OPPORTUNITY FROM FREEBIRD.: No attribute named 'tripId' is defined 	1501481050949
GROUP	Failed to build request FETCH REBOOKING OPPORTUNITY FROM FREEBIRD.: No attribute named 'tripId' is defined 	1501481050949
GROUP	Failed to build request FETCH REBOOKING OPPORTUNITY FROM FREEBIRD.: No attribute named 'tripId' is defined 	1501481050949
GROUP	Failed to build request FETCH REBOOKING OPPORTUNITY FROM FREEBIRD.: No attribute named 'tripId' is defined 	1501481050968
GROUP	Failed to build request FETCH REBOOKING OPPORTUNITY FROM FREEBIRD.: No attribute named 'tripId' is defined 	1501481050989
GROUP	Failed to build request FETCH REBOOKING OPPORTUNITY FROM FREEBIRD.: No attribute named 'tripId' is defined 	1501481051009
GROUP	Failed to build request FETCH REBOOKING OPPORTUNITY FROM FREEBIRD.: No attribute named 'tripId' is defined 	1501481051009
GROUP	Failed to build request FETCH REBOOKING OPPORTUNITY FROM FREEBIRD.: No attribute named 'tripId' is defined 	1501481051019
GROUP	Failed to build request FETCH REBOOKING OPPORTUNITY FROM FREEBIRD.: No attribute named 'tripId' is defined 	1501481051019
GROUP	Failed to build request FETCH REBOOKING OPPORTUNITY FROM FREEBIRD.: No attribute named 'tripId' is defined 	1501481051019
GROUP	Failed to build request FETCH REBOOKING OPPORTUNITY FROM FREEBIRD.: No attribute named 'tripId' is defined 	1501481051019
GROUP	Failed to build request FETCH REBOOKING OPPORTUNITY FROM FREEBIRD.: No attribute named 'tripId' is defined 	1501481051029
GROUP	Failed to build request FETCH REBOOKING OPPORTUNITY FROM FREEBIRD.: No attribute named 'tripId' is defined 	1501481051029
GROUP	Failed to build request FETCH REBOOKING OPPORTUNITY FROM FREEBIRD.: No attribute named 'tripId' is defined 	1501481100539
GROUP	Failed to build request FETCH REBOOKING OPPORTUNITY FROM FREEBIRD.: No attribute named 'tripId' is defined 	1501481100539
GROUP	Failed to build request FETCH REBOOKING OPPORTUNITY FROM FREEBIRD.: No attribute named 'tripId' is defined 	1501481100539
GROUP	Failed to build request FETCH REBOOKING OPPORTUNITY FROM FREEBIRD.: No attribute named 'tripId' is defined 	1501481100568
GROUP	Failed to build request FETCH REBOOKING OPPORTUNITY FROM FREEBIRD.: No attribute named 'tripId' is defined 	1501481100599
GROUP	Failed to build request FETCH REBOOKING OPPORTUNITY FROM FREEBIRD.: No attribute named 'tripId' is defined 	1501481100599
GROUP	Failed to build request FETCH REBOOKING OPPORTUNITY FROM FREEBIRD.: No attribute named 'tripId' is defined 	1501481100619
GROUP	Failed to build request FETCH REBOOKING OPPORTUNITY FROM FREEBIRD.: No attribute named 'tripId' is defined 	1501481100689
GROUP	Failed to build request FETCH REBOOKING OPPORTUNITY FROM FREEBIRD.: No attribute named 'tripId' is defined 	1501481100699
GROUP	Failed to build request FETCH REBOOKING OPPORTUNITY FROM FREEBIRD.: No attribute named 'tripId' is defined 	1501481100699
GROUP	Failed to build request FETCH REBOOKING OPPORTUNITY FROM FREEBIRD.: No attribute named 'tripId' is defined 	1501481100699
GROUP	Failed to build request FETCH REBOOKING OPPORTUNITY FROM FREEBIRD.: No attribute named 'tripId' is defined 	1501481100699
GROUP	Failed to build request FETCH REBOOKING OPPORTUNITY FROM FREEBIRD.: No attribute named 'tripId' is defined 	1501481100709
GROUP	Failed to build request FETCH REBOOKING OPPORTUNITY FROM FREEBIRD.: No attribute named 'tripId' is defined 	1501481100728
GROUP	Failed to build request FETCH REBOOKING OPPORTUNITY FROM FREEBIRD.: No attribute named 'tripId' is defined 	1501481100728
GROUP	Failed to build request FETCH REBOOKING OPPORTUNITY FROM FREEBIRD.: No attribute named 'tripId' is defined 	1501481100748
GROUP	Failed to build request FETCH REBOOKING OPPORTUNITY FROM FREEBIRD.: No attribute named 'tripId' is defined 	1501481100748
GROUP	Failed to build request FETCH REBOOKING OPPORTUNITY FROM FREEBIRD.: No attribute named 'tripId' is defined 	1501481100758
GROUP	Failed to build request FETCH REBOOKING OPPORTUNITY FROM FREEBIRD.: No attribute named 'tripId' is defined 	1501481100769
GROUP	Failed to build request FETCH REBOOKING OPPORTUNITY FROM FREEBIRD.: No attribute named 'tripId' is defined 	1501481100779
GROUP	Failed to build request FETCH REBOOKING OPPORTUNITY FROM FREEBIRD.: No attribute named 'tripId' is defined 	1501481100838
GROUP	Failed to build request FETCH REBOOKING OPPORTUNITY FROM FREEBIRD.: No attribute named 'tripId' is defined 	1501481100849
GROUP	Failed to build request FETCH REBOOKING OPPORTUNITY FROM FREEBIRD.: No attribute named 'tripId' is defined 	1501481100859
GROUP	Failed to build request FETCH REBOOKING OPPORTUNITY FROM FREEBIRD.: No attribute named 'tripId' is defined 	1501481100859
GROUP	Failed to build request FETCH REBOOKING OPPORTUNITY FROM FREEBIRD.: No attribute named 'tripId' is defined 	1501481100859
GROUP	Failed to build request FETCH REBOOKING OPPORTUNITY FROM FREEBIRD.: No attribute named 'tripId' is defined 	1501481100859
GROUP	Failed to build request FETCH REBOOKING OPPORTUNITY FROM FREEBIRD.: No attribute named 'tripId' is defined 	1501481100859
GROUP	Failed to build request FETCH REBOOKING OPPORTUNITY FROM FREEBIRD.: No attribute named 'tripId' is defined 	1501481100869
GROUP	Failed to build request FETCH REBOOKING OPPORTUNITY FROM FREEBIRD.: No attribute named 'tripId' is defined 	1501481100879
GROUP	Failed to build request FETCH REBOOKING OPPORTUNITY FROM FREEBIRD.: No attribute named 'tripId' is defined 	1501481100879
GROUP	Failed to build request FETCH REBOOKING OPPORTUNITY FROM FREEBIRD.: No attribute named 'tripId' is defined 	1501481100879
GROUP	Failed to build request FETCH REBOOKING OPPORTUNITY FROM FREEBIRD.: No attribute named 'tripId' is defined 	1501481100918
GROUP	Failed to build request FETCH REBOOKING OPPORTUNITY FROM FREEBIRD.: No attribute named 'tripId' is defined 	1501481100918
GROUP	Failed to build request FETCH REBOOKING OPPORTUNITY FROM FREEBIRD.: No attribute named 'tripId' is defined 	1501481100918
GROUP	Failed to build request FETCH REBOOKING OPPORTUNITY FROM FREEBIRD.: No attribute named 'tripId' is defined 	1501481100918
GROUP	Failed to build request FETCH REBOOKING OPPORTUNITY FROM FREEBIRD.: No attribute named 'tripId' is defined 	1501481100929
GROUP	Failed to build request FETCH REBOOKING OPPORTUNITY FROM FREEBIRD.: No attribute named 'tripId' is defined 	1501481100939
GROUP	Failed to build request FETCH REBOOKING OPPORTUNITY FROM FREEBIRD.: No attribute named 'tripId' is defined 	1501481100949
GROUP	Failed to build request FETCH REBOOKING OPPORTUNITY FROM FREEBIRD.: No attribute named 'tripId' is defined 	1501481100949
GROUP	Failed to build request FETCH REBOOKING OPPORTUNITY FROM FREEBIRD.: No attribute named 'tripId' is defined 	1501481100949
GROUP	Failed to build request FETCH REBOOKING OPPORTUNITY FROM FREEBIRD.: No attribute named 'tripId' is defined 	1501481100969
GROUP	Failed to build request FETCH REBOOKING OPPORTUNITY FROM FREEBIRD.: No attribute named 'tripId' is defined 	1501481100988
GROUP	Failed to build request FETCH REBOOKING OPPORTUNITY FROM FREEBIRD.: No attribute named 'tripId' is defined 	1501481101009
GROUP	Failed to build request FETCH REBOOKING OPPORTUNITY FROM FREEBIRD.: No attribute named 'tripId' is defined 	1501481101009
GROUP	Failed to build request FETCH REBOOKING OPPORTUNITY FROM FREEBIRD.: No attribute named 'tripId' is defined 	1501481101019
GROUP	Failed to build request FETCH REBOOKING OPPORTUNITY FROM FREEBIRD.: No attribute named 'tripId' is defined 	1501481101019
GROUP	Failed to build request FETCH REBOOKING OPPORTUNITY FROM FREEBIRD.: No attribute named 'tripId' is defined 	1501481101019
GROUP	Failed to build request FETCH REBOOKING OPPORTUNITY FROM FREEBIRD.: No attribute named 'tripId' is defined 	1501481101019
GROUP	Failed to build request FETCH REBOOKING OPPORTUNITY FROM FREEBIRD.: No attribute named 'tripId' is defined 	1501481101029
GROUP	Failed to build request FETCH REBOOKING OPPORTUNITY FROM FREEBIRD.: No attribute named 'tripId' is defined 	1501481101029
GROUP	Failed to build request FETCH REBOOKING OPPORTUNITY FROM FREEBIRD.: No attribute named 'tripId' is defined 	1501481150539
GROUP	Failed to build request FETCH REBOOKING OPPORTUNITY FROM FREEBIRD.: No attribute named 'tripId' is defined 	1501481150539
GROUP	Failed to build request FETCH REBOOKING OPPORTUNITY FROM FREEBIRD.: No attribute named 'tripId' is defined 	1501481150540
GROUP	Failed to build request FETCH REBOOKING OPPORTUNITY FROM FREEBIRD.: No attribute named 'tripId' is defined 	1501481150569
GROUP	Failed to build request FETCH REBOOKING OPPORTUNITY FROM FREEBIRD.: No attribute named 'tripId' is defined 	1501481150598
GROUP	Failed to build request FETCH REBOOKING OPPORTUNITY FROM FREEBIRD.: No attribute named 'tripId' is defined 	1501481150598
GROUP	Failed to build request FETCH REBOOKING OPPORTUNITY FROM FREEBIRD.: No attribute named 'tripId' is defined 	1501481150608
GROUP	Failed to build request FETCH REBOOKING OPPORTUNITY FROM FREEBIRD.: No attribute named 'tripId' is defined 	1501481150688
GROUP	Failed to build request FETCH REBOOKING OPPORTUNITY FROM FREEBIRD.: No attribute named 'tripId' is defined 	1501481150698
GROUP	Failed to build request FETCH REBOOKING OPPORTUNITY FROM FREEBIRD.: No attribute named 'tripId' is defined 	1501481150698
GROUP	Failed to build request FETCH REBOOKING OPPORTUNITY FROM FREEBIRD.: No attribute named 'tripId' is defined 	1501481150698
GROUP	Failed to build request FETCH REBOOKING OPPORTUNITY FROM FREEBIRD.: No attribute named 'tripId' is defined 	1501481150698
GROUP	Failed to build request FETCH REBOOKING OPPORTUNITY FROM FREEBIRD.: No attribute named 'tripId' is defined 	1501481150708
GROUP	Failed to build request FETCH REBOOKING OPPORTUNITY FROM FREEBIRD.: No attribute named 'tripId' is defined 	1501481150728
GROUP	Failed to build request FETCH REBOOKING OPPORTUNITY FROM FREEBIRD.: No attribute named 'tripId' is defined 	1501481150728
GROUP	Failed to build request FETCH REBOOKING OPPORTUNITY FROM FREEBIRD.: No attribute named 'tripId' is defined 	1501481150749
GROUP	Failed to build request FETCH REBOOKING OPPORTUNITY FROM FREEBIRD.: No attribute named 'tripId' is defined 	1501481150749
GROUP	Failed to build request FETCH REBOOKING OPPORTUNITY FROM FREEBIRD.: No attribute named 'tripId' is defined 	1501481150759
GROUP	Failed to build request FETCH REBOOKING OPPORTUNITY FROM FREEBIRD.: No attribute named 'tripId' is defined 	1501481150769
GROUP	Failed to build request FETCH REBOOKING OPPORTUNITY FROM FREEBIRD.: No attribute named 'tripId' is defined 	1501481150779
GROUP	Failed to build request FETCH REBOOKING OPPORTUNITY FROM FREEBIRD.: No attribute named 'tripId' is defined 	1501481150839
GROUP	Failed to build request FETCH REBOOKING OPPORTUNITY FROM FREEBIRD.: No attribute named 'tripId' is defined 	1501481150849
GROUP	Failed to build request FETCH REBOOKING OPPORTUNITY FROM FREEBIRD.: No attribute named 'tripId' is defined 	1501481150859
GROUP	Failed to build request FETCH REBOOKING OPPORTUNITY FROM FREEBIRD.: No attribute named 'tripId' is defined 	1501481150859
GROUP	Failed to build request FETCH REBOOKING OPPORTUNITY FROM FREEBIRD.: No attribute named 'tripId' is defined 	1501481150859
GROUP	Failed to build request FETCH REBOOKING OPPORTUNITY FROM FREEBIRD.: No attribute named 'tripId' is defined 	1501481150859
GROUP	Failed to build request FETCH REBOOKING OPPORTUNITY FROM FREEBIRD.: No attribute named 'tripId' is defined 	1501481150859
GROUP	Failed to build request FETCH REBOOKING OPPORTUNITY FROM FREEBIRD.: No attribute named 'tripId' is defined 	1501481150869
GROUP	Failed to build request FETCH REBOOKING OPPORTUNITY FROM FREEBIRD.: No attribute named 'tripId' is defined 	1501481150878
GROUP	Failed to build request FETCH REBOOKING OPPORTUNITY FROM FREEBIRD.: No attribute named 'tripId' is defined 	1501481150878
GROUP	Failed to build request FETCH REBOOKING OPPORTUNITY FROM FREEBIRD.: No attribute named 'tripId' is defined 	1501481150879
GROUP	Failed to build request FETCH REBOOKING OPPORTUNITY FROM FREEBIRD.: No attribute named 'tripId' is defined 	1501481150919
GROUP	Failed to build request FETCH REBOOKING OPPORTUNITY FROM FREEBIRD.: No attribute named 'tripId' is defined 	1501481150919
GROUP	Failed to build request FETCH REBOOKING OPPORTUNITY FROM FREEBIRD.: No attribute named 'tripId' is defined 	1501481150919
GROUP	Failed to build request FETCH REBOOKING OPPORTUNITY FROM FREEBIRD.: No attribute named 'tripId' is defined 	1501481150919
GROUP	Failed to build request FETCH REBOOKING OPPORTUNITY FROM FREEBIRD.: No attribute named 'tripId' is defined 	1501481150929
GROUP	Failed to build request FETCH REBOOKING OPPORTUNITY FROM FREEBIRD.: No attribute named 'tripId' is defined 	1501481150939
GROUP	Failed to build request FETCH REBOOKING OPPORTUNITY FROM FREEBIRD.: No attribute named 'tripId' is defined 	1501481150949
GROUP	Failed to build request FETCH REBOOKING OPPORTUNITY FROM FREEBIRD.: No attribute named 'tripId' is defined 	1501481150949
GROUP	Failed to build request FETCH REBOOKING OPPORTUNITY FROM FREEBIRD.: No attribute named 'tripId' is defined 	1501481150949
GROUP	Failed to build request FETCH REBOOKING OPPORTUNITY FROM FREEBIRD.: No attribute named 'tripId' is defined 	1501481150968
GROUP	Failed to build request FETCH REBOOKING OPPORTUNITY FROM FREEBIRD.: No attribute named 'tripId' is defined 	1501481150988
GROUP	Failed to build request FETCH REBOOKING OPPORTUNITY FROM FREEBIRD.: No attribute named 'tripId' is defined 	1501481151009
GROUP	Failed to build request FETCH REBOOKING OPPORTUNITY FROM FREEBIRD.: No attribute named 'tripId' is defined 	1501481151009
GROUP	Failed to build request FETCH REBOOKING OPPORTUNITY FROM FREEBIRD.: No attribute named 'tripId' is defined 	1501481151019
GROUP	Failed to build request FETCH REBOOKING OPPORTUNITY FROM FREEBIRD.: No attribute named 'tripId' is defined 	1501481151019
GROUP	Failed to build request FETCH REBOOKING OPPORTUNITY FROM FREEBIRD.: No attribute named 'tripId' is defined 	1501481151019
GROUP	Failed to build request FETCH REBOOKING OPPORTUNITY FROM FREEBIRD.: No attribute named 'tripId' is defined 	1501481151019
GROUP	Failed to build request FETCH REBOOKING OPPORTUNITY FROM FREEBIRD.: No attribute named 'tripId' is defined 	1501481151029
GROUP	Failed to build request FETCH REBOOKING OPPORTUNITY FROM FREEBIRD.: No attribute named 'tripId' is defined 	1501481151029
GROUP	Failed to build request FETCH REBOOKING OPPORTUNITY FROM FREEBIRD.: No attribute named 'tripId' is defined 	1501481200538
GROUP	Failed to build request FETCH REBOOKING OPPORTUNITY FROM FREEBIRD.: No attribute named 'tripId' is defined 	1501481200538
GROUP	Failed to build request FETCH REBOOKING OPPORTUNITY FROM FREEBIRD.: No attribute named 'tripId' is defined 	1501481200538
USER	PURCHASE TRIP FROM FREEBIRD.	1	END	1501480937749	1501481200542
USER	PURCHASE TRIP FROM FREEBIRD.	6	END	1501480937819	1501481200542
USER	PURCHASE TRIP FROM FREEBIRD.	2	END	1501480937811	1501481200542
GROUP	Failed to build request FETCH REBOOKING OPPORTUNITY FROM FREEBIRD.: No attribute named 'tripId' is defined 	1501481200569
USER	PURCHASE TRIP FROM FREEBIRD.	11	END	1501480937827	1501481200569
GROUP	Failed to build request FETCH REBOOKING OPPORTUNITY FROM FREEBIRD.: No attribute named 'tripId' is defined 	1501481200599
GROUP	Failed to build request FETCH REBOOKING OPPORTUNITY FROM FREEBIRD.: No attribute named 'tripId' is defined 	1501481200599
USER	PURCHASE TRIP FROM FREEBIRD.	5	END	1501480937818	1501481200599
USER	PURCHASE TRIP FROM FREEBIRD.	8	END	1501480937822	1501481200600
GROUP	Failed to build request FETCH REBOOKING OPPORTUNITY FROM FREEBIRD.: No attribute named 'tripId' is defined 	1501481200618
USER	PURCHASE TRIP FROM FREEBIRD.	7	END	1501480937821	1501481200619
GROUP	Failed to build request FETCH REBOOKING OPPORTUNITY FROM FREEBIRD.: No attribute named 'tripId' is defined 	1501481200689
USER	PURCHASE TRIP FROM FREEBIRD.	20	END	1501480937849	1501481200689
GROUP	Failed to build request FETCH REBOOKING OPPORTUNITY FROM FREEBIRD.: No attribute named 'tripId' is defined 	1501481200699
GROUP	Failed to build request FETCH REBOOKING OPPORTUNITY FROM FREEBIRD.: No attribute named 'tripId' is defined 	1501481200699
USER	PURCHASE TRIP FROM FREEBIRD.	21	END	1501480937852	1501481200699
USER	PURCHASE TRIP FROM FREEBIRD.	26	END	1501480937861	1501481200699
GROUP	Failed to build request FETCH REBOOKING OPPORTUNITY FROM FREEBIRD.: No attribute named 'tripId' is defined 	1501481200700
USER	PURCHASE TRIP FROM FREEBIRD.	16	END	1501480937839	1501481200700
GROUP	Failed to build request FETCH REBOOKING OPPORTUNITY FROM FREEBIRD.: No attribute named 'tripId' is defined 	1501481200708
GROUP	Failed to build request FETCH REBOOKING OPPORTUNITY FROM FREEBIRD.: No attribute named 'tripId' is defined 	1501481200708
USER	PURCHASE TRIP FROM FREEBIRD.	17	END	1501480937840	1501481200709
USER	PURCHASE TRIP FROM FREEBIRD.	13	END	1501480937831	1501481200709
GROUP	Failed to build request FETCH REBOOKING OPPORTUNITY FROM FREEBIRD.: No attribute named 'tripId' is defined 	1501481200728
USER	PURCHASE TRIP FROM FREEBIRD.	12	END	1501480937828	1501481200729
GROUP	Failed to build request FETCH REBOOKING OPPORTUNITY FROM FREEBIRD.: No attribute named 'tripId' is defined 	1501481200738
USER	PURCHASE TRIP FROM FREEBIRD.	15	END	1501480937833	1501481200739
GROUP	Failed to build request FETCH REBOOKING OPPORTUNITY FROM FREEBIRD.: No attribute named 'tripId' is defined 	1501481200749
GROUP	Failed to build request FETCH REBOOKING OPPORTUNITY FROM FREEBIRD.: No attribute named 'tripId' is defined 	1501481200749
USER	PURCHASE TRIP FROM FREEBIRD.	9	END	1501480937824	1501481200749
USER	PURCHASE TRIP FROM FREEBIRD.	19	END	1501480937847	1501481200749
GROUP	Failed to build request FETCH REBOOKING OPPORTUNITY FROM FREEBIRD.: No attribute named 'tripId' is defined 	1501481200759
USER	PURCHASE TRIP FROM FREEBIRD.	22	END	1501480937855	1501481200759
GROUP	Failed to build request FETCH REBOOKING OPPORTUNITY FROM FREEBIRD.: No attribute named 'tripId' is defined 	1501481200769
USER	PURCHASE TRIP FROM FREEBIRD.	3	END	1501480937813	1501481200769
GROUP	Failed to build request FETCH REBOOKING OPPORTUNITY FROM FREEBIRD.: No attribute named 'tripId' is defined 	1501481200779
USER	PURCHASE TRIP FROM FREEBIRD.	10	END	1501480937826	1501481200779
GROUP	Failed to build request FETCH REBOOKING OPPORTUNITY FROM FREEBIRD.: No attribute named 'tripId' is defined 	1501481200838
USER	PURCHASE TRIP FROM FREEBIRD.	24	END	1501480937858	1501481200839
GROUP	Failed to build request FETCH REBOOKING OPPORTUNITY FROM FREEBIRD.: No attribute named 'tripId' is defined 	1501481200849
USER	PURCHASE TRIP FROM FREEBIRD.	36	END	1501480937876	1501481200849
GROUP	Failed to build request FETCH REBOOKING OPPORTUNITY FROM FREEBIRD.: No attribute named 'tripId' is defined 	1501481200859
GROUP	Failed to build request FETCH REBOOKING OPPORTUNITY FROM FREEBIRD.: No attribute named 'tripId' is defined 	1501481200859
GROUP	Failed to build request FETCH REBOOKING OPPORTUNITY FROM FREEBIRD.: No attribute named 'tripId' is defined 	1501481200859
GROUP	Failed to build request FETCH REBOOKING OPPORTUNITY FROM FREEBIRD.: No attribute named 'tripId' is defined 	1501481200859
USER	PURCHASE TRIP FROM FREEBIRD.	28	END	1501480937864	1501481200859
GROUP	Failed to build request FETCH REBOOKING OPPORTUNITY FROM FREEBIRD.: No attribute named 'tripId' is defined 	1501481200859
USER	PURCHASE TRIP FROM FREEBIRD.	33	END	1501480937872	1501481200859
USER	PURCHASE TRIP FROM FREEBIRD.	38	END	1501480937879	1501481200860
USER	PURCHASE TRIP FROM FREEBIRD.	32	END	1501480937871	1501481200860
USER	PURCHASE TRIP FROM FREEBIRD.	14	END	1501480937832	1501481200860
GROUP	Failed to build request FETCH REBOOKING OPPORTUNITY FROM FREEBIRD.: No attribute named 'tripId' is defined 	1501481200869
USER	PURCHASE TRIP FROM FREEBIRD.	31	END	1501480937870	1501481200869
GROUP	Failed to build request FETCH REBOOKING OPPORTUNITY FROM FREEBIRD.: No attribute named 'tripId' is defined 	1501481200879
GROUP	Failed to build request FETCH REBOOKING OPPORTUNITY FROM FREEBIRD.: No attribute named 'tripId' is defined 	1501481200879
GROUP	Failed to build request FETCH REBOOKING OPPORTUNITY FROM FREEBIRD.: No attribute named 'tripId' is defined 	1501481200879
USER	PURCHASE TRIP FROM FREEBIRD.	37	END	1501480937877	1501481200880
USER	PURCHASE TRIP FROM FREEBIRD.	27	END	1501480937862	1501481200880
USER	PURCHASE TRIP FROM FREEBIRD.	30	END	1501480937869	1501481200880
GROUP	Failed to build request FETCH REBOOKING OPPORTUNITY FROM FREEBIRD.: No attribute named 'tripId' is defined 	1501481200918
GROUP	Failed to build request FETCH REBOOKING OPPORTUNITY FROM FREEBIRD.: No attribute named 'tripId' is defined 	1501481200918
GROUP	Failed to build request FETCH REBOOKING OPPORTUNITY FROM FREEBIRD.: No attribute named 'tripId' is defined 	1501481200918
USER	PURCHASE TRIP FROM FREEBIRD.	48	END	1501480937888	1501481200919
USER	PURCHASE TRIP FROM FREEBIRD.	39	END	1501480937880	1501481200919
USER	PURCHASE TRIP FROM FREEBIRD.	4	END	1501480937814	1501481200920
GROUP	Failed to build request FETCH REBOOKING OPPORTUNITY FROM FREEBIRD.: No attribute named 'tripId' is defined 	1501481200920
USER	PURCHASE TRIP FROM FREEBIRD.	43	END	1501480937884	1501481200921
GROUP	Failed to build request FETCH REBOOKING OPPORTUNITY FROM FREEBIRD.: No attribute named 'tripId' is defined 	1501481200928
USER	PURCHASE TRIP FROM FREEBIRD.	18	END	1501480937844	1501481200929
GROUP	Failed to build request FETCH REBOOKING OPPORTUNITY FROM FREEBIRD.: No attribute named 'tripId' is defined 	1501481200939
USER	PURCHASE TRIP FROM FREEBIRD.	29	END	1501480937867	1501481200939
GROUP	Failed to build request FETCH REBOOKING OPPORTUNITY FROM FREEBIRD.: No attribute named 'tripId' is defined 	1501481200949
GROUP	Failed to build request FETCH REBOOKING OPPORTUNITY FROM FREEBIRD.: No attribute named 'tripId' is defined 	1501481200949
GROUP	Failed to build request FETCH REBOOKING OPPORTUNITY FROM FREEBIRD.: No attribute named 'tripId' is defined 	1501481200949
USER	PURCHASE TRIP FROM FREEBIRD.	44	END	1501480937885	1501481200949
USER	PURCHASE TRIP FROM FREEBIRD.	50	END	1501480937890	1501481200949
USER	PURCHASE TRIP FROM FREEBIRD.	40	END	1501480937881	1501481200949
GROUP	Failed to build request FETCH REBOOKING OPPORTUNITY FROM FREEBIRD.: No attribute named 'tripId' is defined 	1501481200969
USER	PURCHASE TRIP FROM FREEBIRD.	25	END	1501480937860	1501481200969
GROUP	Failed to build request FETCH REBOOKING OPPORTUNITY FROM FREEBIRD.: No attribute named 'tripId' is defined 	1501481200989
USER	PURCHASE TRIP FROM FREEBIRD.	35	END	1501480937875	1501481200990
GROUP	Failed to build request FETCH REBOOKING OPPORTUNITY FROM FREEBIRD.: No attribute named 'tripId' is defined 	1501481201008
GROUP	Failed to build request FETCH REBOOKING OPPORTUNITY FROM FREEBIRD.: No attribute named 'tripId' is defined 	1501481201008
USER	PURCHASE TRIP FROM FREEBIRD.	47	END	1501480937887	1501481201009
USER	PURCHASE TRIP FROM FREEBIRD.	46	END	1501480937886	1501481201009
GROUP	Failed to build request FETCH REBOOKING OPPORTUNITY FROM FREEBIRD.: No attribute named 'tripId' is defined 	1501481201018
GROUP	Failed to build request FETCH REBOOKING OPPORTUNITY FROM FREEBIRD.: No attribute named 'tripId' is defined 	1501481201018
GROUP	Failed to build request FETCH REBOOKING OPPORTUNITY FROM FREEBIRD.: No attribute named 'tripId' is defined 	1501481201018
USER	PURCHASE TRIP FROM FREEBIRD.	34	END	1501480937873	1501481201019
USER	PURCHASE TRIP FROM FREEBIRD.	23	END	1501480937857	1501481201019
USER	PURCHASE TRIP FROM FREEBIRD.	41	END	1501480937882	1501481201019
GROUP	Failed to build request FETCH REBOOKING OPPORTUNITY FROM FREEBIRD.: No attribute named 'tripId' is defined 	1501481201019
USER	PURCHASE TRIP FROM FREEBIRD.	45	END	1501480937885	1501481201020
GROUP	Failed to build request FETCH REBOOKING OPPORTUNITY FROM FREEBIRD.: No attribute named 'tripId' is defined 	1501481201028
GROUP	Failed to build request FETCH REBOOKING OPPORTUNITY FROM FREEBIRD.: No attribute named 'tripId' is defined 	1501481201028
USER	PURCHASE TRIP FROM FREEBIRD.	42	END	1501480937883	1501481201029
USER	PURCHASE TRIP FROM FREEBIRD.	49	END	1501480937889	1501481201029
