RUN	com.freebird.stresstest.RebookingFlow		rebookingflow	1501482870185	 	2.0
USER	PURCHASE TRIP FROM FREEBIRD.	1	START	1501482871602	1501482871602
USER	PURCHASE TRIP FROM FREEBIRD.	2	START	1501482871663	1501482871663
USER	PURCHASE TRIP FROM FREEBIRD.	3	START	1501482871664	1501482871664
USER	PURCHASE TRIP FROM FREEBIRD.	4	START	1501482871670	1501482871670
USER	PURCHASE TRIP FROM FREEBIRD.	5	START	1501482871671	1501482871671
USER	PURCHASE TRIP FROM FREEBIRD.	6	START	1501482871674	1501482871674
USER	PURCHASE TRIP FROM FREEBIRD.	7	START	1501482871676	1501482871676
USER	PURCHASE TRIP FROM FREEBIRD.	8	START	1501482871677	1501482871677
USER	PURCHASE TRIP FROM FREEBIRD.	9	START	1501482871678	1501482871678
USER	PURCHASE TRIP FROM FREEBIRD.	10	START	1501482871679	1501482871679
USER	PURCHASE TRIP FROM FREEBIRD.	11	START	1501482871681	1501482871681
USER	PURCHASE TRIP FROM FREEBIRD.	12	START	1501482871682	1501482871682
USER	PURCHASE TRIP FROM FREEBIRD.	13	START	1501482871683	1501482871683
USER	PURCHASE TRIP FROM FREEBIRD.	14	START	1501482871686	1501482871686
USER	PURCHASE TRIP FROM FREEBIRD.	15	START	1501482871688	1501482871688
USER	PURCHASE TRIP FROM FREEBIRD.	16	START	1501482871690	1501482871690
USER	PURCHASE TRIP FROM FREEBIRD.	17	START	1501482871692	1501482871692
USER	PURCHASE TRIP FROM FREEBIRD.	18	START	1501482871694	1501482871694
USER	PURCHASE TRIP FROM FREEBIRD.	19	START	1501482871699	1501482871699
USER	PURCHASE TRIP FROM FREEBIRD.	20	START	1501482871701	1501482871701
REQUEST	PURCHASE TRIP FROM FREEBIRD.	6		QUOTE PRICE FOR OUTBOUND TRIP WITH ONE SLICE ONE SEGMENT ONE LEG.	1501482871675	1501482872409	OK	 
REQUEST	PURCHASE TRIP FROM FREEBIRD.	1		QUOTE PRICE FOR OUTBOUND TRIP WITH ONE SLICE ONE SEGMENT ONE LEG.	1501482871654	1501482872411	OK	 
REQUEST	PURCHASE TRIP FROM FREEBIRD.	11		QUOTE PRICE FOR OUTBOUND TRIP WITH ONE SLICE ONE SEGMENT ONE LEG.	1501482871681	1501482872532	OK	 
REQUEST	PURCHASE TRIP FROM FREEBIRD.	4		QUOTE PRICE FOR OUTBOUND TRIP WITH ONE SLICE ONE SEGMENT ONE LEG.	1501482871671	1501482872549	OK	 
REQUEST	PURCHASE TRIP FROM FREEBIRD.	5		QUOTE PRICE FOR OUTBOUND TRIP WITH ONE SLICE ONE SEGMENT ONE LEG.	1501482871672	1501482872550	OK	 
REQUEST	PURCHASE TRIP FROM FREEBIRD.	20		QUOTE PRICE FOR OUTBOUND TRIP WITH ONE SLICE ONE SEGMENT ONE LEG.	1501482871701	1501482872621	OK	 
REQUEST	PURCHASE TRIP FROM FREEBIRD.	2		QUOTE PRICE FOR OUTBOUND TRIP WITH ONE SLICE ONE SEGMENT ONE LEG.	1501482871663	1501482872630	OK	 
REQUEST	PURCHASE TRIP FROM FREEBIRD.	14		QUOTE PRICE FOR OUTBOUND TRIP WITH ONE SLICE ONE SEGMENT ONE LEG.	1501482871687	1501482872630	OK	 
REQUEST	PURCHASE TRIP FROM FREEBIRD.	15		QUOTE PRICE FOR OUTBOUND TRIP WITH ONE SLICE ONE SEGMENT ONE LEG.	1501482871689	1501482872630	OK	 
REQUEST	PURCHASE TRIP FROM FREEBIRD.	9		QUOTE PRICE FOR OUTBOUND TRIP WITH ONE SLICE ONE SEGMENT ONE LEG.	1501482871679	1501482872633	OK	 
REQUEST	PURCHASE TRIP FROM FREEBIRD.	7		QUOTE PRICE FOR OUTBOUND TRIP WITH ONE SLICE ONE SEGMENT ONE LEG.	1501482871676	1501482872635	OK	 
REQUEST	PURCHASE TRIP FROM FREEBIRD.	13		QUOTE PRICE FOR OUTBOUND TRIP WITH ONE SLICE ONE SEGMENT ONE LEG.	1501482871685	1501482872642	OK	 
REQUEST	PURCHASE TRIP FROM FREEBIRD.	10		QUOTE PRICE FOR OUTBOUND TRIP WITH ONE SLICE ONE SEGMENT ONE LEG.	1501482871680	1501482872647	OK	 
REQUEST	PURCHASE TRIP FROM FREEBIRD.	8		QUOTE PRICE FOR OUTBOUND TRIP WITH ONE SLICE ONE SEGMENT ONE LEG.	1501482871677	1501482872660	OK	 
REQUEST	PURCHASE TRIP FROM FREEBIRD.	12		QUOTE PRICE FOR OUTBOUND TRIP WITH ONE SLICE ONE SEGMENT ONE LEG.	1501482871682	1501482872661	OK	 
REQUEST	PURCHASE TRIP FROM FREEBIRD.	18		QUOTE PRICE FOR OUTBOUND TRIP WITH ONE SLICE ONE SEGMENT ONE LEG.	1501482871697	1501482872667	OK	 
REQUEST	PURCHASE TRIP FROM FREEBIRD.	19		QUOTE PRICE FOR OUTBOUND TRIP WITH ONE SLICE ONE SEGMENT ONE LEG.	1501482871699	1501482872670	OK	 
REQUEST	PURCHASE TRIP FROM FREEBIRD.	17		QUOTE PRICE FOR OUTBOUND TRIP WITH ONE SLICE ONE SEGMENT ONE LEG.	1501482871694	1501482872670	OK	 
REQUEST	PURCHASE TRIP FROM FREEBIRD.	16		QUOTE PRICE FOR OUTBOUND TRIP WITH ONE SLICE ONE SEGMENT ONE LEG.	1501482871690	1501482872679	OK	 
REQUEST	PURCHASE TRIP FROM FREEBIRD.	3		QUOTE PRICE FOR OUTBOUND TRIP WITH ONE SLICE ONE SEGMENT ONE LEG.	1501482871664	1501482872680	OK	 
REQUEST	PURCHASE TRIP FROM FREEBIRD.	1		PURCHASE A TRIP FOR QUOTED PRICE.	1501482872510	1501482872850	OK	 
REQUEST	PURCHASE TRIP FROM FREEBIRD.	6		PURCHASE A TRIP FOR QUOTED PRICE.	1501482872510	1501482872854	OK	 
REQUEST	PURCHASE TRIP FROM FREEBIRD.	11		PURCHASE A TRIP FOR QUOTED PRICE.	1501482872534	1501482872884	OK	 
REQUEST	PURCHASE TRIP FROM FREEBIRD.	5		PURCHASE A TRIP FOR QUOTED PRICE.	1501482872552	1501482872906	OK	 
REQUEST	PURCHASE TRIP FROM FREEBIRD.	4		PURCHASE A TRIP FOR QUOTED PRICE.	1501482872553	1501482872923	OK	 
REQUEST	PURCHASE TRIP FROM FREEBIRD.	9		PURCHASE A TRIP FOR QUOTED PRICE.	1501482872635	1501482873076	OK	 
REQUEST	PURCHASE TRIP FROM FREEBIRD.	20		PURCHASE A TRIP FOR QUOTED PRICE.	1501482872623	1501482873080	OK	 
REQUEST	PURCHASE TRIP FROM FREEBIRD.	2		PURCHASE A TRIP FOR QUOTED PRICE.	1501482872632	1501482873134	OK	 
REQUEST	PURCHASE TRIP FROM FREEBIRD.	15		PURCHASE A TRIP FOR QUOTED PRICE.	1501482872634	1501482873167	OK	 
REQUEST	PURCHASE TRIP FROM FREEBIRD.	13		PURCHASE A TRIP FOR QUOTED PRICE.	1501482872644	1501482873190	OK	 
REQUEST	PURCHASE TRIP FROM FREEBIRD.	19		PURCHASE A TRIP FOR QUOTED PRICE.	1501482872679	1501482873266	OK	 
REQUEST	PURCHASE TRIP FROM FREEBIRD.	7		PURCHASE A TRIP FOR QUOTED PRICE.	1501482872637	1501482873289	OK	 
REQUEST	PURCHASE TRIP FROM FREEBIRD.	10		PURCHASE A TRIP FOR QUOTED PRICE.	1501482872649	1501482873316	OK	 
REQUEST	PURCHASE TRIP FROM FREEBIRD.	12		PURCHASE A TRIP FOR QUOTED PRICE.	1501482872662	1501482873661	OK	 
REQUEST	PURCHASE TRIP FROM FREEBIRD.	16		PURCHASE A TRIP FOR QUOTED PRICE.	1501482872680	1501482873722	OK	 
REQUEST	PURCHASE TRIP FROM FREEBIRD.	17		PURCHASE A TRIP FOR QUOTED PRICE.	1501482872679	1501482873741	OK	 
REQUEST	PURCHASE TRIP FROM FREEBIRD.	14		PURCHASE A TRIP FOR QUOTED PRICE.	1501482872632	1501482873810	OK	 
REQUEST	PURCHASE TRIP FROM FREEBIRD.	18		PURCHASE A TRIP FOR QUOTED PRICE.	1501482872669	1501482874436	OK	 
REQUEST	PURCHASE TRIP FROM FREEBIRD.	3		PURCHASE A TRIP FOR QUOTED PRICE.	1501482872681	1501482874508	OK	 
REQUEST	PURCHASE TRIP FROM FREEBIRD.	8		PURCHASE A TRIP FOR QUOTED PRICE.	1501482872662	1501482875493	OK	 
REQUEST	PURCHASE TRIP FROM FREEBIRD.	6		FETCH TRIP INFO OF MY PURCHASED TRIP.	1501482874786	1501482895089	KO	status.find.is(200), but actually found 503
REQUEST	PURCHASE TRIP FROM FREEBIRD.	1		FETCH TRIP INFO OF MY PURCHASED TRIP.	1501482874786	1501482895103	KO	status.find.is(200), but actually found 503
REQUEST	PURCHASE TRIP FROM FREEBIRD.	11		FETCH TRIP INFO OF MY PURCHASED TRIP.	1501482874902	1501482895220	KO	status.find.is(200), but actually found 503
REQUEST	PURCHASE TRIP FROM FREEBIRD.	5		FETCH TRIP INFO OF MY PURCHASED TRIP.	1501482874922	1501482895229	KO	status.find.is(200), but actually found 503
REQUEST	PURCHASE TRIP FROM FREEBIRD.	4		FETCH TRIP INFO OF MY PURCHASED TRIP.	1501482874941	1501482895250	KO	status.find.is(200), but actually found 503
REQUEST	PURCHASE TRIP FROM FREEBIRD.	20		FETCH TRIP INFO OF MY PURCHASED TRIP.	1501482875092	1501482895390	KO	status.find.is(200), but actually found 503
REQUEST	PURCHASE TRIP FROM FREEBIRD.	9		FETCH TRIP INFO OF MY PURCHASED TRIP.	1501482875092	1501482895399	KO	status.find.is(200), but actually found 503
REQUEST	PURCHASE TRIP FROM FREEBIRD.	2		FETCH TRIP INFO OF MY PURCHASED TRIP.	1501482875152	1501482895456	KO	status.find.is(200), but actually found 503
REQUEST	PURCHASE TRIP FROM FREEBIRD.	15		FETCH TRIP INFO OF MY PURCHASED TRIP.	1501482875182	1501482895490	KO	status.find.is(200), but actually found 503
REQUEST	PURCHASE TRIP FROM FREEBIRD.	13		FETCH TRIP INFO OF MY PURCHASED TRIP.	1501482875202	1501482895516	KO	status.find.is(200), but actually found 503
REQUEST	PURCHASE TRIP FROM FREEBIRD.	19		FETCH TRIP INFO OF MY PURCHASED TRIP.	1501482875282	1501482895581	KO	status.find.is(200), but actually found 503
REQUEST	PURCHASE TRIP FROM FREEBIRD.	7		FETCH TRIP INFO OF MY PURCHASED TRIP.	1501482875302	1501482895614	KO	status.find.is(200), but actually found 503
