RUN	com.freebird.stresstest.RebookingFlow		rebookingflow	1501482624269	 	2.0
USER	PURCHASE TRIP FROM FREEBIRD.	1	START	1501482625687	1501482625687
USER	PURCHASE TRIP FROM FREEBIRD.	2	START	1501482625747	1501482625747
USER	PURCHASE TRIP FROM FREEBIRD.	3	START	1501482625748	1501482625748
USER	PURCHASE TRIP FROM FREEBIRD.	4	START	1501482625751	1501482625751
USER	PURCHASE TRIP FROM FREEBIRD.	5	START	1501482625752	1501482625752
USER	PURCHASE TRIP FROM FREEBIRD.	6	START	1501482625753	1501482625753
USER	PURCHASE TRIP FROM FREEBIRD.	7	START	1501482625755	1501482625755
USER	PURCHASE TRIP FROM FREEBIRD.	8	START	1501482625758	1501482625758
USER	PURCHASE TRIP FROM FREEBIRD.	9	START	1501482625759	1501482625759
USER	PURCHASE TRIP FROM FREEBIRD.	10	START	1501482625761	1501482625761
USER	PURCHASE TRIP FROM FREEBIRD.	11	START	1501482625763	1501482625763
USER	PURCHASE TRIP FROM FREEBIRD.	12	START	1501482625765	1501482625765
USER	PURCHASE TRIP FROM FREEBIRD.	13	START	1501482625770	1501482625770
USER	PURCHASE TRIP FROM FREEBIRD.	14	START	1501482625771	1501482625771
USER	PURCHASE TRIP FROM FREEBIRD.	15	START	1501482625774	1501482625774
USER	PURCHASE TRIP FROM FREEBIRD.	16	START	1501482625776	1501482625776
USER	PURCHASE TRIP FROM FREEBIRD.	17	START	1501482625777	1501482625777
USER	PURCHASE TRIP FROM FREEBIRD.	18	START	1501482625778	1501482625778
USER	PURCHASE TRIP FROM FREEBIRD.	19	START	1501482625779	1501482625779
USER	PURCHASE TRIP FROM FREEBIRD.	20	START	1501482625780	1501482625780
REQUEST	PURCHASE TRIP FROM FREEBIRD.	19		QUOTE PRICE FOR OUTBOUND TRIP WITH ONE SLICE TWO SEGMENTS ONE LEG.	1501482625779	1501482626510	KO	status.find.is(200), but actually found 422
REQUEST	PURCHASE TRIP FROM FREEBIRD.	8		QUOTE PRICE FOR OUTBOUND TRIP WITH ONE SLICE TWO SEGMENTS ONE LEG.	1501482625759	1501482626479	KO	status.find.is(200), but actually found 422
REQUEST	PURCHASE TRIP FROM FREEBIRD.	5		QUOTE PRICE FOR OUTBOUND TRIP WITH ONE SLICE TWO SEGMENTS ONE LEG.	1501482625752	1501482626469	KO	status.find.is(200), but actually found 422
REQUEST	PURCHASE TRIP FROM FREEBIRD.	1		QUOTE PRICE FOR OUTBOUND TRIP WITH ONE SLICE TWO SEGMENTS ONE LEG.	1501482625738	1501482626424	KO	status.find.is(200), but actually found 422
REQUEST	PURCHASE TRIP FROM FREEBIRD.	7		QUOTE PRICE FOR OUTBOUND TRIP WITH ONE SLICE TWO SEGMENTS ONE LEG.	1501482625755	1501482626512	KO	status.find.is(200), but actually found 422
REQUEST	PURCHASE TRIP FROM FREEBIRD.	4		QUOTE PRICE FOR OUTBOUND TRIP WITH ONE SLICE TWO SEGMENTS ONE LEG.	1501482625751	1501482626470	KO	status.find.is(200), but actually found 422
REQUEST	PURCHASE TRIP FROM FREEBIRD.	10		QUOTE PRICE FOR OUTBOUND TRIP WITH ONE SLICE TWO SEGMENTS ONE LEG.	1501482625761	1501482626444	KO	status.find.is(200), but actually found 422
GROUP	Failed to build request PURCHASE A TRIP FOR QUOTED PRICE.: No attribute named 'priceRequestId' is defined 	1501482626530
GROUP	Failed to build request PURCHASE A TRIP FOR QUOTED PRICE.: No attribute named 'priceRequestId' is defined 	1501482626530
GROUP	Failed to build request PURCHASE A TRIP FOR QUOTED PRICE.: No attribute named 'priceRequestId' is defined 	1501482626530
GROUP	Failed to build request PURCHASE A TRIP FOR QUOTED PRICE.: No attribute named 'priceRequestId' is defined 	1501482626531
GROUP	Failed to build request PURCHASE A TRIP FOR QUOTED PRICE.: No attribute named 'priceRequestId' is defined 	1501482626532
GROUP	Failed to build request PURCHASE A TRIP FOR QUOTED PRICE.: No attribute named 'priceRequestId' is defined 	1501482626537
GROUP	Failed to build request PURCHASE A TRIP FOR QUOTED PRICE.: No attribute named 'priceRequestId' is defined 	1501482626537
REQUEST	PURCHASE TRIP FROM FREEBIRD.	14		QUOTE PRICE FOR OUTBOUND TRIP WITH ONE SLICE TWO SEGMENTS ONE LEG.	1501482625774	1501482626541	KO	status.find.is(200), but actually found 422
REQUEST	PURCHASE TRIP FROM FREEBIRD.	9		QUOTE PRICE FOR OUTBOUND TRIP WITH ONE SLICE TWO SEGMENTS ONE LEG.	1501482625760	1501482626558	KO	status.find.is(200), but actually found 422
GROUP	Failed to build request PURCHASE A TRIP FOR QUOTED PRICE.: No attribute named 'priceRequestId' is defined 	1501482626559
REQUEST	PURCHASE TRIP FROM FREEBIRD.	12		QUOTE PRICE FOR OUTBOUND TRIP WITH ONE SLICE TWO SEGMENTS ONE LEG.	1501482625765	1501482626560	KO	status.find.is(200), but actually found 422
GROUP	Failed to build request PURCHASE A TRIP FOR QUOTED PRICE.: No attribute named 'priceRequestId' is defined 	1501482626562
GROUP	Failed to build request PURCHASE A TRIP FOR QUOTED PRICE.: No attribute named 'priceRequestId' is defined 	1501482626563
REQUEST	PURCHASE TRIP FROM FREEBIRD.	13		QUOTE PRICE FOR OUTBOUND TRIP WITH ONE SLICE TWO SEGMENTS ONE LEG.	1501482625770	1501482626545	KO	status.find.is(200), but actually found 422
GROUP	Failed to build request PURCHASE A TRIP FOR QUOTED PRICE.: No attribute named 'priceRequestId' is defined 	1501482626566
REQUEST	PURCHASE TRIP FROM FREEBIRD.	6		QUOTE PRICE FOR OUTBOUND TRIP WITH ONE SLICE TWO SEGMENTS ONE LEG.	1501482625753	1501482626564	KO	status.find.is(200), but actually found 422
GROUP	Failed to build request PURCHASE A TRIP FOR QUOTED PRICE.: No attribute named 'priceRequestId' is defined 	1501482626567
REQUEST	PURCHASE TRIP FROM FREEBIRD.	2		QUOTE PRICE FOR OUTBOUND TRIP WITH ONE SLICE TWO SEGMENTS ONE LEG.	1501482625747	1501482626571	KO	status.find.is(200), but actually found 422
GROUP	Failed to build request PURCHASE A TRIP FOR QUOTED PRICE.: No attribute named 'priceRequestId' is defined 	1501482626574
REQUEST	PURCHASE TRIP FROM FREEBIRD.	3		QUOTE PRICE FOR OUTBOUND TRIP WITH ONE SLICE TWO SEGMENTS ONE LEG.	1501482625749	1501482626575	KO	status.find.is(200), but actually found 422
GROUP	Failed to build request PURCHASE A TRIP FOR QUOTED PRICE.: No attribute named 'priceRequestId' is defined 	1501482626577
REQUEST	PURCHASE TRIP FROM FREEBIRD.	15		QUOTE PRICE FOR OUTBOUND TRIP WITH ONE SLICE TWO SEGMENTS ONE LEG.	1501482625775	1501482626586	KO	status.find.is(200), but actually found 422
REQUEST	PURCHASE TRIP FROM FREEBIRD.	20		QUOTE PRICE FOR OUTBOUND TRIP WITH ONE SLICE TWO SEGMENTS ONE LEG.	1501482625781	1501482626586	KO	status.find.is(200), but actually found 422
GROUP	Failed to build request PURCHASE A TRIP FOR QUOTED PRICE.: No attribute named 'priceRequestId' is defined 	1501482626589
GROUP	Failed to build request PURCHASE A TRIP FOR QUOTED PRICE.: No attribute named 'priceRequestId' is defined 	1501482626589
REQUEST	PURCHASE TRIP FROM FREEBIRD.	16		QUOTE PRICE FOR OUTBOUND TRIP WITH ONE SLICE TWO SEGMENTS ONE LEG.	1501482625776	1501482626586	KO	status.find.is(200), but actually found 422
GROUP	Failed to build request PURCHASE A TRIP FOR QUOTED PRICE.: No attribute named 'priceRequestId' is defined 	1501482626591
REQUEST	PURCHASE TRIP FROM FREEBIRD.	17		QUOTE PRICE FOR OUTBOUND TRIP WITH ONE SLICE TWO SEGMENTS ONE LEG.	1501482625777	1501482626591	KO	status.find.is(200), but actually found 422
REQUEST	PURCHASE TRIP FROM FREEBIRD.	18		QUOTE PRICE FOR OUTBOUND TRIP WITH ONE SLICE TWO SEGMENTS ONE LEG.	1501482625779	1501482626591	KO	status.find.is(200), but actually found 422
GROUP	Failed to build request PURCHASE A TRIP FOR QUOTED PRICE.: No attribute named 'priceRequestId' is defined 	1501482626592
GROUP	Failed to build request PURCHASE A TRIP FOR QUOTED PRICE.: No attribute named 'priceRequestId' is defined 	1501482626592
REQUEST	PURCHASE TRIP FROM FREEBIRD.	11		QUOTE PRICE FOR OUTBOUND TRIP WITH ONE SLICE TWO SEGMENTS ONE LEG.	1501482625763	1501482626592	KO	status.find.is(200), but actually found 422
GROUP	Failed to build request PURCHASE A TRIP FOR QUOTED PRICE.: No attribute named 'priceRequestId' is defined 	1501482626594
GROUP	Failed to build request FETCH TRIP INFO OF MY PURCHASED TRIP.: No attribute named 'tripId' is defined 	1501482628453
GROUP	Failed to build request FETCH TRIP INFO OF MY PURCHASED TRIP.: No attribute named 'tripId' is defined 	1501482628499
GROUP	Failed to build request FETCH TRIP INFO OF MY PURCHASED TRIP.: No attribute named 'tripId' is defined 	1501482628519
GROUP	Failed to build request FETCH TRIP INFO OF MY PURCHASED TRIP.: No attribute named 'tripId' is defined 	1501482628519
GROUP	Failed to build request FETCH TRIP INFO OF MY PURCHASED TRIP.: No attribute named 'tripId' is defined 	1501482628529
