RUN	com.freebird.stresstest.RebookingFlow		rebookingflow	1501482377231	 	2.0
USER	PURCHASE TRIP FROM FREEBIRD.	1	START	1501482378687	1501482378687
USER	PURCHASE TRIP FROM FREEBIRD.	2	START	1501482378739	1501482378739
USER	PURCHASE TRIP FROM FREEBIRD.	3	START	1501482378741	1501482378741
USER	PURCHASE TRIP FROM FREEBIRD.	4	START	1501482378742	1501482378742
USER	PURCHASE TRIP FROM FREEBIRD.	5	START	1501482378743	1501482378743
USER	PURCHASE TRIP FROM FREEBIRD.	6	START	1501482378744	1501482378744
USER	PURCHASE TRIP FROM FREEBIRD.	7	START	1501482378745	1501482378745
USER	PURCHASE TRIP FROM FREEBIRD.	8	START	1501482378747	1501482378747
USER	PURCHASE TRIP FROM FREEBIRD.	9	START	1501482378748	1501482378748
USER	PURCHASE TRIP FROM FREEBIRD.	10	START	1501482378749	1501482378749
USER	PURCHASE TRIP FROM FREEBIRD.	11	START	1501482378750	1501482378750
USER	PURCHASE TRIP FROM FREEBIRD.	12	START	1501482378751	1501482378751
USER	PURCHASE TRIP FROM FREEBIRD.	13	START	1501482378752	1501482378752
USER	PURCHASE TRIP FROM FREEBIRD.	14	START	1501482378753	1501482378753
USER	PURCHASE TRIP FROM FREEBIRD.	15	START	1501482378754	1501482378754
USER	PURCHASE TRIP FROM FREEBIRD.	16	START	1501482378755	1501482378755
USER	PURCHASE TRIP FROM FREEBIRD.	17	START	1501482378756	1501482378756
USER	PURCHASE TRIP FROM FREEBIRD.	18	START	1501482378757	1501482378757
USER	PURCHASE TRIP FROM FREEBIRD.	19	START	1501482378758	1501482378758
USER	PURCHASE TRIP FROM FREEBIRD.	20	START	1501482378759	1501482378759
USER	PURCHASE TRIP FROM FREEBIRD.	21	START	1501482378760	1501482378760
USER	PURCHASE TRIP FROM FREEBIRD.	22	START	1501482378761	1501482378761
USER	PURCHASE TRIP FROM FREEBIRD.	23	START	1501482378763	1501482378763
USER	PURCHASE TRIP FROM FREEBIRD.	24	START	1501482378764	1501482378764
USER	PURCHASE TRIP FROM FREEBIRD.	25	START	1501482378767	1501482378767
USER	PURCHASE TRIP FROM FREEBIRD.	26	START	1501482378769	1501482378769
USER	PURCHASE TRIP FROM FREEBIRD.	27	START	1501482378772	1501482378772
USER	PURCHASE TRIP FROM FREEBIRD.	28	START	1501482378774	1501482378774
USER	PURCHASE TRIP FROM FREEBIRD.	29	START	1501482378776	1501482378776
USER	PURCHASE TRIP FROM FREEBIRD.	30	START	1501482378777	1501482378777
USER	PURCHASE TRIP FROM FREEBIRD.	31	START	1501482378779	1501482378779
USER	PURCHASE TRIP FROM FREEBIRD.	32	START	1501482378781	1501482378781
USER	PURCHASE TRIP FROM FREEBIRD.	33	START	1501482378783	1501482378783
USER	PURCHASE TRIP FROM FREEBIRD.	34	START	1501482378785	1501482378785
USER	PURCHASE TRIP FROM FREEBIRD.	35	START	1501482378786	1501482378786
USER	PURCHASE TRIP FROM FREEBIRD.	36	START	1501482378788	1501482378788
USER	PURCHASE TRIP FROM FREEBIRD.	37	START	1501482378789	1501482378789
USER	PURCHASE TRIP FROM FREEBIRD.	38	START	1501482378790	1501482378790
USER	PURCHASE TRIP FROM FREEBIRD.	39	START	1501482378791	1501482378791
USER	PURCHASE TRIP FROM FREEBIRD.	40	START	1501482378793	1501482378793
USER	PURCHASE TRIP FROM FREEBIRD.	41	START	1501482378795	1501482378795
USER	PURCHASE TRIP FROM FREEBIRD.	42	START	1501482378797	1501482378797
USER	PURCHASE TRIP FROM FREEBIRD.	43	START	1501482378799	1501482378799
USER	PURCHASE TRIP FROM FREEBIRD.	44	START	1501482378800	1501482378800
USER	PURCHASE TRIP FROM FREEBIRD.	45	START	1501482378801	1501482378801
USER	PURCHASE TRIP FROM FREEBIRD.	46	START	1501482378802	1501482378802
USER	PURCHASE TRIP FROM FREEBIRD.	47	START	1501482378803	1501482378803
USER	PURCHASE TRIP FROM FREEBIRD.	48	START	1501482378804	1501482378804
USER	PURCHASE TRIP FROM FREEBIRD.	49	START	1501482378805	1501482378805
USER	PURCHASE TRIP FROM FREEBIRD.	50	START	1501482378805	1501482378805
REQUEST	PURCHASE TRIP FROM FREEBIRD.	1		QUOTE PRICE FOR OUTBOUND TRIP WITH ONE SLICE TWO SEGMENTS ONE LEG.	1501482378730	1501482379437	KO	status.find.is(200), but actually found 422
GROUP	Failed to build request PURCHASE A TRIP FOR QUOTED PRICE.: No attribute named 'priceRequestId' is defined 	1501482379538
REQUEST	PURCHASE TRIP FROM FREEBIRD.	24		QUOTE PRICE FOR OUTBOUND TRIP WITH ONE SLICE TWO SEGMENTS ONE LEG.	1501482378765	1501482379538	KO	status.find.is(200), but actually found 422
GROUP	Failed to build request PURCHASE A TRIP FOR QUOTED PRICE.: No attribute named 'priceRequestId' is defined 	1501482379541
REQUEST	PURCHASE TRIP FROM FREEBIRD.	20		QUOTE PRICE FOR OUTBOUND TRIP WITH ONE SLICE TWO SEGMENTS ONE LEG.	1501482378759	1501482379565	KO	status.find.is(200), but actually found 422
GROUP	Failed to build request PURCHASE A TRIP FOR QUOTED PRICE.: No attribute named 'priceRequestId' is defined 	1501482379567
REQUEST	PURCHASE TRIP FROM FREEBIRD.	8		QUOTE PRICE FOR OUTBOUND TRIP WITH ONE SLICE TWO SEGMENTS ONE LEG.	1501482378748	1501482379593	KO	status.find.is(200), but actually found 422
GROUP	Failed to build request PURCHASE A TRIP FOR QUOTED PRICE.: No attribute named 'priceRequestId' is defined 	1501482379594
REQUEST	PURCHASE TRIP FROM FREEBIRD.	4		QUOTE PRICE FOR OUTBOUND TRIP WITH ONE SLICE TWO SEGMENTS ONE LEG.	1501482378742	1501482379598	KO	status.find.is(200), but actually found 422
GROUP	Failed to build request PURCHASE A TRIP FOR QUOTED PRICE.: No attribute named 'priceRequestId' is defined 	1501482379600
REQUEST	PURCHASE TRIP FROM FREEBIRD.	18		QUOTE PRICE FOR OUTBOUND TRIP WITH ONE SLICE TWO SEGMENTS ONE LEG.	1501482378757	1501482379611	KO	status.find.is(200), but actually found 422
GROUP	Failed to build request PURCHASE A TRIP FOR QUOTED PRICE.: No attribute named 'priceRequestId' is defined 	1501482379613
REQUEST	PURCHASE TRIP FROM FREEBIRD.	7		QUOTE PRICE FOR OUTBOUND TRIP WITH ONE SLICE TWO SEGMENTS ONE LEG.	1501482378746	1501482379618	KO	status.find.is(200), but actually found 422
GROUP	Failed to build request PURCHASE A TRIP FOR QUOTED PRICE.: No attribute named 'priceRequestId' is defined 	1501482379621
REQUEST	PURCHASE TRIP FROM FREEBIRD.	9		QUOTE PRICE FOR OUTBOUND TRIP WITH ONE SLICE TWO SEGMENTS ONE LEG.	1501482378748	1501482379644	KO	status.find.is(200), but actually found 422
GROUP	Failed to build request PURCHASE A TRIP FOR QUOTED PRICE.: No attribute named 'priceRequestId' is defined 	1501482379646
REQUEST	PURCHASE TRIP FROM FREEBIRD.	5		QUOTE PRICE FOR OUTBOUND TRIP WITH ONE SLICE TWO SEGMENTS ONE LEG.	1501482378743	1501482379682	KO	status.find.is(200), but actually found 422
GROUP	Failed to build request PURCHASE A TRIP FOR QUOTED PRICE.: No attribute named 'priceRequestId' is defined 	1501482379683
REQUEST	PURCHASE TRIP FROM FREEBIRD.	3		QUOTE PRICE FOR OUTBOUND TRIP WITH ONE SLICE TWO SEGMENTS ONE LEG.	1501482378741	1501482379698	KO	status.find.is(200), but actually found 422
GROUP	Failed to build request PURCHASE A TRIP FOR QUOTED PRICE.: No attribute named 'priceRequestId' is defined 	1501482379700
REQUEST	PURCHASE TRIP FROM FREEBIRD.	17		QUOTE PRICE FOR OUTBOUND TRIP WITH ONE SLICE TWO SEGMENTS ONE LEG.	1501482378756	1501482379704	KO	status.find.is(200), but actually found 422
GROUP	Failed to build request PURCHASE A TRIP FOR QUOTED PRICE.: No attribute named 'priceRequestId' is defined 	1501482379706
REQUEST	PURCHASE TRIP FROM FREEBIRD.	11		QUOTE PRICE FOR OUTBOUND TRIP WITH ONE SLICE TWO SEGMENTS ONE LEG.	1501482378750	1501482379712	KO	status.find.is(200), but actually found 422
GROUP	Failed to build request PURCHASE A TRIP FOR QUOTED PRICE.: No attribute named 'priceRequestId' is defined 	1501482379714
REQUEST	PURCHASE TRIP FROM FREEBIRD.	19		QUOTE PRICE FOR OUTBOUND TRIP WITH ONE SLICE TWO SEGMENTS ONE LEG.	1501482378758	1501482379728	KO	status.find.is(200), but actually found 422
GROUP	Failed to build request PURCHASE A TRIP FOR QUOTED PRICE.: No attribute named 'priceRequestId' is defined 	1501482379730
REQUEST	PURCHASE TRIP FROM FREEBIRD.	10		QUOTE PRICE FOR OUTBOUND TRIP WITH ONE SLICE TWO SEGMENTS ONE LEG.	1501482378749	1501482379729	KO	status.find.is(200), but actually found 422
GROUP	Failed to build request PURCHASE A TRIP FOR QUOTED PRICE.: No attribute named 'priceRequestId' is defined 	1501482379731
REQUEST	PURCHASE TRIP FROM FREEBIRD.	12		QUOTE PRICE FOR OUTBOUND TRIP WITH ONE SLICE TWO SEGMENTS ONE LEG.	1501482378751	1501482379755	KO	status.find.is(200), but actually found 422
GROUP	Failed to build request PURCHASE A TRIP FOR QUOTED PRICE.: No attribute named 'priceRequestId' is defined 	1501482379757
REQUEST	PURCHASE TRIP FROM FREEBIRD.	16		QUOTE PRICE FOR OUTBOUND TRIP WITH ONE SLICE TWO SEGMENTS ONE LEG.	1501482378755	1501482379762	KO	status.find.is(200), but actually found 422
GROUP	Failed to build request PURCHASE A TRIP FOR QUOTED PRICE.: No attribute named 'priceRequestId' is defined 	1501482379764
REQUEST	PURCHASE TRIP FROM FREEBIRD.	14		QUOTE PRICE FOR OUTBOUND TRIP WITH ONE SLICE TWO SEGMENTS ONE LEG.	1501482378753	1501482379780	KO	status.find.is(200), but actually found 422
GROUP	Failed to build request PURCHASE A TRIP FOR QUOTED PRICE.: No attribute named 'priceRequestId' is defined 	1501482379788
REQUEST	PURCHASE TRIP FROM FREEBIRD.	15		QUOTE PRICE FOR OUTBOUND TRIP WITH ONE SLICE TWO SEGMENTS ONE LEG.	1501482378754	1501482379788	KO	status.find.is(200), but actually found 422
REQUEST	PURCHASE TRIP FROM FREEBIRD.	13		QUOTE PRICE FOR OUTBOUND TRIP WITH ONE SLICE TWO SEGMENTS ONE LEG.	1501482378752	1501482379788	KO	status.find.is(200), but actually found 422
GROUP	Failed to build request PURCHASE A TRIP FOR QUOTED PRICE.: No attribute named 'priceRequestId' is defined 	1501482379789
GROUP	Failed to build request PURCHASE A TRIP FOR QUOTED PRICE.: No attribute named 'priceRequestId' is defined 	1501482379789
REQUEST	PURCHASE TRIP FROM FREEBIRD.	27		QUOTE PRICE FOR OUTBOUND TRIP WITH ONE SLICE TWO SEGMENTS ONE LEG.	1501482378772	1501482379820	KO	status.find.is(200), but actually found 422
REQUEST	PURCHASE TRIP FROM FREEBIRD.	28		QUOTE PRICE FOR OUTBOUND TRIP WITH ONE SLICE TWO SEGMENTS ONE LEG.	1501482378774	1501482379819	KO	status.find.is(200), but actually found 422
GROUP	Failed to build request PURCHASE A TRIP FOR QUOTED PRICE.: No attribute named 'priceRequestId' is defined 	1501482379821
REQUEST	PURCHASE TRIP FROM FREEBIRD.	29		QUOTE PRICE FOR OUTBOUND TRIP WITH ONE SLICE TWO SEGMENTS ONE LEG.	1501482378776	1501482379821	KO	status.find.is(200), but actually found 422
GROUP	Failed to build request PURCHASE A TRIP FOR QUOTED PRICE.: No attribute named 'priceRequestId' is defined 	1501482379824
GROUP	Failed to build request PURCHASE A TRIP FOR QUOTED PRICE.: No attribute named 'priceRequestId' is defined 	1501482379824
REQUEST	PURCHASE TRIP FROM FREEBIRD.	22		QUOTE PRICE FOR OUTBOUND TRIP WITH ONE SLICE TWO SEGMENTS ONE LEG.	1501482378761	1501482379822	KO	status.find.is(200), but actually found 422
GROUP	Failed to build request PURCHASE A TRIP FOR QUOTED PRICE.: No attribute named 'priceRequestId' is defined 	1501482379824
REQUEST	PURCHASE TRIP FROM FREEBIRD.	35		QUOTE PRICE FOR OUTBOUND TRIP WITH ONE SLICE TWO SEGMENTS ONE LEG.	1501482378787	1501482379832	KO	status.find.is(200), but actually found 422
GROUP	Failed to build request PURCHASE A TRIP FOR QUOTED PRICE.: No attribute named 'priceRequestId' is defined 	1501482379833
REQUEST	PURCHASE TRIP FROM FREEBIRD.	34		QUOTE PRICE FOR OUTBOUND TRIP WITH ONE SLICE TWO SEGMENTS ONE LEG.	1501482378785	1501482379850	KO	status.find.is(200), but actually found 422
REQUEST	PURCHASE TRIP FROM FREEBIRD.	23		QUOTE PRICE FOR OUTBOUND TRIP WITH ONE SLICE TWO SEGMENTS ONE LEG.	1501482378763	1501482379851	KO	status.find.is(200), but actually found 422
GROUP	Failed to build request PURCHASE A TRIP FOR QUOTED PRICE.: No attribute named 'priceRequestId' is defined 	1501482379852
GROUP	Failed to build request PURCHASE A TRIP FOR QUOTED PRICE.: No attribute named 'priceRequestId' is defined 	1501482379852
REQUEST	PURCHASE TRIP FROM FREEBIRD.	26		QUOTE PRICE FOR OUTBOUND TRIP WITH ONE SLICE TWO SEGMENTS ONE LEG.	1501482378770	1501482379855	KO	status.find.is(200), but actually found 422
GROUP	Failed to build request PURCHASE A TRIP FOR QUOTED PRICE.: No attribute named 'priceRequestId' is defined 	1501482379857
REQUEST	PURCHASE TRIP FROM FREEBIRD.	30		QUOTE PRICE FOR OUTBOUND TRIP WITH ONE SLICE TWO SEGMENTS ONE LEG.	1501482378778	1501482379874	KO	status.find.is(200), but actually found 422
REQUEST	PURCHASE TRIP FROM FREEBIRD.	43		QUOTE PRICE FOR OUTBOUND TRIP WITH ONE SLICE TWO SEGMENTS ONE LEG.	1501482378799	1501482379874	KO	status.find.is(200), but actually found 422
GROUP	Failed to build request PURCHASE A TRIP FOR QUOTED PRICE.: No attribute named 'priceRequestId' is defined 	1501482379876
GROUP	Failed to build request PURCHASE A TRIP FOR QUOTED PRICE.: No attribute named 'priceRequestId' is defined 	1501482379876
REQUEST	PURCHASE TRIP FROM FREEBIRD.	46		QUOTE PRICE FOR OUTBOUND TRIP WITH ONE SLICE TWO SEGMENTS ONE LEG.	1501482378802	1501482379903	KO	status.find.is(200), but actually found 422
REQUEST	PURCHASE TRIP FROM FREEBIRD.	41		QUOTE PRICE FOR OUTBOUND TRIP WITH ONE SLICE TWO SEGMENTS ONE LEG.	1501482378795	1501482379903	KO	status.find.is(200), but actually found 422
GROUP	Failed to build request PURCHASE A TRIP FOR QUOTED PRICE.: No attribute named 'priceRequestId' is defined 	1501482379904
GROUP	Failed to build request PURCHASE A TRIP FOR QUOTED PRICE.: No attribute named 'priceRequestId' is defined 	1501482379904
REQUEST	PURCHASE TRIP FROM FREEBIRD.	2		QUOTE PRICE FOR OUTBOUND TRIP WITH ONE SLICE TWO SEGMENTS ONE LEG.	1501482378740	1501482379920	KO	status.find.is(200), but actually found 422
GROUP	Failed to build request PURCHASE A TRIP FOR QUOTED PRICE.: No attribute named 'priceRequestId' is defined 	1501482379923
REQUEST	PURCHASE TRIP FROM FREEBIRD.	48		QUOTE PRICE FOR OUTBOUND TRIP WITH ONE SLICE TWO SEGMENTS ONE LEG.	1501482378804	1501482379924	KO	status.find.is(200), but actually found 422
GROUP	Failed to build request PURCHASE A TRIP FOR QUOTED PRICE.: No attribute named 'priceRequestId' is defined 	1501482379927
REQUEST	PURCHASE TRIP FROM FREEBIRD.	42		QUOTE PRICE FOR OUTBOUND TRIP WITH ONE SLICE TWO SEGMENTS ONE LEG.	1501482378798	1501482379925	KO	status.find.is(200), but actually found 422
GROUP	Failed to build request PURCHASE A TRIP FOR QUOTED PRICE.: No attribute named 'priceRequestId' is defined 	1501482379932
REQUEST	PURCHASE TRIP FROM FREEBIRD.	49		QUOTE PRICE FOR OUTBOUND TRIP WITH ONE SLICE TWO SEGMENTS ONE LEG.	1501482378805	1501482379925	KO	status.find.is(200), but actually found 422
GROUP	Failed to build request PURCHASE A TRIP FOR QUOTED PRICE.: No attribute named 'priceRequestId' is defined 	1501482379934
REQUEST	PURCHASE TRIP FROM FREEBIRD.	37		QUOTE PRICE FOR OUTBOUND TRIP WITH ONE SLICE TWO SEGMENTS ONE LEG.	1501482378789	1501482379947	KO	status.find.is(200), but actually found 422
REQUEST	PURCHASE TRIP FROM FREEBIRD.	36		QUOTE PRICE FOR OUTBOUND TRIP WITH ONE SLICE TWO SEGMENTS ONE LEG.	1501482378788	1501482379947	KO	status.find.is(200), but actually found 422
GROUP	Failed to build request PURCHASE A TRIP FOR QUOTED PRICE.: No attribute named 'priceRequestId' is defined 	1501482379948
GROUP	Failed to build request PURCHASE A TRIP FOR QUOTED PRICE.: No attribute named 'priceRequestId' is defined 	1501482379948
REQUEST	PURCHASE TRIP FROM FREEBIRD.	33		QUOTE PRICE FOR OUTBOUND TRIP WITH ONE SLICE TWO SEGMENTS ONE LEG.	1501482378784	1501482379950	KO	status.find.is(200), but actually found 422
GROUP	Failed to build request PURCHASE A TRIP FOR QUOTED PRICE.: No attribute named 'priceRequestId' is defined 	1501482379952
REQUEST	PURCHASE TRIP FROM FREEBIRD.	32		QUOTE PRICE FOR OUTBOUND TRIP WITH ONE SLICE TWO SEGMENTS ONE LEG.	1501482378781	1501482379957	KO	status.find.is(200), but actually found 422
GROUP	Failed to build request PURCHASE A TRIP FOR QUOTED PRICE.: No attribute named 'priceRequestId' is defined 	1501482379959
REQUEST	PURCHASE TRIP FROM FREEBIRD.	44		QUOTE PRICE FOR OUTBOUND TRIP WITH ONE SLICE TWO SEGMENTS ONE LEG.	1501482378800	1501482379961	KO	status.find.is(200), but actually found 422
GROUP	Failed to build request PURCHASE A TRIP FOR QUOTED PRICE.: No attribute named 'priceRequestId' is defined 	1501482379963
REQUEST	PURCHASE TRIP FROM FREEBIRD.	25		QUOTE PRICE FOR OUTBOUND TRIP WITH ONE SLICE TWO SEGMENTS ONE LEG.	1501482378767	1501482379988	KO	status.find.is(200), but actually found 422
GROUP	Failed to build request PURCHASE A TRIP FOR QUOTED PRICE.: No attribute named 'priceRequestId' is defined 	1501482379989
REQUEST	PURCHASE TRIP FROM FREEBIRD.	50		QUOTE PRICE FOR OUTBOUND TRIP WITH ONE SLICE TWO SEGMENTS ONE LEG.	1501482378806	1501482380010	KO	status.find.is(200), but actually found 422
GROUP	Failed to build request PURCHASE A TRIP FOR QUOTED PRICE.: No attribute named 'priceRequestId' is defined 	1501482380012
REQUEST	PURCHASE TRIP FROM FREEBIRD.	31		QUOTE PRICE FOR OUTBOUND TRIP WITH ONE SLICE TWO SEGMENTS ONE LEG.	1501482378779	1501482380014	KO	status.find.is(200), but actually found 422
GROUP	Failed to build request PURCHASE A TRIP FOR QUOTED PRICE.: No attribute named 'priceRequestId' is defined 	1501482380016
REQUEST	PURCHASE TRIP FROM FREEBIRD.	47		QUOTE PRICE FOR OUTBOUND TRIP WITH ONE SLICE TWO SEGMENTS ONE LEG.	1501482378803	1501482380029	KO	status.find.is(200), but actually found 422
REQUEST	PURCHASE TRIP FROM FREEBIRD.	40		QUOTE PRICE FOR OUTBOUND TRIP WITH ONE SLICE TWO SEGMENTS ONE LEG.	1501482378794	1501482380030	KO	status.find.is(200), but actually found 422
GROUP	Failed to build request PURCHASE A TRIP FOR QUOTED PRICE.: No attribute named 'priceRequestId' is defined 	1501482380031
GROUP	Failed to build request PURCHASE A TRIP FOR QUOTED PRICE.: No attribute named 'priceRequestId' is defined 	1501482380031
REQUEST	PURCHASE TRIP FROM FREEBIRD.	39		QUOTE PRICE FOR OUTBOUND TRIP WITH ONE SLICE TWO SEGMENTS ONE LEG.	1501482378792	1501482380061	KO	status.find.is(200), but actually found 422
GROUP	Failed to build request PURCHASE A TRIP FOR QUOTED PRICE.: No attribute named 'priceRequestId' is defined 	1501482380063
REQUEST	PURCHASE TRIP FROM FREEBIRD.	21		QUOTE PRICE FOR OUTBOUND TRIP WITH ONE SLICE TWO SEGMENTS ONE LEG.	1501482378760	1501482380061	KO	status.find.is(200), but actually found 422
GROUP	Failed to build request PURCHASE A TRIP FOR QUOTED PRICE.: No attribute named 'priceRequestId' is defined 	1501482380065
REQUEST	PURCHASE TRIP FROM FREEBIRD.	45		QUOTE PRICE FOR OUTBOUND TRIP WITH ONE SLICE TWO SEGMENTS ONE LEG.	1501482378801	1501482380072	KO	status.find.is(200), but actually found 422
REQUEST	PURCHASE TRIP FROM FREEBIRD.	38		QUOTE PRICE FOR OUTBOUND TRIP WITH ONE SLICE TWO SEGMENTS ONE LEG.	1501482378790	1501482380072	KO	status.find.is(200), but actually found 422
GROUP	Failed to build request PURCHASE A TRIP FOR QUOTED PRICE.: No attribute named 'priceRequestId' is defined 	1501482380074
GROUP	Failed to build request PURCHASE A TRIP FOR QUOTED PRICE.: No attribute named 'priceRequestId' is defined 	1501482380074
REQUEST	PURCHASE TRIP FROM FREEBIRD.	6		QUOTE PRICE FOR OUTBOUND TRIP WITH ONE SLICE TWO SEGMENTS ONE LEG.	1501482378745	1501482380075	KO	status.find.is(200), but actually found 422
GROUP	Failed to build request PURCHASE A TRIP FOR QUOTED PRICE.: No attribute named 'priceRequestId' is defined 	1501482380076
GROUP	Failed to build request FETCH TRIP INFO OF MY PURCHASED TRIP.: No attribute named 'tripId' is defined 	1501482381473
GROUP	Failed to build request FETCH TRIP INFO OF MY PURCHASED TRIP.: No attribute named 'tripId' is defined 	1501482381560
GROUP	Failed to build request FETCH TRIP INFO OF MY PURCHASED TRIP.: No attribute named 'tripId' is defined 	1501482381580
GROUP	Failed to build request FETCH TRIP INFO OF MY PURCHASED TRIP.: No attribute named 'tripId' is defined 	1501482381609
GROUP	Failed to build request FETCH TRIP INFO OF MY PURCHASED TRIP.: No attribute named 'tripId' is defined 	1501482381619
GROUP	Failed to build request FETCH TRIP INFO OF MY PURCHASED TRIP.: No attribute named 'tripId' is defined 	1501482381629
GROUP	Failed to build request FETCH TRIP INFO OF MY PURCHASED TRIP.: No attribute named 'tripId' is defined 	1501482381640
GROUP	Failed to build request FETCH TRIP INFO OF MY PURCHASED TRIP.: No attribute named 'tripId' is defined 	1501482381660
GROUP	Failed to build request FETCH TRIP INFO OF MY PURCHASED TRIP.: No attribute named 'tripId' is defined 	1501482381699
GROUP	Failed to build request FETCH TRIP INFO OF MY PURCHASED TRIP.: No attribute named 'tripId' is defined 	1501482381720
GROUP	Failed to build request FETCH TRIP INFO OF MY PURCHASED TRIP.: No attribute named 'tripId' is defined 	1501482381720
GROUP	Failed to build request FETCH TRIP INFO OF MY PURCHASED TRIP.: No attribute named 'tripId' is defined 	1501482381730
GROUP	Failed to build request FETCH TRIP INFO OF MY PURCHASED TRIP.: No attribute named 'tripId' is defined 	1501482381750
GROUP	Failed to build request FETCH TRIP INFO OF MY PURCHASED TRIP.: No attribute named 'tripId' is defined 	1501482381750
GROUP	Failed to build request FETCH TRIP INFO OF MY PURCHASED TRIP.: No attribute named 'tripId' is defined 	1501482381769
GROUP	Failed to build request FETCH TRIP INFO OF MY PURCHASED TRIP.: No attribute named 'tripId' is defined 	1501482381780
GROUP	Failed to build request FETCH TRIP INFO OF MY PURCHASED TRIP.: No attribute named 'tripId' is defined 	1501482381800
GROUP	Failed to build request FETCH TRIP INFO OF MY PURCHASED TRIP.: No attribute named 'tripId' is defined 	1501482381810
GROUP	Failed to build request FETCH TRIP INFO OF MY PURCHASED TRIP.: No attribute named 'tripId' is defined 	1501482381810
GROUP	Failed to build request FETCH TRIP INFO OF MY PURCHASED TRIP.: No attribute named 'tripId' is defined 	1501482381839
GROUP	Failed to build request FETCH TRIP INFO OF MY PURCHASED TRIP.: No attribute named 'tripId' is defined 	1501482381839
GROUP	Failed to build request FETCH TRIP INFO OF MY PURCHASED TRIP.: No attribute named 'tripId' is defined 	1501482381839
GROUP	Failed to build request FETCH TRIP INFO OF MY PURCHASED TRIP.: No attribute named 'tripId' is defined 	1501482381840
GROUP	Failed to build request FETCH TRIP INFO OF MY PURCHASED TRIP.: No attribute named 'tripId' is defined 	1501482381849
GROUP	Failed to build request FETCH TRIP INFO OF MY PURCHASED TRIP.: No attribute named 'tripId' is defined 	1501482381870
GROUP	Failed to build request FETCH TRIP INFO OF MY PURCHASED TRIP.: No attribute named 'tripId' is defined 	1501482381870
GROUP	Failed to build request FETCH TRIP INFO OF MY PURCHASED TRIP.: No attribute named 'tripId' is defined 	1501482381870
GROUP	Failed to build request FETCH TRIP INFO OF MY PURCHASED TRIP.: No attribute named 'tripId' is defined 	1501482381890
GROUP	Failed to build request FETCH TRIP INFO OF MY PURCHASED TRIP.: No attribute named 'tripId' is defined 	1501482381890
GROUP	Failed to build request FETCH TRIP INFO OF MY PURCHASED TRIP.: No attribute named 'tripId' is defined 	1501482381919
GROUP	Failed to build request FETCH TRIP INFO OF MY PURCHASED TRIP.: No attribute named 'tripId' is defined 	1501482381919
GROUP	Failed to build request FETCH TRIP INFO OF MY PURCHASED TRIP.: No attribute named 'tripId' is defined 	1501482381940
GROUP	Failed to build request FETCH TRIP INFO OF MY PURCHASED TRIP.: No attribute named 'tripId' is defined 	1501482381950
GROUP	Failed to build request FETCH TRIP INFO OF MY PURCHASED TRIP.: No attribute named 'tripId' is defined 	1501482381950
GROUP	Failed to build request FETCH TRIP INFO OF MY PURCHASED TRIP.: No attribute named 'tripId' is defined 	1501482381950
GROUP	Failed to build request FETCH TRIP INFO OF MY PURCHASED TRIP.: No attribute named 'tripId' is defined 	1501482381960
GROUP	Failed to build request FETCH TRIP INFO OF MY PURCHASED TRIP.: No attribute named 'tripId' is defined 	1501482381960
GROUP	Failed to build request FETCH TRIP INFO OF MY PURCHASED TRIP.: No attribute named 'tripId' is defined 	1501482381970
GROUP	Failed to build request FETCH TRIP INFO OF MY PURCHASED TRIP.: No attribute named 'tripId' is defined 	1501482381980
GROUP	Failed to build request FETCH TRIP INFO OF MY PURCHASED TRIP.: No attribute named 'tripId' is defined 	1501482381980
GROUP	Failed to build request FETCH TRIP INFO OF MY PURCHASED TRIP.: No attribute named 'tripId' is defined 	1501482381999
GROUP	Failed to build request FETCH TRIP INFO OF MY PURCHASED TRIP.: No attribute named 'tripId' is defined 	1501482382030
GROUP	Failed to build request FETCH TRIP INFO OF MY PURCHASED TRIP.: No attribute named 'tripId' is defined 	1501482382030
GROUP	Failed to build request FETCH TRIP INFO OF MY PURCHASED TRIP.: No attribute named 'tripId' is defined 	1501482382050
GROUP	Failed to build request FETCH TRIP INFO OF MY PURCHASED TRIP.: No attribute named 'tripId' is defined 	1501482382050
GROUP	Failed to build request FETCH TRIP INFO OF MY PURCHASED TRIP.: No attribute named 'tripId' is defined 	1501482382079
GROUP	Failed to build request FETCH TRIP INFO OF MY PURCHASED TRIP.: No attribute named 'tripId' is defined 	1501482382079
GROUP	Failed to build request FETCH TRIP INFO OF MY PURCHASED TRIP.: No attribute named 'tripId' is defined 	1501482382089
GROUP	Failed to build request FETCH TRIP INFO OF MY PURCHASED TRIP.: No attribute named 'tripId' is defined 	1501482382089
GROUP	Failed to build request FETCH TRIP INFO OF MY PURCHASED TRIP.: No attribute named 'tripId' is defined 	1501482382089
GROUP	Failed to build request DISRUPT PURCHASED TRIP.: No attribute named 'legId' is defined 	1501482386470
GROUP	Failed to build request DISRUPT PURCHASED TRIP.: No attribute named 'legId' is defined 	1501482386560
GROUP	Failed to build request DISRUPT PURCHASED TRIP.: No attribute named 'legId' is defined 	1501482386589
GROUP	Failed to build request DISRUPT PURCHASED TRIP.: No attribute named 'legId' is defined 	1501482386620
GROUP	Failed to build request DISRUPT PURCHASED TRIP.: No attribute named 'legId' is defined 	1501482386620
GROUP	Failed to build request DISRUPT PURCHASED TRIP.: No attribute named 'legId' is defined 	1501482386640
GROUP	Failed to build request DISRUPT PURCHASED TRIP.: No attribute named 'legId' is defined 	1501482386640
GROUP	Failed to build request DISRUPT PURCHASED TRIP.: No attribute named 'legId' is defined 	1501482386669
GROUP	Failed to build request DISRUPT PURCHASED TRIP.: No attribute named 'legId' is defined 	1501482386710
GROUP	Failed to build request DISRUPT PURCHASED TRIP.: No attribute named 'legId' is defined 	1501482386720
GROUP	Failed to build request DISRUPT PURCHASED TRIP.: No attribute named 'legId' is defined 	1501482386730
GROUP	Failed to build request DISRUPT PURCHASED TRIP.: No attribute named 'legId' is defined 	1501482386740
GROUP	Failed to build request DISRUPT PURCHASED TRIP.: No attribute named 'legId' is defined 	1501482386749
GROUP	Failed to build request DISRUPT PURCHASED TRIP.: No attribute named 'legId' is defined 	1501482386749
GROUP	Failed to build request DISRUPT PURCHASED TRIP.: No attribute named 'legId' is defined 	1501482386780
GROUP	Failed to build request DISRUPT PURCHASED TRIP.: No attribute named 'legId' is defined 	1501482386790
GROUP	Failed to build request DISRUPT PURCHASED TRIP.: No attribute named 'legId' is defined 	1501482386800
GROUP	Failed to build request DISRUPT PURCHASED TRIP.: No attribute named 'legId' is defined 	1501482386810
GROUP	Failed to build request DISRUPT PURCHASED TRIP.: No attribute named 'legId' is defined 	1501482386810
GROUP	Failed to build request DISRUPT PURCHASED TRIP.: No attribute named 'legId' is defined 	1501482386850
GROUP	Failed to build request DISRUPT PURCHASED TRIP.: No attribute named 'legId' is defined 	1501482386850
GROUP	Failed to build request DISRUPT PURCHASED TRIP.: No attribute named 'legId' is defined 	1501482386850
GROUP	Failed to build request DISRUPT PURCHASED TRIP.: No attribute named 'legId' is defined 	1501482386850
GROUP	Failed to build request DISRUPT PURCHASED TRIP.: No attribute named 'legId' is defined 	1501482386860
GROUP	Failed to build request DISRUPT PURCHASED TRIP.: No attribute named 'legId' is defined 	1501482386870
GROUP	Failed to build request DISRUPT PURCHASED TRIP.: No attribute named 'legId' is defined 	1501482386880
GROUP	Failed to build request DISRUPT PURCHASED TRIP.: No attribute named 'legId' is defined 	1501482386880
GROUP	Failed to build request DISRUPT PURCHASED TRIP.: No attribute named 'legId' is defined 	1501482386899
GROUP	Failed to build request DISRUPT PURCHASED TRIP.: No attribute named 'legId' is defined 	1501482386899
GROUP	Failed to build request DISRUPT PURCHASED TRIP.: No attribute named 'legId' is defined 	1501482386930
GROUP	Failed to build request DISRUPT PURCHASED TRIP.: No attribute named 'legId' is defined 	1501482386930
GROUP	Failed to build request DISRUPT PURCHASED TRIP.: No attribute named 'legId' is defined 	1501482386950
GROUP	Failed to build request DISRUPT PURCHASED TRIP.: No attribute named 'legId' is defined 	1501482386950
GROUP	Failed to build request DISRUPT PURCHASED TRIP.: No attribute named 'legId' is defined 	1501482386950
GROUP	Failed to build request DISRUPT PURCHASED TRIP.: No attribute named 'legId' is defined 	1501482386960
GROUP	Failed to build request DISRUPT PURCHASED TRIP.: No attribute named 'legId' is defined 	1501482386969
GROUP	Failed to build request DISRUPT PURCHASED TRIP.: No attribute named 'legId' is defined 	1501482386969
GROUP	Failed to build request DISRUPT PURCHASED TRIP.: No attribute named 'legId' is defined 	1501482386980
GROUP	Failed to build request DISRUPT PURCHASED TRIP.: No attribute named 'legId' is defined 	1501482386980
GROUP	Failed to build request DISRUPT PURCHASED TRIP.: No attribute named 'legId' is defined 	1501482386990
GROUP	Failed to build request DISRUPT PURCHASED TRIP.: No attribute named 'legId' is defined 	1501482387010
GROUP	Failed to build request DISRUPT PURCHASED TRIP.: No attribute named 'legId' is defined 	1501482387040
GROUP	Failed to build request DISRUPT PURCHASED TRIP.: No attribute named 'legId' is defined 	1501482387040
GROUP	Failed to build request DISRUPT PURCHASED TRIP.: No attribute named 'legId' is defined 	1501482387049
GROUP	Failed to build request DISRUPT PURCHASED TRIP.: No attribute named 'legId' is defined 	1501482387049
GROUP	Failed to build request DISRUPT PURCHASED TRIP.: No attribute named 'legId' is defined 	1501482387090
GROUP	Failed to build request DISRUPT PURCHASED TRIP.: No attribute named 'legId' is defined 	1501482387090
GROUP	Failed to build request DISRUPT PURCHASED TRIP.: No attribute named 'legId' is defined 	1501482387100
GROUP	Failed to build request DISRUPT PURCHASED TRIP.: No attribute named 'legId' is defined 	1501482387100
GROUP	Failed to build request DISRUPT PURCHASED TRIP.: No attribute named 'legId' is defined 	1501482387100
GROUP	Failed to build request FETCH REBOOKING OPPORTUNITY FROM FREEBIRD.: No attribute named 'tripId' is defined 	1501482441469
GROUP	Failed to build request FETCH REBOOKING OPPORTUNITY FROM FREEBIRD.: No attribute named 'tripId' is defined 	1501482441569
GROUP	Failed to build request FETCH REBOOKING OPPORTUNITY FROM FREEBIRD.: No attribute named 'tripId' is defined 	1501482441589
GROUP	Failed to build request FETCH REBOOKING OPPORTUNITY FROM FREEBIRD.: No attribute named 'tripId' is defined 	1501482441620
GROUP	Failed to build request FETCH REBOOKING OPPORTUNITY FROM FREEBIRD.: No attribute named 'tripId' is defined 	1501482441620
GROUP	Failed to build request FETCH REBOOKING OPPORTUNITY FROM FREEBIRD.: No attribute named 'tripId' is defined 	1501482441640
GROUP	Failed to build request FETCH REBOOKING OPPORTUNITY FROM FREEBIRD.: No attribute named 'tripId' is defined 	1501482441640
GROUP	Failed to build request FETCH REBOOKING OPPORTUNITY FROM FREEBIRD.: No attribute named 'tripId' is defined 	1501482441669
GROUP	Failed to build request FETCH REBOOKING OPPORTUNITY FROM FREEBIRD.: No attribute named 'tripId' is defined 	1501482441710
GROUP	Failed to build request FETCH REBOOKING OPPORTUNITY FROM FREEBIRD.: No attribute named 'tripId' is defined 	1501482441720
GROUP	Failed to build request FETCH REBOOKING OPPORTUNITY FROM FREEBIRD.: No attribute named 'tripId' is defined 	1501482441730
GROUP	Failed to build request FETCH REBOOKING OPPORTUNITY FROM FREEBIRD.: No attribute named 'tripId' is defined 	1501482441740
GROUP	Failed to build request FETCH REBOOKING OPPORTUNITY FROM FREEBIRD.: No attribute named 'tripId' is defined 	1501482441749
GROUP	Failed to build request FETCH REBOOKING OPPORTUNITY FROM FREEBIRD.: No attribute named 'tripId' is defined 	1501482441759
GROUP	Failed to build request FETCH REBOOKING OPPORTUNITY FROM FREEBIRD.: No attribute named 'tripId' is defined 	1501482441779
GROUP	Failed to build request FETCH REBOOKING OPPORTUNITY FROM FREEBIRD.: No attribute named 'tripId' is defined 	1501482441790
GROUP	Failed to build request FETCH REBOOKING OPPORTUNITY FROM FREEBIRD.: No attribute named 'tripId' is defined 	1501482441810
GROUP	Failed to build request FETCH REBOOKING OPPORTUNITY FROM FREEBIRD.: No attribute named 'tripId' is defined 	1501482441820
GROUP	Failed to build request FETCH REBOOKING OPPORTUNITY FROM FREEBIRD.: No attribute named 'tripId' is defined 	1501482441820
GROUP	Failed to build request FETCH REBOOKING OPPORTUNITY FROM FREEBIRD.: No attribute named 'tripId' is defined 	1501482441849
GROUP	Failed to build request FETCH REBOOKING OPPORTUNITY FROM FREEBIRD.: No attribute named 'tripId' is defined 	1501482441849
GROUP	Failed to build request FETCH REBOOKING OPPORTUNITY FROM FREEBIRD.: No attribute named 'tripId' is defined 	1501482441850
GROUP	Failed to build request FETCH REBOOKING OPPORTUNITY FROM FREEBIRD.: No attribute named 'tripId' is defined 	1501482441850
GROUP	Failed to build request FETCH REBOOKING OPPORTUNITY FROM FREEBIRD.: No attribute named 'tripId' is defined 	1501482441859
GROUP	Failed to build request FETCH REBOOKING OPPORTUNITY FROM FREEBIRD.: No attribute named 'tripId' is defined 	1501482441880
GROUP	Failed to build request FETCH REBOOKING OPPORTUNITY FROM FREEBIRD.: No attribute named 'tripId' is defined 	1501482441880
GROUP	Failed to build request FETCH REBOOKING OPPORTUNITY FROM FREEBIRD.: No attribute named 'tripId' is defined 	1501482441880
GROUP	Failed to build request FETCH REBOOKING OPPORTUNITY FROM FREEBIRD.: No attribute named 'tripId' is defined 	1501482441900
GROUP	Failed to build request FETCH REBOOKING OPPORTUNITY FROM FREEBIRD.: No attribute named 'tripId' is defined 	1501482441900
GROUP	Failed to build request FETCH REBOOKING OPPORTUNITY FROM FREEBIRD.: No attribute named 'tripId' is defined 	1501482441930
GROUP	Failed to build request FETCH REBOOKING OPPORTUNITY FROM FREEBIRD.: No attribute named 'tripId' is defined 	1501482441931
GROUP	Failed to build request FETCH REBOOKING OPPORTUNITY FROM FREEBIRD.: No attribute named 'tripId' is defined 	1501482441949
GROUP	Failed to build request FETCH REBOOKING OPPORTUNITY FROM FREEBIRD.: No attribute named 'tripId' is defined 	1501482441949
GROUP	Failed to build request FETCH REBOOKING OPPORTUNITY FROM FREEBIRD.: No attribute named 'tripId' is defined 	1501482441960
GROUP	Failed to build request FETCH REBOOKING OPPORTUNITY FROM FREEBIRD.: No attribute named 'tripId' is defined 	1501482441960
GROUP	Failed to build request FETCH REBOOKING OPPORTUNITY FROM FREEBIRD.: No attribute named 'tripId' is defined 	1501482441970
GROUP	Failed to build request FETCH REBOOKING OPPORTUNITY FROM FREEBIRD.: No attribute named 'tripId' is defined 	1501482441970
GROUP	Failed to build request FETCH REBOOKING OPPORTUNITY FROM FREEBIRD.: No attribute named 'tripId' is defined 	1501482441980
GROUP	Failed to build request FETCH REBOOKING OPPORTUNITY FROM FREEBIRD.: No attribute named 'tripId' is defined 	1501482441980
GROUP	Failed to build request FETCH REBOOKING OPPORTUNITY FROM FREEBIRD.: No attribute named 'tripId' is defined 	1501482441990
GROUP	Failed to build request FETCH REBOOKING OPPORTUNITY FROM FREEBIRD.: No attribute named 'tripId' is defined 	1501482442010
GROUP	Failed to build request FETCH REBOOKING OPPORTUNITY FROM FREEBIRD.: No attribute named 'tripId' is defined 	1501482442040
GROUP	Failed to build request FETCH REBOOKING OPPORTUNITY FROM FREEBIRD.: No attribute named 'tripId' is defined 	1501482442040
GROUP	Failed to build request FETCH REBOOKING OPPORTUNITY FROM FREEBIRD.: No attribute named 'tripId' is defined 	1501482442060
GROUP	Failed to build request FETCH REBOOKING OPPORTUNITY FROM FREEBIRD.: No attribute named 'tripId' is defined 	1501482442060
GROUP	Failed to build request FETCH REBOOKING OPPORTUNITY FROM FREEBIRD.: No attribute named 'tripId' is defined 	1501482442090
GROUP	Failed to build request FETCH REBOOKING OPPORTUNITY FROM FREEBIRD.: No attribute named 'tripId' is defined 	1501482442090
GROUP	Failed to build request FETCH REBOOKING OPPORTUNITY FROM FREEBIRD.: No attribute named 'tripId' is defined 	1501482442100
GROUP	Failed to build request FETCH REBOOKING OPPORTUNITY FROM FREEBIRD.: No attribute named 'tripId' is defined 	1501482442100
GROUP	Failed to build request FETCH REBOOKING OPPORTUNITY FROM FREEBIRD.: No attribute named 'tripId' is defined 	1501482442100
GROUP	Failed to build request FETCH REBOOKING OPPORTUNITY FROM FREEBIRD.: No attribute named 'tripId' is defined 	1501482491469
GROUP	Failed to build request FETCH REBOOKING OPPORTUNITY FROM FREEBIRD.: No attribute named 'tripId' is defined 	1501482491569
GROUP	Failed to build request FETCH REBOOKING OPPORTUNITY FROM FREEBIRD.: No attribute named 'tripId' is defined 	1501482491590
GROUP	Failed to build request FETCH REBOOKING OPPORTUNITY FROM FREEBIRD.: No attribute named 'tripId' is defined 	1501482491620
GROUP	Failed to build request FETCH REBOOKING OPPORTUNITY FROM FREEBIRD.: No attribute named 'tripId' is defined 	1501482491620
GROUP	Failed to build request FETCH REBOOKING OPPORTUNITY FROM FREEBIRD.: No attribute named 'tripId' is defined 	1501482491639
GROUP	Failed to build request FETCH REBOOKING OPPORTUNITY FROM FREEBIRD.: No attribute named 'tripId' is defined 	1501482491639
GROUP	Failed to build request FETCH REBOOKING OPPORTUNITY FROM FREEBIRD.: No attribute named 'tripId' is defined 	1501482491669
GROUP	Failed to build request FETCH REBOOKING OPPORTUNITY FROM FREEBIRD.: No attribute named 'tripId' is defined 	1501482491710
GROUP	Failed to build request FETCH REBOOKING OPPORTUNITY FROM FREEBIRD.: No attribute named 'tripId' is defined 	1501482491720
GROUP	Failed to build request FETCH REBOOKING OPPORTUNITY FROM FREEBIRD.: No attribute named 'tripId' is defined 	1501482491730
GROUP	Failed to build request FETCH REBOOKING OPPORTUNITY FROM FREEBIRD.: No attribute named 'tripId' is defined 	1501482491739
GROUP	Failed to build request FETCH REBOOKING OPPORTUNITY FROM FREEBIRD.: No attribute named 'tripId' is defined 	1501482491759
GROUP	Failed to build request FETCH REBOOKING OPPORTUNITY FROM FREEBIRD.: No attribute named 'tripId' is defined 	1501482491759
GROUP	Failed to build request FETCH REBOOKING OPPORTUNITY FROM FREEBIRD.: No attribute named 'tripId' is defined 	1501482491780
GROUP	Failed to build request FETCH REBOOKING OPPORTUNITY FROM FREEBIRD.: No attribute named 'tripId' is defined 	1501482491790
GROUP	Failed to build request FETCH REBOOKING OPPORTUNITY FROM FREEBIRD.: No attribute named 'tripId' is defined 	1501482491800
GROUP	Failed to build request FETCH REBOOKING OPPORTUNITY FROM FREEBIRD.: No attribute named 'tripId' is defined 	1501482491819
GROUP	Failed to build request FETCH REBOOKING OPPORTUNITY FROM FREEBIRD.: No attribute named 'tripId' is defined 	1501482491819
GROUP	Failed to build request FETCH REBOOKING OPPORTUNITY FROM FREEBIRD.: No attribute named 'tripId' is defined 	1501482491850
GROUP	Failed to build request FETCH REBOOKING OPPORTUNITY FROM FREEBIRD.: No attribute named 'tripId' is defined 	1501482491850
GROUP	Failed to build request FETCH REBOOKING OPPORTUNITY FROM FREEBIRD.: No attribute named 'tripId' is defined 	1501482491850
GROUP	Failed to build request FETCH REBOOKING OPPORTUNITY FROM FREEBIRD.: No attribute named 'tripId' is defined 	1501482491850
GROUP	Failed to build request FETCH REBOOKING OPPORTUNITY FROM FREEBIRD.: No attribute named 'tripId' is defined 	1501482491860
GROUP	Failed to build request FETCH REBOOKING OPPORTUNITY FROM FREEBIRD.: No attribute named 'tripId' is defined 	1501482491880
GROUP	Failed to build request FETCH REBOOKING OPPORTUNITY FROM FREEBIRD.: No attribute named 'tripId' is defined 	1501482491880
GROUP	Failed to build request FETCH REBOOKING OPPORTUNITY FROM FREEBIRD.: No attribute named 'tripId' is defined 	1501482491880
GROUP	Failed to build request FETCH REBOOKING OPPORTUNITY FROM FREEBIRD.: No attribute named 'tripId' is defined 	1501482491900
GROUP	Failed to build request FETCH REBOOKING OPPORTUNITY FROM FREEBIRD.: No attribute named 'tripId' is defined 	1501482491900
GROUP	Failed to build request FETCH REBOOKING OPPORTUNITY FROM FREEBIRD.: No attribute named 'tripId' is defined 	1501482491930
GROUP	Failed to build request FETCH REBOOKING OPPORTUNITY FROM FREEBIRD.: No attribute named 'tripId' is defined 	1501482491930
GROUP	Failed to build request FETCH REBOOKING OPPORTUNITY FROM FREEBIRD.: No attribute named 'tripId' is defined 	1501482491950
GROUP	Failed to build request FETCH REBOOKING OPPORTUNITY FROM FREEBIRD.: No attribute named 'tripId' is defined 	1501482491950
GROUP	Failed to build request FETCH REBOOKING OPPORTUNITY FROM FREEBIRD.: No attribute named 'tripId' is defined 	1501482491960
GROUP	Failed to build request FETCH REBOOKING OPPORTUNITY FROM FREEBIRD.: No attribute named 'tripId' is defined 	1501482491960
GROUP	Failed to build request FETCH REBOOKING OPPORTUNITY FROM FREEBIRD.: No attribute named 'tripId' is defined 	1501482491970
GROUP	Failed to build request FETCH REBOOKING OPPORTUNITY FROM FREEBIRD.: No attribute named 'tripId' is defined 	1501482491970
GROUP	Failed to build request FETCH REBOOKING OPPORTUNITY FROM FREEBIRD.: No attribute named 'tripId' is defined 	1501482491980
GROUP	Failed to build request FETCH REBOOKING OPPORTUNITY FROM FREEBIRD.: No attribute named 'tripId' is defined 	1501482491980
GROUP	Failed to build request FETCH REBOOKING OPPORTUNITY FROM FREEBIRD.: No attribute named 'tripId' is defined 	1501482491990
GROUP	Failed to build request FETCH REBOOKING OPPORTUNITY FROM FREEBIRD.: No attribute named 'tripId' is defined 	1501482492009
GROUP	Failed to build request FETCH REBOOKING OPPORTUNITY FROM FREEBIRD.: No attribute named 'tripId' is defined 	1501482492040
GROUP	Failed to build request FETCH REBOOKING OPPORTUNITY FROM FREEBIRD.: No attribute named 'tripId' is defined 	1501482492040
GROUP	Failed to build request FETCH REBOOKING OPPORTUNITY FROM FREEBIRD.: No attribute named 'tripId' is defined 	1501482492060
GROUP	Failed to build request FETCH REBOOKING OPPORTUNITY FROM FREEBIRD.: No attribute named 'tripId' is defined 	1501482492060
GROUP	Failed to build request FETCH REBOOKING OPPORTUNITY FROM FREEBIRD.: No attribute named 'tripId' is defined 	1501482492089
GROUP	Failed to build request FETCH REBOOKING OPPORTUNITY FROM FREEBIRD.: No attribute named 'tripId' is defined 	1501482492089
GROUP	Failed to build request FETCH REBOOKING OPPORTUNITY FROM FREEBIRD.: No attribute named 'tripId' is defined 	1501482492099
GROUP	Failed to build request FETCH REBOOKING OPPORTUNITY FROM FREEBIRD.: No attribute named 'tripId' is defined 	1501482492099
GROUP	Failed to build request FETCH REBOOKING OPPORTUNITY FROM FREEBIRD.: No attribute named 'tripId' is defined 	1501482492099
GROUP	Failed to build request FETCH REBOOKING OPPORTUNITY FROM FREEBIRD.: No attribute named 'tripId' is defined 	1501482541480
GROUP	Failed to build request FETCH REBOOKING OPPORTUNITY FROM FREEBIRD.: No attribute named 'tripId' is defined 	1501482541569
GROUP	Failed to build request FETCH REBOOKING OPPORTUNITY FROM FREEBIRD.: No attribute named 'tripId' is defined 	1501482541590
GROUP	Failed to build request FETCH REBOOKING OPPORTUNITY FROM FREEBIRD.: No attribute named 'tripId' is defined 	1501482541620
GROUP	Failed to build request FETCH REBOOKING OPPORTUNITY FROM FREEBIRD.: No attribute named 'tripId' is defined 	1501482541620
GROUP	Failed to build request FETCH REBOOKING OPPORTUNITY FROM FREEBIRD.: No attribute named 'tripId' is defined 	1501482541639
GROUP	Failed to build request FETCH REBOOKING OPPORTUNITY FROM FREEBIRD.: No attribute named 'tripId' is defined 	1501482541639
GROUP	Failed to build request FETCH REBOOKING OPPORTUNITY FROM FREEBIRD.: No attribute named 'tripId' is defined 	1501482541670
GROUP	Failed to build request FETCH REBOOKING OPPORTUNITY FROM FREEBIRD.: No attribute named 'tripId' is defined 	1501482541710
GROUP	Failed to build request FETCH REBOOKING OPPORTUNITY FROM FREEBIRD.: No attribute named 'tripId' is defined 	1501482541719
GROUP	Failed to build request FETCH REBOOKING OPPORTUNITY FROM FREEBIRD.: No attribute named 'tripId' is defined 	1501482541729
GROUP	Failed to build request FETCH REBOOKING OPPORTUNITY FROM FREEBIRD.: No attribute named 'tripId' is defined 	1501482541739
GROUP	Failed to build request FETCH REBOOKING OPPORTUNITY FROM FREEBIRD.: No attribute named 'tripId' is defined 	1501482541760
GROUP	Failed to build request FETCH REBOOKING OPPORTUNITY FROM FREEBIRD.: No attribute named 'tripId' is defined 	1501482541760
GROUP	Failed to build request FETCH REBOOKING OPPORTUNITY FROM FREEBIRD.: No attribute named 'tripId' is defined 	1501482541780
GROUP	Failed to build request FETCH REBOOKING OPPORTUNITY FROM FREEBIRD.: No attribute named 'tripId' is defined 	1501482541790
GROUP	Failed to build request FETCH REBOOKING OPPORTUNITY FROM FREEBIRD.: No attribute named 'tripId' is defined 	1501482541800
GROUP	Failed to build request FETCH REBOOKING OPPORTUNITY FROM FREEBIRD.: No attribute named 'tripId' is defined 	1501482541820
GROUP	Failed to build request FETCH REBOOKING OPPORTUNITY FROM FREEBIRD.: No attribute named 'tripId' is defined 	1501482541821
GROUP	Failed to build request FETCH REBOOKING OPPORTUNITY FROM FREEBIRD.: No attribute named 'tripId' is defined 	1501482541849
GROUP	Failed to build request FETCH REBOOKING OPPORTUNITY FROM FREEBIRD.: No attribute named 'tripId' is defined 	1501482541849
GROUP	Failed to build request FETCH REBOOKING OPPORTUNITY FROM FREEBIRD.: No attribute named 'tripId' is defined 	1501482541849
GROUP	Failed to build request FETCH REBOOKING OPPORTUNITY FROM FREEBIRD.: No attribute named 'tripId' is defined 	1501482541849
GROUP	Failed to build request FETCH REBOOKING OPPORTUNITY FROM FREEBIRD.: No attribute named 'tripId' is defined 	1501482541859
GROUP	Failed to build request FETCH REBOOKING OPPORTUNITY FROM FREEBIRD.: No attribute named 'tripId' is defined 	1501482541879
GROUP	Failed to build request FETCH REBOOKING OPPORTUNITY FROM FREEBIRD.: No attribute named 'tripId' is defined 	1501482541879
GROUP	Failed to build request FETCH REBOOKING OPPORTUNITY FROM FREEBIRD.: No attribute named 'tripId' is defined 	1501482541879
GROUP	Failed to build request FETCH REBOOKING OPPORTUNITY FROM FREEBIRD.: No attribute named 'tripId' is defined 	1501482541900
GROUP	Failed to build request FETCH REBOOKING OPPORTUNITY FROM FREEBIRD.: No attribute named 'tripId' is defined 	1501482541900
GROUP	Failed to build request FETCH REBOOKING OPPORTUNITY FROM FREEBIRD.: No attribute named 'tripId' is defined 	1501482541930
GROUP	Failed to build request FETCH REBOOKING OPPORTUNITY FROM FREEBIRD.: No attribute named 'tripId' is defined 	1501482541930
GROUP	Failed to build request FETCH REBOOKING OPPORTUNITY FROM FREEBIRD.: No attribute named 'tripId' is defined 	1501482541949
GROUP	Failed to build request FETCH REBOOKING OPPORTUNITY FROM FREEBIRD.: No attribute named 'tripId' is defined 	1501482541949
GROUP	Failed to build request FETCH REBOOKING OPPORTUNITY FROM FREEBIRD.: No attribute named 'tripId' is defined 	1501482541959
GROUP	Failed to build request FETCH REBOOKING OPPORTUNITY FROM FREEBIRD.: No attribute named 'tripId' is defined 	1501482541959
GROUP	Failed to build request FETCH REBOOKING OPPORTUNITY FROM FREEBIRD.: No attribute named 'tripId' is defined 	1501482541969
GROUP	Failed to build request FETCH REBOOKING OPPORTUNITY FROM FREEBIRD.: No attribute named 'tripId' is defined 	1501482541969
GROUP	Failed to build request FETCH REBOOKING OPPORTUNITY FROM FREEBIRD.: No attribute named 'tripId' is defined 	1501482541979
GROUP	Failed to build request FETCH REBOOKING OPPORTUNITY FROM FREEBIRD.: No attribute named 'tripId' is defined 	1501482541979
GROUP	Failed to build request FETCH REBOOKING OPPORTUNITY FROM FREEBIRD.: No attribute named 'tripId' is defined 	1501482541990
GROUP	Failed to build request FETCH REBOOKING OPPORTUNITY FROM FREEBIRD.: No attribute named 'tripId' is defined 	1501482542010
GROUP	Failed to build request FETCH REBOOKING OPPORTUNITY FROM FREEBIRD.: No attribute named 'tripId' is defined 	1501482542040
GROUP	Failed to build request FETCH REBOOKING OPPORTUNITY FROM FREEBIRD.: No attribute named 'tripId' is defined 	1501482542040
GROUP	Failed to build request FETCH REBOOKING OPPORTUNITY FROM FREEBIRD.: No attribute named 'tripId' is defined 	1501482542059
GROUP	Failed to build request FETCH REBOOKING OPPORTUNITY FROM FREEBIRD.: No attribute named 'tripId' is defined 	1501482542059
GROUP	Failed to build request FETCH REBOOKING OPPORTUNITY FROM FREEBIRD.: No attribute named 'tripId' is defined 	1501482542090
