RUN	com.freebird.stresstest.TripInfo		tripinfo	1500375189516	 	2.0
USER	GET TRIP INFO	1	START	1500375191584	1500375191584
USER	GET TRIP INFO	2	START	1500375191593	1500375191593
USER	GET TRIP INFO	3	START	1500375191593	1500375191593
USER	GET TRIP INFO	4	START	1500375191594	1500375191594
USER	GET TRIP INFO	5	START	1500375191594	1500375191594
USER	GET TRIP INFO	6	START	1500375191594	1500375191594
USER	GET TRIP INFO	7	START	1500375191594	1500375191594
USER	GET TRIP INFO	8	START	1500375191594	1500375191594
USER	GET TRIP INFO	9	START	1500375191594	1500375191594
USER	GET TRIP INFO	10	START	1500375191594	1500375191594
REQUEST	GET TRIP INFO	2		FETCH TRIP INFO OF MY PURCHASED TRIP.	1500375191674	1500375198035	OK	 
REQUEST	GET TRIP INFO	5		FETCH TRIP INFO OF MY PURCHASED TRIP.	1500375191687	1500375197931	OK	 
REQUEST	GET TRIP INFO	4		FETCH TRIP INFO OF MY PURCHASED TRIP.	1500375191683	1500375198069	OK	 
REQUEST	GET TRIP INFO	3		FETCH TRIP INFO OF MY PURCHASED TRIP.	1500375191680	1500375197931	OK	 
REQUEST	GET TRIP INFO	7		FETCH TRIP INFO OF MY PURCHASED TRIP.	1500375191693	1500375198092	OK	 
REQUEST	GET TRIP INFO	10		FETCH TRIP INFO OF MY PURCHASED TRIP.	1500375191701	1500375198151	OK	 
REQUEST	GET TRIP INFO	8		FETCH TRIP INFO OF MY PURCHASED TRIP.	1500375191698	1500375198159	OK	 
REQUEST	GET TRIP INFO	6		FETCH TRIP INFO OF MY PURCHASED TRIP.	1500375191688	1500375198294	OK	 
REQUEST	GET TRIP INFO	1		FETCH TRIP INFO OF MY PURCHASED TRIP.	1500375191667	1500375198314	OK	 
REQUEST	GET TRIP INFO	9		FETCH TRIP INFO OF MY PURCHASED TRIP.	1500375191699	1500375198328	KO	jsonPath($.data.itinerary[*].segments[*].legs[*].arrival).find.exists, found nothing
USER	GET TRIP INFO	5	END	1500375191594	1500375207963
USER	GET TRIP INFO	3	END	1500375191593	1500375207963
USER	GET TRIP INFO	2	END	1500375191593	1500375208060
USER	GET TRIP INFO	4	END	1500375191594	1500375208102
USER	GET TRIP INFO	7	END	1500375191594	1500375208122
USER	GET TRIP INFO	10	END	1500375191594	1500375208171
USER	GET TRIP INFO	8	END	1500375191594	1500375208172
USER	GET TRIP INFO	6	END	1500375191594	1500375208311
USER	GET TRIP INFO	1	END	1500375191584	1500375208331
USER	GET TRIP INFO	9	END	1500375191594	1500375208351
