RUN	com.freebird.stresstest.RebookingFlow		rebookingflow	1501479879165	 	2.0
USER	PURCHASE TRIP FROM FREEBIRD.	1	START	1501479880601	1501479880601
USER	PURCHASE TRIP FROM FREEBIRD.	2	START	1501479880660	1501479880660
USER	PURCHASE TRIP FROM FREEBIRD.	3	START	1501479880661	1501479880661
USER	PURCHASE TRIP FROM FREEBIRD.	4	START	1501479880663	1501479880663
USER	PURCHASE TRIP FROM FREEBIRD.	5	START	1501479880665	1501479880665
USER	PURCHASE TRIP FROM FREEBIRD.	6	START	1501479880666	1501479880666
USER	PURCHASE TRIP FROM FREEBIRD.	7	START	1501479880668	1501479880668
USER	PURCHASE TRIP FROM FREEBIRD.	8	START	1501479880669	1501479880669
USER	PURCHASE TRIP FROM FREEBIRD.	9	START	1501479880670	1501479880670
USER	PURCHASE TRIP FROM FREEBIRD.	10	START	1501479880672	1501479880672
REQUEST	PURCHASE TRIP FROM FREEBIRD.	3		QUOTE PRICE FOR OUTBOUND TRIP WITH ONE SLICE TWO SEGMENTS ONE LEG.	1501479880662	1501479881825	KO	status.find.is(200), but actually found 422
GROUP	Failed to build request PURCHASE A TRIP FOR QUOTED PRICE.: No attribute named 'priceRequestId' is defined 	1501479881913
REQUEST	PURCHASE TRIP FROM FREEBIRD.	1		QUOTE PRICE FOR OUTBOUND TRIP WITH ONE SLICE TWO SEGMENTS ONE LEG.	1501479880652	1501479881932	KO	status.find.is(200), but actually found 422
GROUP	Failed to build request PURCHASE A TRIP FOR QUOTED PRICE.: No attribute named 'priceRequestId' is defined 	1501479881937
REQUEST	PURCHASE TRIP FROM FREEBIRD.	4		QUOTE PRICE FOR OUTBOUND TRIP WITH ONE SLICE TWO SEGMENTS ONE LEG.	1501479880664	1501479881981	KO	status.find.is(200), but actually found 422
GROUP	Failed to build request PURCHASE A TRIP FOR QUOTED PRICE.: No attribute named 'priceRequestId' is defined 	1501479881983
REQUEST	PURCHASE TRIP FROM FREEBIRD.	2		QUOTE PRICE FOR OUTBOUND TRIP WITH ONE SLICE TWO SEGMENTS ONE LEG.	1501479880661	1501479882016	KO	status.find.is(200), but actually found 422
GROUP	Failed to build request PURCHASE A TRIP FOR QUOTED PRICE.: No attribute named 'priceRequestId' is defined 	1501479882018
REQUEST	PURCHASE TRIP FROM FREEBIRD.	7		QUOTE PRICE FOR OUTBOUND TRIP WITH ONE SLICE TWO SEGMENTS ONE LEG.	1501479880668	1501479882085	KO	status.find.is(200), but actually found 422
GROUP	Failed to build request PURCHASE A TRIP FOR QUOTED PRICE.: No attribute named 'priceRequestId' is defined 	1501479882087
REQUEST	PURCHASE TRIP FROM FREEBIRD.	10		QUOTE PRICE FOR OUTBOUND TRIP WITH ONE SLICE TWO SEGMENTS ONE LEG.	1501479880672	1501479882142	KO	status.find.is(200), but actually found 422
GROUP	Failed to build request PURCHASE A TRIP FOR QUOTED PRICE.: No attribute named 'priceRequestId' is defined 	1501479882144
REQUEST	PURCHASE TRIP FROM FREEBIRD.	5		QUOTE PRICE FOR OUTBOUND TRIP WITH ONE SLICE TWO SEGMENTS ONE LEG.	1501479880665	1501479882147	KO	status.find.is(200), but actually found 422
GROUP	Failed to build request PURCHASE A TRIP FOR QUOTED PRICE.: No attribute named 'priceRequestId' is defined 	1501479882149
REQUEST	PURCHASE TRIP FROM FREEBIRD.	8		QUOTE PRICE FOR OUTBOUND TRIP WITH ONE SLICE TWO SEGMENTS ONE LEG.	1501479880669	1501479882237	KO	status.find.is(200), but actually found 422
GROUP	Failed to build request PURCHASE A TRIP FOR QUOTED PRICE.: No attribute named 'priceRequestId' is defined 	1501479882239
REQUEST	PURCHASE TRIP FROM FREEBIRD.	6		QUOTE PRICE FOR OUTBOUND TRIP WITH ONE SLICE TWO SEGMENTS ONE LEG.	1501479880667	1501479882241	KO	status.find.is(200), but actually found 422
GROUP	Failed to build request PURCHASE A TRIP FOR QUOTED PRICE.: No attribute named 'priceRequestId' is defined 	1501479882243
REQUEST	PURCHASE TRIP FROM FREEBIRD.	9		QUOTE PRICE FOR OUTBOUND TRIP WITH ONE SLICE TWO SEGMENTS ONE LEG.	1501479880671	1501479882265	KO	status.find.is(200), but actually found 422
GROUP	Failed to build request PURCHASE A TRIP FOR QUOTED PRICE.: No attribute named 'priceRequestId' is defined 	1501479882268
GROUP	Failed to build request FETCH TRIP INFO OF MY PURCHASED TRIP.: No attribute named 'tripId' is defined 	1501479883855
GROUP	Failed to build request FETCH TRIP INFO OF MY PURCHASED TRIP.: No attribute named 'tripId' is defined 	1501479883951
GROUP	Failed to build request FETCH TRIP INFO OF MY PURCHASED TRIP.: No attribute named 'tripId' is defined 	1501479884001
GROUP	Failed to build request FETCH TRIP INFO OF MY PURCHASED TRIP.: No attribute named 'tripId' is defined 	1501479884031
GROUP	Failed to build request FETCH TRIP INFO OF MY PURCHASED TRIP.: No attribute named 'tripId' is defined 	1501479884101
GROUP	Failed to build request FETCH TRIP INFO OF MY PURCHASED TRIP.: No attribute named 'tripId' is defined 	1501479884162
GROUP	Failed to build request FETCH TRIP INFO OF MY PURCHASED TRIP.: No attribute named 'tripId' is defined 	1501479884162
GROUP	Failed to build request FETCH TRIP INFO OF MY PURCHASED TRIP.: No attribute named 'tripId' is defined 	1501479884257
GROUP	Failed to build request FETCH TRIP INFO OF MY PURCHASED TRIP.: No attribute named 'tripId' is defined 	1501479884262
GROUP	Failed to build request FETCH TRIP INFO OF MY PURCHASED TRIP.: No attribute named 'tripId' is defined 	1501479884282
GROUP	Failed to build request DISRUPT PURCHASED TRIP.: No attribute named 'legId' is defined 	1501479888851
GROUP	Failed to build request DISRUPT PURCHASED TRIP.: No attribute named 'legId' is defined 	1501479888961
GROUP	Failed to build request DISRUPT PURCHASED TRIP.: No attribute named 'legId' is defined 	1501479889002
GROUP	Failed to build request DISRUPT PURCHASED TRIP.: No attribute named 'legId' is defined 	1501479889041
GROUP	Failed to build request DISRUPT PURCHASED TRIP.: No attribute named 'legId' is defined 	1501479889112
GROUP	Failed to build request DISRUPT PURCHASED TRIP.: No attribute named 'legId' is defined 	1501479889172
GROUP	Failed to build request DISRUPT PURCHASED TRIP.: No attribute named 'legId' is defined 	1501479889172
GROUP	Failed to build request DISRUPT PURCHASED TRIP.: No attribute named 'legId' is defined 	1501479889261
GROUP	Failed to build request DISRUPT PURCHASED TRIP.: No attribute named 'legId' is defined 	1501479889261
GROUP	Failed to build request DISRUPT PURCHASED TRIP.: No attribute named 'legId' is defined 	1501479889292
GROUP	Failed to build request FETCH REBOOKING OPPORTUNITY FROM FREEBIRD.: No attribute named 'tripId' is defined 	1501479943861
GROUP	Failed to build request FETCH REBOOKING OPPORTUNITY FROM FREEBIRD.: No attribute named 'tripId' is defined 	1501479943962
GROUP	Failed to build request FETCH REBOOKING OPPORTUNITY FROM FREEBIRD.: No attribute named 'tripId' is defined 	1501479944012
GROUP	Failed to build request FETCH REBOOKING OPPORTUNITY FROM FREEBIRD.: No attribute named 'tripId' is defined 	1501479944041
GROUP	Failed to build request FETCH REBOOKING OPPORTUNITY FROM FREEBIRD.: No attribute named 'tripId' is defined 	1501479944112
GROUP	Failed to build request FETCH REBOOKING OPPORTUNITY FROM FREEBIRD.: No attribute named 'tripId' is defined 	1501479944171
GROUP	Failed to build request FETCH REBOOKING OPPORTUNITY FROM FREEBIRD.: No attribute named 'tripId' is defined 	1501479944172
GROUP	Failed to build request FETCH REBOOKING OPPORTUNITY FROM FREEBIRD.: No attribute named 'tripId' is defined 	1501479944272
GROUP	Failed to build request FETCH REBOOKING OPPORTUNITY FROM FREEBIRD.: No attribute named 'tripId' is defined 	1501479944272
GROUP	Failed to build request FETCH REBOOKING OPPORTUNITY FROM FREEBIRD.: No attribute named 'tripId' is defined 	1501479944291
GROUP	Failed to build request FETCH REBOOKING OPPORTUNITY FROM FREEBIRD.: No attribute named 'tripId' is defined 	1501479993872
GROUP	Failed to build request FETCH REBOOKING OPPORTUNITY FROM FREEBIRD.: No attribute named 'tripId' is defined 	1501479993962
GROUP	Failed to build request FETCH REBOOKING OPPORTUNITY FROM FREEBIRD.: No attribute named 'tripId' is defined 	1501479994001
GROUP	Failed to build request FETCH REBOOKING OPPORTUNITY FROM FREEBIRD.: No attribute named 'tripId' is defined 	1501479994041
GROUP	Failed to build request FETCH REBOOKING OPPORTUNITY FROM FREEBIRD.: No attribute named 'tripId' is defined 	1501479994111
GROUP	Failed to build request FETCH REBOOKING OPPORTUNITY FROM FREEBIRD.: No attribute named 'tripId' is defined 	1501479994172
