RUN	com.freebird.stresstest.RebookingFlow		rebookingflow	1501482567736	 	2.0
USER	PURCHASE TRIP FROM FREEBIRD.	1	START	1501482569116	1501482569116
USER	PURCHASE TRIP FROM FREEBIRD.	2	START	1501482569172	1501482569172
USER	PURCHASE TRIP FROM FREEBIRD.	3	START	1501482569175	1501482569175
USER	PURCHASE TRIP FROM FREEBIRD.	4	START	1501482569176	1501482569176
USER	PURCHASE TRIP FROM FREEBIRD.	5	START	1501482569178	1501482569178
USER	PURCHASE TRIP FROM FREEBIRD.	6	START	1501482569179	1501482569179
USER	PURCHASE TRIP FROM FREEBIRD.	7	START	1501482569181	1501482569181
USER	PURCHASE TRIP FROM FREEBIRD.	8	START	1501482569183	1501482569183
USER	PURCHASE TRIP FROM FREEBIRD.	9	START	1501482569184	1501482569184
USER	PURCHASE TRIP FROM FREEBIRD.	10	START	1501482569186	1501482569186
USER	PURCHASE TRIP FROM FREEBIRD.	11	START	1501482569187	1501482569187
USER	PURCHASE TRIP FROM FREEBIRD.	12	START	1501482569189	1501482569189
USER	PURCHASE TRIP FROM FREEBIRD.	13	START	1501482569191	1501482569191
USER	PURCHASE TRIP FROM FREEBIRD.	14	START	1501482569194	1501482569194
USER	PURCHASE TRIP FROM FREEBIRD.	15	START	1501482569195	1501482569195
USER	PURCHASE TRIP FROM FREEBIRD.	16	START	1501482569198	1501482569198
USER	PURCHASE TRIP FROM FREEBIRD.	17	START	1501482569199	1501482569199
USER	PURCHASE TRIP FROM FREEBIRD.	18	START	1501482569201	1501482569201
USER	PURCHASE TRIP FROM FREEBIRD.	19	START	1501482569203	1501482569203
USER	PURCHASE TRIP FROM FREEBIRD.	20	START	1501482569204	1501482569204
USER	PURCHASE TRIP FROM FREEBIRD.	21	START	1501482569209	1501482569209
USER	PURCHASE TRIP FROM FREEBIRD.	22	START	1501482569211	1501482569211
USER	PURCHASE TRIP FROM FREEBIRD.	23	START	1501482569213	1501482569213
USER	PURCHASE TRIP FROM FREEBIRD.	24	START	1501482569214	1501482569214
USER	PURCHASE TRIP FROM FREEBIRD.	25	START	1501482569215	1501482569215
USER	PURCHASE TRIP FROM FREEBIRD.	26	START	1501482569217	1501482569217
USER	PURCHASE TRIP FROM FREEBIRD.	27	START	1501482569218	1501482569218
USER	PURCHASE TRIP FROM FREEBIRD.	28	START	1501482569221	1501482569221
USER	PURCHASE TRIP FROM FREEBIRD.	29	START	1501482569225	1501482569225
USER	PURCHASE TRIP FROM FREEBIRD.	30	START	1501482569226	1501482569226
USER	PURCHASE TRIP FROM FREEBIRD.	31	START	1501482569227	1501482569227
USER	PURCHASE TRIP FROM FREEBIRD.	32	START	1501482569228	1501482569228
USER	PURCHASE TRIP FROM FREEBIRD.	33	START	1501482569229	1501482569229
USER	PURCHASE TRIP FROM FREEBIRD.	34	START	1501482569230	1501482569230
USER	PURCHASE TRIP FROM FREEBIRD.	35	START	1501482569231	1501482569231
USER	PURCHASE TRIP FROM FREEBIRD.	36	START	1501482569233	1501482569233
USER	PURCHASE TRIP FROM FREEBIRD.	37	START	1501482569235	1501482569235
USER	PURCHASE TRIP FROM FREEBIRD.	38	START	1501482569237	1501482569237
USER	PURCHASE TRIP FROM FREEBIRD.	39	START	1501482569238	1501482569238
USER	PURCHASE TRIP FROM FREEBIRD.	40	START	1501482569241	1501482569241
USER	PURCHASE TRIP FROM FREEBIRD.	41	START	1501482569242	1501482569242
USER	PURCHASE TRIP FROM FREEBIRD.	42	START	1501482569244	1501482569244
USER	PURCHASE TRIP FROM FREEBIRD.	43	START	1501482569246	1501482569246
USER	PURCHASE TRIP FROM FREEBIRD.	44	START	1501482569247	1501482569247
USER	PURCHASE TRIP FROM FREEBIRD.	45	START	1501482569248	1501482569248
USER	PURCHASE TRIP FROM FREEBIRD.	46	START	1501482569252	1501482569252
USER	PURCHASE TRIP FROM FREEBIRD.	47	START	1501482569252	1501482569252
USER	PURCHASE TRIP FROM FREEBIRD.	48	START	1501482569253	1501482569253
USER	PURCHASE TRIP FROM FREEBIRD.	49	START	1501482569254	1501482569254
USER	PURCHASE TRIP FROM FREEBIRD.	50	START	1501482569255	1501482569255
REQUEST	PURCHASE TRIP FROM FREEBIRD.	50		QUOTE PRICE FOR OUTBOUND TRIP WITH ONE SLICE TWO SEGMENTS ONE LEG.	1501482569256	1501482570537	KO	status.find.is(200), but actually found 422
REQUEST	PURCHASE TRIP FROM FREEBIRD.	4		QUOTE PRICE FOR OUTBOUND TRIP WITH ONE SLICE TWO SEGMENTS ONE LEG.	1501482569177	1501482570474	KO	status.find.is(200), but actually found 422
REQUEST	PURCHASE TRIP FROM FREEBIRD.	47		QUOTE PRICE FOR OUTBOUND TRIP WITH ONE SLICE TWO SEGMENTS ONE LEG.	1501482569253	1501482570516	KO	status.find.is(200), but actually found 422
REQUEST	PURCHASE TRIP FROM FREEBIRD.	3		QUOTE PRICE FOR OUTBOUND TRIP WITH ONE SLICE TWO SEGMENTS ONE LEG.	1501482569175	1501482570575	KO	status.find.is(200), but actually found 422
GROUP	Failed to build request PURCHASE A TRIP FOR QUOTED PRICE.: No attribute named 'priceRequestId' is defined 	1501482570580
GROUP	Failed to build request PURCHASE A TRIP FOR QUOTED PRICE.: No attribute named 'priceRequestId' is defined 	1501482570580
GROUP	Failed to build request PURCHASE A TRIP FOR QUOTED PRICE.: No attribute named 'priceRequestId' is defined 	1501482570581
GROUP	Failed to build request PURCHASE A TRIP FOR QUOTED PRICE.: No attribute named 'priceRequestId' is defined 	1501482570583
REQUEST	PURCHASE TRIP FROM FREEBIRD.	7		QUOTE PRICE FOR OUTBOUND TRIP WITH ONE SLICE TWO SEGMENTS ONE LEG.	1501482569182	1501482570595	KO	status.find.is(200), but actually found 422
GROUP	Failed to build request PURCHASE A TRIP FOR QUOTED PRICE.: No attribute named 'priceRequestId' is defined 	1501482570597
REQUEST	PURCHASE TRIP FROM FREEBIRD.	2		QUOTE PRICE FOR OUTBOUND TRIP WITH ONE SLICE TWO SEGMENTS ONE LEG.	1501482569173	1501482570606	KO	status.find.is(200), but actually found 422
GROUP	Failed to build request PURCHASE A TRIP FOR QUOTED PRICE.: No attribute named 'priceRequestId' is defined 	1501482570609
REQUEST	PURCHASE TRIP FROM FREEBIRD.	1		QUOTE PRICE FOR OUTBOUND TRIP WITH ONE SLICE TWO SEGMENTS ONE LEG.	1501482569163	1501482570631	KO	status.find.is(200), but actually found 422
GROUP	Failed to build request PURCHASE A TRIP FOR QUOTED PRICE.: No attribute named 'priceRequestId' is defined 	1501482570633
REQUEST	PURCHASE TRIP FROM FREEBIRD.	5		QUOTE PRICE FOR OUTBOUND TRIP WITH ONE SLICE TWO SEGMENTS ONE LEG.	1501482569178	1501482570656	KO	status.find.is(200), but actually found 422
GROUP	Failed to build request PURCHASE A TRIP FOR QUOTED PRICE.: No attribute named 'priceRequestId' is defined 	1501482570658
REQUEST	PURCHASE TRIP FROM FREEBIRD.	9		QUOTE PRICE FOR OUTBOUND TRIP WITH ONE SLICE TWO SEGMENTS ONE LEG.	1501482569185	1501482570710	KO	status.find.is(200), but actually found 422
GROUP	Failed to build request PURCHASE A TRIP FOR QUOTED PRICE.: No attribute named 'priceRequestId' is defined 	1501482570713
REQUEST	PURCHASE TRIP FROM FREEBIRD.	6		QUOTE PRICE FOR OUTBOUND TRIP WITH ONE SLICE TWO SEGMENTS ONE LEG.	1501482569180	1501482570734	KO	status.find.is(200), but actually found 422
REQUEST	PURCHASE TRIP FROM FREEBIRD.	21		QUOTE PRICE FOR OUTBOUND TRIP WITH ONE SLICE TWO SEGMENTS ONE LEG.	1501482569210	1501482570734	KO	status.find.is(200), but actually found 422
GROUP	Failed to build request PURCHASE A TRIP FOR QUOTED PRICE.: No attribute named 'priceRequestId' is defined 	1501482570736
GROUP	Failed to build request PURCHASE A TRIP FOR QUOTED PRICE.: No attribute named 'priceRequestId' is defined 	1501482570736
REQUEST	PURCHASE TRIP FROM FREEBIRD.	14		QUOTE PRICE FOR OUTBOUND TRIP WITH ONE SLICE TWO SEGMENTS ONE LEG.	1501482569194	1501482570780	KO	status.find.is(200), but actually found 422
GROUP	Failed to build request PURCHASE A TRIP FOR QUOTED PRICE.: No attribute named 'priceRequestId' is defined 	1501482570782
REQUEST	PURCHASE TRIP FROM FREEBIRD.	11		QUOTE PRICE FOR OUTBOUND TRIP WITH ONE SLICE TWO SEGMENTS ONE LEG.	1501482569188	1501482570794	KO	status.find.is(200), but actually found 422
GROUP	Failed to build request PURCHASE A TRIP FOR QUOTED PRICE.: No attribute named 'priceRequestId' is defined 	1501482570795
REQUEST	PURCHASE TRIP FROM FREEBIRD.	8		QUOTE PRICE FOR OUTBOUND TRIP WITH ONE SLICE TWO SEGMENTS ONE LEG.	1501482569183	1501482570853	KO	status.find.is(200), but actually found 422
GROUP	Failed to build request PURCHASE A TRIP FOR QUOTED PRICE.: No attribute named 'priceRequestId' is defined 	1501482570855
REQUEST	PURCHASE TRIP FROM FREEBIRD.	19		QUOTE PRICE FOR OUTBOUND TRIP WITH ONE SLICE TWO SEGMENTS ONE LEG.	1501482569204	1501482570919	KO	status.find.is(200), but actually found 422
GROUP	Failed to build request PURCHASE A TRIP FOR QUOTED PRICE.: No attribute named 'priceRequestId' is defined 	1501482570921
REQUEST	PURCHASE TRIP FROM FREEBIRD.	18		QUOTE PRICE FOR OUTBOUND TRIP WITH ONE SLICE TWO SEGMENTS ONE LEG.	1501482569201	1501482570979	KO	status.find.is(200), but actually found 422
GROUP	Failed to build request PURCHASE A TRIP FOR QUOTED PRICE.: No attribute named 'priceRequestId' is defined 	1501482570982
REQUEST	PURCHASE TRIP FROM FREEBIRD.	12		QUOTE PRICE FOR OUTBOUND TRIP WITH ONE SLICE TWO SEGMENTS ONE LEG.	1501482569189	1501482570979	KO	status.find.is(200), but actually found 422
GROUP	Failed to build request PURCHASE A TRIP FOR QUOTED PRICE.: No attribute named 'priceRequestId' is defined 	1501482570982
REQUEST	PURCHASE TRIP FROM FREEBIRD.	13		QUOTE PRICE FOR OUTBOUND TRIP WITH ONE SLICE TWO SEGMENTS ONE LEG.	1501482569191	1501482570979	KO	status.find.is(200), but actually found 422
GROUP	Failed to build request PURCHASE A TRIP FOR QUOTED PRICE.: No attribute named 'priceRequestId' is defined 	1501482570983
REQUEST	PURCHASE TRIP FROM FREEBIRD.	10		QUOTE PRICE FOR OUTBOUND TRIP WITH ONE SLICE TWO SEGMENTS ONE LEG.	1501482569186	1501482571031	KO	status.find.is(200), but actually found 422
REQUEST	PURCHASE TRIP FROM FREEBIRD.	15		QUOTE PRICE FOR OUTBOUND TRIP WITH ONE SLICE TWO SEGMENTS ONE LEG.	1501482569197	1501482571031	KO	status.find.is(200), but actually found 422
GROUP	Failed to build request PURCHASE A TRIP FOR QUOTED PRICE.: No attribute named 'priceRequestId' is defined 	1501482571033
GROUP	Failed to build request PURCHASE A TRIP FOR QUOTED PRICE.: No attribute named 'priceRequestId' is defined 	1501482571033
REQUEST	PURCHASE TRIP FROM FREEBIRD.	16		QUOTE PRICE FOR OUTBOUND TRIP WITH ONE SLICE TWO SEGMENTS ONE LEG.	1501482569198	1501482571086	KO	status.find.is(200), but actually found 422
GROUP	Failed to build request PURCHASE A TRIP FOR QUOTED PRICE.: No attribute named 'priceRequestId' is defined 	1501482571088
REQUEST	PURCHASE TRIP FROM FREEBIRD.	23		QUOTE PRICE FOR OUTBOUND TRIP WITH ONE SLICE TWO SEGMENTS ONE LEG.	1501482569213	1501482571125	KO	status.find.is(200), but actually found 422
GROUP	Failed to build request PURCHASE A TRIP FOR QUOTED PRICE.: No attribute named 'priceRequestId' is defined 	1501482571128
REQUEST	PURCHASE TRIP FROM FREEBIRD.	22		QUOTE PRICE FOR OUTBOUND TRIP WITH ONE SLICE TWO SEGMENTS ONE LEG.	1501482569212	1501482571149	KO	status.find.is(200), but actually found 422
GROUP	Failed to build request PURCHASE A TRIP FOR QUOTED PRICE.: No attribute named 'priceRequestId' is defined 	1501482571151
REQUEST	PURCHASE TRIP FROM FREEBIRD.	20		QUOTE PRICE FOR OUTBOUND TRIP WITH ONE SLICE TWO SEGMENTS ONE LEG.	1501482569205	1501482571187	KO	status.find.is(200), but actually found 422
GROUP	Failed to build request PURCHASE A TRIP FOR QUOTED PRICE.: No attribute named 'priceRequestId' is defined 	1501482571188
REQUEST	PURCHASE TRIP FROM FREEBIRD.	17		QUOTE PRICE FOR OUTBOUND TRIP WITH ONE SLICE TWO SEGMENTS ONE LEG.	1501482569200	1501482571192	KO	status.find.is(200), but actually found 422
GROUP	Failed to build request PURCHASE A TRIP FOR QUOTED PRICE.: No attribute named 'priceRequestId' is defined 	1501482571193
REQUEST	PURCHASE TRIP FROM FREEBIRD.	34		QUOTE PRICE FOR OUTBOUND TRIP WITH ONE SLICE TWO SEGMENTS ONE LEG.	1501482569230	1501482571221	KO	status.find.is(200), but actually found 422
GROUP	Failed to build request PURCHASE A TRIP FOR QUOTED PRICE.: No attribute named 'priceRequestId' is defined 	1501482571224
REQUEST	PURCHASE TRIP FROM FREEBIRD.	37		QUOTE PRICE FOR OUTBOUND TRIP WITH ONE SLICE TWO SEGMENTS ONE LEG.	1501482569235	1501482571239	KO	status.find.is(200), but actually found 422
REQUEST	PURCHASE TRIP FROM FREEBIRD.	33		QUOTE PRICE FOR OUTBOUND TRIP WITH ONE SLICE TWO SEGMENTS ONE LEG.	1501482569229	1501482571239	KO	status.find.is(200), but actually found 422
GROUP	Failed to build request PURCHASE A TRIP FOR QUOTED PRICE.: No attribute named 'priceRequestId' is defined 	1501482571241
GROUP	Failed to build request PURCHASE A TRIP FOR QUOTED PRICE.: No attribute named 'priceRequestId' is defined 	1501482571241
REQUEST	PURCHASE TRIP FROM FREEBIRD.	25		QUOTE PRICE FOR OUTBOUND TRIP WITH ONE SLICE TWO SEGMENTS ONE LEG.	1501482569216	1501482571299	KO	status.find.is(200), but actually found 422
GROUP	Failed to build request PURCHASE A TRIP FOR QUOTED PRICE.: No attribute named 'priceRequestId' is defined 	1501482571301
REQUEST	PURCHASE TRIP FROM FREEBIRD.	31		QUOTE PRICE FOR OUTBOUND TRIP WITH ONE SLICE TWO SEGMENTS ONE LEG.	1501482569227	1501482571308	KO	status.find.is(200), but actually found 422
GROUP	Failed to build request PURCHASE A TRIP FOR QUOTED PRICE.: No attribute named 'priceRequestId' is defined 	1501482571311
REQUEST	PURCHASE TRIP FROM FREEBIRD.	26		QUOTE PRICE FOR OUTBOUND TRIP WITH ONE SLICE TWO SEGMENTS ONE LEG.	1501482569217	1501482571352	KO	status.find.is(200), but actually found 422
GROUP	Failed to build request PURCHASE A TRIP FOR QUOTED PRICE.: No attribute named 'priceRequestId' is defined 	1501482571354
REQUEST	PURCHASE TRIP FROM FREEBIRD.	35		QUOTE PRICE FOR OUTBOUND TRIP WITH ONE SLICE TWO SEGMENTS ONE LEG.	1501482569232	1501482571407	KO	status.find.is(200), but actually found 422
GROUP	Failed to build request PURCHASE A TRIP FOR QUOTED PRICE.: No attribute named 'priceRequestId' is defined 	1501482571409
REQUEST	PURCHASE TRIP FROM FREEBIRD.	36		QUOTE PRICE FOR OUTBOUND TRIP WITH ONE SLICE TWO SEGMENTS ONE LEG.	1501482569233	1501482571410	KO	status.find.is(200), but actually found 422
GROUP	Failed to build request PURCHASE A TRIP FOR QUOTED PRICE.: No attribute named 'priceRequestId' is defined 	1501482571411
REQUEST	PURCHASE TRIP FROM FREEBIRD.	27		QUOTE PRICE FOR OUTBOUND TRIP WITH ONE SLICE TWO SEGMENTS ONE LEG.	1501482569218	1501482571460	KO	status.find.is(200), but actually found 422
GROUP	Failed to build request PURCHASE A TRIP FOR QUOTED PRICE.: No attribute named 'priceRequestId' is defined 	1501482571462
REQUEST	PURCHASE TRIP FROM FREEBIRD.	30		QUOTE PRICE FOR OUTBOUND TRIP WITH ONE SLICE TWO SEGMENTS ONE LEG.	1501482569226	1501482571461	KO	status.find.is(200), but actually found 422
GROUP	Failed to build request PURCHASE A TRIP FOR QUOTED PRICE.: No attribute named 'priceRequestId' is defined 	1501482571463
REQUEST	PURCHASE TRIP FROM FREEBIRD.	39		QUOTE PRICE FOR OUTBOUND TRIP WITH ONE SLICE TWO SEGMENTS ONE LEG.	1501482569240	1501482571663	KO	status.find.is(200), but actually found 422
GROUP	Failed to build request PURCHASE A TRIP FOR QUOTED PRICE.: No attribute named 'priceRequestId' is defined 	1501482571664
REQUEST	PURCHASE TRIP FROM FREEBIRD.	40		QUOTE PRICE FOR OUTBOUND TRIP WITH ONE SLICE TWO SEGMENTS ONE LEG.	1501482569241	1501482571667	KO	status.find.is(200), but actually found 422
GROUP	Failed to build request PURCHASE A TRIP FOR QUOTED PRICE.: No attribute named 'priceRequestId' is defined 	1501482571668
REQUEST	PURCHASE TRIP FROM FREEBIRD.	28		QUOTE PRICE FOR OUTBOUND TRIP WITH ONE SLICE TWO SEGMENTS ONE LEG.	1501482569221	1501482571704	KO	status.find.is(200), but actually found 422
GROUP	Failed to build request PURCHASE A TRIP FOR QUOTED PRICE.: No attribute named 'priceRequestId' is defined 	1501482571706
REQUEST	PURCHASE TRIP FROM FREEBIRD.	49		QUOTE PRICE FOR OUTBOUND TRIP WITH ONE SLICE TWO SEGMENTS ONE LEG.	1501482569255	1501482571725	KO	status.find.is(200), but actually found 422
REQUEST	PURCHASE TRIP FROM FREEBIRD.	24		QUOTE PRICE FOR OUTBOUND TRIP WITH ONE SLICE TWO SEGMENTS ONE LEG.	1501482569214	1501482571727	KO	status.find.is(200), but actually found 422
REQUEST	PURCHASE TRIP FROM FREEBIRD.	43		QUOTE PRICE FOR OUTBOUND TRIP WITH ONE SLICE TWO SEGMENTS ONE LEG.	1501482569246	1501482571735	KO	status.find.is(200), but actually found 422
GROUP	Failed to build request PURCHASE A TRIP FOR QUOTED PRICE.: No attribute named 'priceRequestId' is defined 	1501482571778
GROUP	Failed to build request PURCHASE A TRIP FOR QUOTED PRICE.: No attribute named 'priceRequestId' is defined 	1501482571778
GROUP	Failed to build request PURCHASE A TRIP FOR QUOTED PRICE.: No attribute named 'priceRequestId' is defined 	1501482571778
REQUEST	PURCHASE TRIP FROM FREEBIRD.	46		QUOTE PRICE FOR OUTBOUND TRIP WITH ONE SLICE TWO SEGMENTS ONE LEG.	1501482569252	1501482571773	KO	status.find.is(200), but actually found 422
GROUP	Failed to build request PURCHASE A TRIP FOR QUOTED PRICE.: No attribute named 'priceRequestId' is defined 	1501482571778
REQUEST	PURCHASE TRIP FROM FREEBIRD.	48		QUOTE PRICE FOR OUTBOUND TRIP WITH ONE SLICE TWO SEGMENTS ONE LEG.	1501482569254	1501482571779	KO	status.find.is(200), but actually found 422
GROUP	Failed to build request PURCHASE A TRIP FOR QUOTED PRICE.: No attribute named 'priceRequestId' is defined 	1501482571782
REQUEST	PURCHASE TRIP FROM FREEBIRD.	41		QUOTE PRICE FOR OUTBOUND TRIP WITH ONE SLICE TWO SEGMENTS ONE LEG.	1501482569243	1501482571780	KO	status.find.is(200), but actually found 422
GROUP	Failed to build request PURCHASE A TRIP FOR QUOTED PRICE.: No attribute named 'priceRequestId' is defined 	1501482571782
REQUEST	PURCHASE TRIP FROM FREEBIRD.	32		QUOTE PRICE FOR OUTBOUND TRIP WITH ONE SLICE TWO SEGMENTS ONE LEG.	1501482569228	1501482571782	KO	status.find.is(200), but actually found 422
GROUP	Failed to build request PURCHASE A TRIP FOR QUOTED PRICE.: No attribute named 'priceRequestId' is defined 	1501482571784
REQUEST	PURCHASE TRIP FROM FREEBIRD.	38		QUOTE PRICE FOR OUTBOUND TRIP WITH ONE SLICE TWO SEGMENTS ONE LEG.	1501482569237	1501482571810	KO	status.find.is(200), but actually found 422
GROUP	Failed to build request PURCHASE A TRIP FOR QUOTED PRICE.: No attribute named 'priceRequestId' is defined 	1501482571811
REQUEST	PURCHASE TRIP FROM FREEBIRD.	45		QUOTE PRICE FOR OUTBOUND TRIP WITH ONE SLICE TWO SEGMENTS ONE LEG.	1501482569248	1501482571823	KO	status.find.is(200), but actually found 422
GROUP	Failed to build request PURCHASE A TRIP FOR QUOTED PRICE.: No attribute named 'priceRequestId' is defined 	1501482571825
REQUEST	PURCHASE TRIP FROM FREEBIRD.	44		QUOTE PRICE FOR OUTBOUND TRIP WITH ONE SLICE TWO SEGMENTS ONE LEG.	1501482569247	1501482571832	KO	status.find.is(200), but actually found 422
GROUP	Failed to build request PURCHASE A TRIP FOR QUOTED PRICE.: No attribute named 'priceRequestId' is defined 	1501482571834
REQUEST	PURCHASE TRIP FROM FREEBIRD.	29		QUOTE PRICE FOR OUTBOUND TRIP WITH ONE SLICE TWO SEGMENTS ONE LEG.	1501482569225	1501482571849	KO	status.find.is(200), but actually found 422
GROUP	Failed to build request PURCHASE A TRIP FOR QUOTED PRICE.: No attribute named 'priceRequestId' is defined 	1501482571852
REQUEST	PURCHASE TRIP FROM FREEBIRD.	42		QUOTE PRICE FOR OUTBOUND TRIP WITH ONE SLICE TWO SEGMENTS ONE LEG.	1501482569245	1501482571857	OK	 
REQUEST	PURCHASE TRIP FROM FREEBIRD.	42		PURCHASE A TRIP FOR QUOTED PRICE.	1501482571860	1501482572214	OK	 
GROUP	Failed to build request FETCH TRIP INFO OF MY PURCHASED TRIP.: No attribute named 'tripId' is defined 	1501482572520
GROUP	Failed to build request FETCH TRIP INFO OF MY PURCHASED TRIP.: No attribute named 'tripId' is defined 	1501482572556
GROUP	Failed to build request FETCH TRIP INFO OF MY PURCHASED TRIP.: No attribute named 'tripId' is defined 	1501482572576
GROUP	Failed to build request FETCH TRIP INFO OF MY PURCHASED TRIP.: No attribute named 'tripId' is defined 	1501482572606
GROUP	Failed to build request FETCH TRIP INFO OF MY PURCHASED TRIP.: No attribute named 'tripId' is defined 	1501482572616
GROUP	Failed to build request FETCH TRIP INFO OF MY PURCHASED TRIP.: No attribute named 'tripId' is defined 	1501482572626
GROUP	Failed to build request FETCH TRIP INFO OF MY PURCHASED TRIP.: No attribute named 'tripId' is defined 	1501482572646
GROUP	Failed to build request FETCH TRIP INFO OF MY PURCHASED TRIP.: No attribute named 'tripId' is defined 	1501482572675
GROUP	Failed to build request FETCH TRIP INFO OF MY PURCHASED TRIP.: No attribute named 'tripId' is defined 	1501482572726
GROUP	Failed to build request FETCH TRIP INFO OF MY PURCHASED TRIP.: No attribute named 'tripId' is defined 	1501482572756
GROUP	Failed to build request FETCH TRIP INFO OF MY PURCHASED TRIP.: No attribute named 'tripId' is defined 	1501482572756
GROUP	Failed to build request FETCH TRIP INFO OF MY PURCHASED TRIP.: No attribute named 'tripId' is defined 	1501482572796
GROUP	Failed to build request FETCH TRIP INFO OF MY PURCHASED TRIP.: No attribute named 'tripId' is defined 	1501482572806
GROUP	Failed to build request FETCH TRIP INFO OF MY PURCHASED TRIP.: No attribute named 'tripId' is defined 	1501482572866
GROUP	Failed to build request FETCH TRIP INFO OF MY PURCHASED TRIP.: No attribute named 'tripId' is defined 	1501482572936
GROUP	Failed to build request FETCH TRIP INFO OF MY PURCHASED TRIP.: No attribute named 'tripId' is defined 	1501482572996
GROUP	Failed to build request FETCH TRIP INFO OF MY PURCHASED TRIP.: No attribute named 'tripId' is defined 	1501482572996
GROUP	Failed to build request FETCH TRIP INFO OF MY PURCHASED TRIP.: No attribute named 'tripId' is defined 	1501482572996
GROUP	Failed to build request FETCH TRIP INFO OF MY PURCHASED TRIP.: No attribute named 'tripId' is defined 	1501482573046
GROUP	Failed to build request FETCH TRIP INFO OF MY PURCHASED TRIP.: No attribute named 'tripId' is defined 	1501482573046
GROUP	Failed to build request FETCH TRIP INFO OF MY PURCHASED TRIP.: No attribute named 'tripId' is defined 	1501482573106
GROUP	Failed to build request FETCH TRIP INFO OF MY PURCHASED TRIP.: No attribute named 'tripId' is defined 	1501482573146
GROUP	Failed to build request FETCH TRIP INFO OF MY PURCHASED TRIP.: No attribute named 'tripId' is defined 	1501482573166
GROUP	Failed to build request FETCH TRIP INFO OF MY PURCHASED TRIP.: No attribute named 'tripId' is defined 	1501482573206
GROUP	Failed to build request FETCH TRIP INFO OF MY PURCHASED TRIP.: No attribute named 'tripId' is defined 	1501482573206
GROUP	Failed to build request FETCH TRIP INFO OF MY PURCHASED TRIP.: No attribute named 'tripId' is defined 	1501482573236
GROUP	Failed to build request FETCH TRIP INFO OF MY PURCHASED TRIP.: No attribute named 'tripId' is defined 	1501482573256
GROUP	Failed to build request FETCH TRIP INFO OF MY PURCHASED TRIP.: No attribute named 'tripId' is defined 	1501482573256
GROUP	Failed to build request FETCH TRIP INFO OF MY PURCHASED TRIP.: No attribute named 'tripId' is defined 	1501482573316
GROUP	Failed to build request FETCH TRIP INFO OF MY PURCHASED TRIP.: No attribute named 'tripId' is defined 	1501482573326
GROUP	Failed to build request FETCH TRIP INFO OF MY PURCHASED TRIP.: No attribute named 'tripId' is defined 	1501482573366
GROUP	Failed to build request FETCH TRIP INFO OF MY PURCHASED TRIP.: No attribute named 'tripId' is defined 	1501482573426
GROUP	Failed to build request FETCH TRIP INFO OF MY PURCHASED TRIP.: No attribute named 'tripId' is defined 	1501482573426
GROUP	Failed to build request FETCH TRIP INFO OF MY PURCHASED TRIP.: No attribute named 'tripId' is defined 	1501482573476
GROUP	Failed to build request FETCH TRIP INFO OF MY PURCHASED TRIP.: No attribute named 'tripId' is defined 	1501482573476
GROUP	Failed to build request FETCH TRIP INFO OF MY PURCHASED TRIP.: No attribute named 'tripId' is defined 	1501482573676
GROUP	Failed to build request FETCH TRIP INFO OF MY PURCHASED TRIP.: No attribute named 'tripId' is defined 	1501482573686
GROUP	Failed to build request FETCH TRIP INFO OF MY PURCHASED TRIP.: No attribute named 'tripId' is defined 	1501482573726
GROUP	Failed to build request FETCH TRIP INFO OF MY PURCHASED TRIP.: No attribute named 'tripId' is defined 	1501482573746
GROUP	Failed to build request FETCH TRIP INFO OF MY PURCHASED TRIP.: No attribute named 'tripId' is defined 	1501482573746
GROUP	Failed to build request FETCH TRIP INFO OF MY PURCHASED TRIP.: No attribute named 'tripId' is defined 	1501482573756
GROUP	Failed to build request FETCH TRIP INFO OF MY PURCHASED TRIP.: No attribute named 'tripId' is defined 	1501482573796
GROUP	Failed to build request FETCH TRIP INFO OF MY PURCHASED TRIP.: No attribute named 'tripId' is defined 	1501482573796
GROUP	Failed to build request FETCH TRIP INFO OF MY PURCHASED TRIP.: No attribute named 'tripId' is defined 	1501482573796
GROUP	Failed to build request FETCH TRIP INFO OF MY PURCHASED TRIP.: No attribute named 'tripId' is defined 	1501482573796
GROUP	Failed to build request FETCH TRIP INFO OF MY PURCHASED TRIP.: No attribute named 'tripId' is defined 	1501482573826
