RUN	com.freebird.stresstest.RebookingFlow		rebookingflow	1501480504970	 	2.0
USER	PURCHASE TRIP FROM FREEBIRD.	1	START	1501480506388	1501480506388
USER	PURCHASE TRIP FROM FREEBIRD.	2	START	1501480506457	1501480506457
USER	PURCHASE TRIP FROM FREEBIRD.	3	START	1501480506459	1501480506459
USER	PURCHASE TRIP FROM FREEBIRD.	4	START	1501480506460	1501480506460
USER	PURCHASE TRIP FROM FREEBIRD.	5	START	1501480506461	1501480506461
USER	PURCHASE TRIP FROM FREEBIRD.	6	START	1501480506465	1501480506465
USER	PURCHASE TRIP FROM FREEBIRD.	7	START	1501480506467	1501480506467
USER	PURCHASE TRIP FROM FREEBIRD.	8	START	1501480506468	1501480506468
USER	PURCHASE TRIP FROM FREEBIRD.	9	START	1501480506470	1501480506470
USER	PURCHASE TRIP FROM FREEBIRD.	10	START	1501480506474	1501480506474
REQUEST	PURCHASE TRIP FROM FREEBIRD.	1		QUOTE PRICE FOR OUTBOUND TRIP WITH ONE SLICE TWO SEGMENTS ONE LEG.	1501480506448	1501480507430	OK	 
REQUEST	PURCHASE TRIP FROM FREEBIRD.	4		QUOTE PRICE FOR OUTBOUND TRIP WITH ONE SLICE TWO SEGMENTS ONE LEG.	1501480506460	1501480507459	OK	 
REQUEST	PURCHASE TRIP FROM FREEBIRD.	8		QUOTE PRICE FOR OUTBOUND TRIP WITH ONE SLICE TWO SEGMENTS ONE LEG.	1501480506469	1501480507533	OK	 
REQUEST	PURCHASE TRIP FROM FREEBIRD.	3		QUOTE PRICE FOR OUTBOUND TRIP WITH ONE SLICE TWO SEGMENTS ONE LEG.	1501480506459	1501480507533	OK	 
REQUEST	PURCHASE TRIP FROM FREEBIRD.	6		QUOTE PRICE FOR OUTBOUND TRIP WITH ONE SLICE TWO SEGMENTS ONE LEG.	1501480506466	1501480507602	OK	 
REQUEST	PURCHASE TRIP FROM FREEBIRD.	2		QUOTE PRICE FOR OUTBOUND TRIP WITH ONE SLICE TWO SEGMENTS ONE LEG.	1501480506458	1501480507615	OK	 
REQUEST	PURCHASE TRIP FROM FREEBIRD.	7		QUOTE PRICE FOR OUTBOUND TRIP WITH ONE SLICE TWO SEGMENTS ONE LEG.	1501480506468	1501480507676	OK	 
REQUEST	PURCHASE TRIP FROM FREEBIRD.	9		QUOTE PRICE FOR OUTBOUND TRIP WITH ONE SLICE TWO SEGMENTS ONE LEG.	1501480506471	1501480507717	OK	 
REQUEST	PURCHASE TRIP FROM FREEBIRD.	10		QUOTE PRICE FOR OUTBOUND TRIP WITH ONE SLICE TWO SEGMENTS ONE LEG.	1501480506474	1501480507768	OK	 
REQUEST	PURCHASE TRIP FROM FREEBIRD.	5		QUOTE PRICE FOR OUTBOUND TRIP WITH ONE SLICE TWO SEGMENTS ONE LEG.	1501480506463	1501480507768	OK	 
REQUEST	PURCHASE TRIP FROM FREEBIRD.	1		PURCHASE A TRIP FOR QUOTED PRICE.	1501480507522	1501480507902	OK	 
REQUEST	PURCHASE TRIP FROM FREEBIRD.	8		PURCHASE A TRIP FOR QUOTED PRICE.	1501480507534	1501480507917	OK	 
REQUEST	PURCHASE TRIP FROM FREEBIRD.	4		PURCHASE A TRIP FOR QUOTED PRICE.	1501480507522	1501480507917	OK	 
REQUEST	PURCHASE TRIP FROM FREEBIRD.	3		PURCHASE A TRIP FOR QUOTED PRICE.	1501480507535	1501480507921	OK	 
REQUEST	PURCHASE TRIP FROM FREEBIRD.	6		PURCHASE A TRIP FOR QUOTED PRICE.	1501480507604	1501480507976	OK	 
REQUEST	PURCHASE TRIP FROM FREEBIRD.	2		PURCHASE A TRIP FOR QUOTED PRICE.	1501480507617	1501480508028	OK	 
REQUEST	PURCHASE TRIP FROM FREEBIRD.	7		PURCHASE A TRIP FOR QUOTED PRICE.	1501480507678	1501480508072	OK	 
REQUEST	PURCHASE TRIP FROM FREEBIRD.	10		PURCHASE A TRIP FOR QUOTED PRICE.	1501480507770	1501480508189	OK	 
REQUEST	PURCHASE TRIP FROM FREEBIRD.	5		PURCHASE A TRIP FOR QUOTED PRICE.	1501480507770	1501480508205	OK	 
REQUEST	PURCHASE TRIP FROM FREEBIRD.	9		PURCHASE A TRIP FOR QUOTED PRICE.	1501480507719	1501480508236	OK	 
REQUEST	PURCHASE TRIP FROM FREEBIRD.	8		FETCH TRIP INFO OF MY PURCHASED TRIP.	1501480509932	1501480523276	OK	 
REQUEST	PURCHASE TRIP FROM FREEBIRD.	4		FETCH TRIP INFO OF MY PURCHASED TRIP.	1501480509871	1501480523304	OK	 
REQUEST	PURCHASE TRIP FROM FREEBIRD.	6		FETCH TRIP INFO OF MY PURCHASED TRIP.	1501480509991	1501480523330	OK	 
REQUEST	PURCHASE TRIP FROM FREEBIRD.	7		FETCH TRIP INFO OF MY PURCHASED TRIP.	1501480510091	1501480523336	OK	 
REQUEST	PURCHASE TRIP FROM FREEBIRD.	1		FETCH TRIP INFO OF MY PURCHASED TRIP.	1501480509834	1501480523395	OK	 
REQUEST	PURCHASE TRIP FROM FREEBIRD.	2		FETCH TRIP INFO OF MY PURCHASED TRIP.	1501480510046	1501480523493	OK	 
REQUEST	PURCHASE TRIP FROM FREEBIRD.	3		FETCH TRIP INFO OF MY PURCHASED TRIP.	1501480509942	1501480523632	OK	 
REQUEST	PURCHASE TRIP FROM FREEBIRD.	5		FETCH TRIP INFO OF MY PURCHASED TRIP.	1501480510222	1501480523818	OK	 
REQUEST	PURCHASE TRIP FROM FREEBIRD.	10		FETCH TRIP INFO OF MY PURCHASED TRIP.	1501480510202	1501480523938	OK	 
REQUEST	PURCHASE TRIP FROM FREEBIRD.	9		FETCH TRIP INFO OF MY PURCHASED TRIP.	1501480510251	1501480523954	OK	 
REQUEST	PURCHASE TRIP FROM FREEBIRD.	8		DISRUPT PURCHASED TRIP.	1501480528282	1501480529954	OK	 
REQUEST	PURCHASE TRIP FROM FREEBIRD.	1		DISRUPT PURCHASED TRIP.	1501480528401	1501480530344	OK	 
REQUEST	PURCHASE TRIP FROM FREEBIRD.	7		DISRUPT PURCHASED TRIP.	1501480528331	1501480530644	OK	 
REQUEST	PURCHASE TRIP FROM FREEBIRD.	6		DISRUPT PURCHASED TRIP.	1501480528331	1501480530730	OK	 
REQUEST	PURCHASE TRIP FROM FREEBIRD.	4		DISRUPT PURCHASED TRIP.	1501480528311	1501480530792	OK	 
REQUEST	PURCHASE TRIP FROM FREEBIRD.	2		DISRUPT PURCHASED TRIP.	1501480528491	1501480530855	OK	 
REQUEST	PURCHASE TRIP FROM FREEBIRD.	3		DISRUPT PURCHASED TRIP.	1501480528632	1501480530926	OK	 
REQUEST	PURCHASE TRIP FROM FREEBIRD.	10		DISRUPT PURCHASED TRIP.	1501480528942	1501480531779	OK	 
REQUEST	PURCHASE TRIP FROM FREEBIRD.	9		DISRUPT PURCHASED TRIP.	1501480528961	1501480531795	OK	 
REQUEST	PURCHASE TRIP FROM FREEBIRD.	5		DISRUPT PURCHASED TRIP.	1501480528822	1501480531890	OK	 
REQUEST	PURCHASE TRIP FROM FREEBIRD.	8		FETCH REBOOKING OPPORTUNITY FROM FREEBIRD.	1501480584961	1501480591849	KO	jsonPath($..rebookingToken).find.exists, found nothing
REQUEST	PURCHASE TRIP FROM FREEBIRD.	6		FETCH REBOOKING OPPORTUNITY FROM FREEBIRD.	1501480585741	1501480592229	KO	jsonPath($..rebookingToken).find.exists, found nothing
REQUEST	PURCHASE TRIP FROM FREEBIRD.	4		FETCH REBOOKING OPPORTUNITY FROM FREEBIRD.	1501480585791	1501480592666	KO	jsonPath($..rebookingToken).find.exists, found nothing
REQUEST	PURCHASE TRIP FROM FREEBIRD.	1		FETCH REBOOKING OPPORTUNITY FROM FREEBIRD.	1501480585341	1501480593084	KO	jsonPath($..rebookingToken).find.exists, found nothing
REQUEST	PURCHASE TRIP FROM FREEBIRD.	7		FETCH REBOOKING OPPORTUNITY FROM FREEBIRD.	1501480585651	1501480594028	KO	jsonPath($..rebookingToken).find.exists, found nothing
REQUEST	PURCHASE TRIP FROM FREEBIRD.	5		FETCH REBOOKING OPPORTUNITY FROM FREEBIRD.	1501480586891	1501480594028	KO	jsonPath($..rebookingToken).find.exists, found nothing
REQUEST	PURCHASE TRIP FROM FREEBIRD.	3		FETCH REBOOKING OPPORTUNITY FROM FREEBIRD.	1501480585931	1501480595222	KO	jsonPath($..rebookingToken).find.exists, found nothing
REQUEST	PURCHASE TRIP FROM FREEBIRD.	10		FETCH REBOOKING OPPORTUNITY FROM FREEBIRD.	1501480586791	1501480595260	KO	jsonPath($..rebookingToken).find.exists, found nothing
REQUEST	PURCHASE TRIP FROM FREEBIRD.	2		FETCH REBOOKING OPPORTUNITY FROM FREEBIRD.	1501480585862	1501480595741	KO	jsonPath($..rebookingToken).find.exists, found nothing
REQUEST	PURCHASE TRIP FROM FREEBIRD.	9		FETCH REBOOKING OPPORTUNITY FROM FREEBIRD.	1501480586791	1501480595892	KO	jsonPath($..rebookingToken).find.exists, found nothing
REQUEST	PURCHASE TRIP FROM FREEBIRD.	8		FETCH REBOOKING OPPORTUNITY FROM FREEBIRD.	1501480641851	1501480648050	KO	jsonPath($..rebookingToken).find.exists, found nothing
REQUEST	PURCHASE TRIP FROM FREEBIRD.	6		FETCH REBOOKING OPPORTUNITY FROM FREEBIRD.	1501480642232	1501480648636	KO	jsonPath($..rebookingToken).find.exists, found nothing
REQUEST	PURCHASE TRIP FROM FREEBIRD.	4		FETCH REBOOKING OPPORTUNITY FROM FREEBIRD.	1501480642661	1501480649606	KO	jsonPath($..rebookingToken).find.exists, found nothing
REQUEST	PURCHASE TRIP FROM FREEBIRD.	1		FETCH REBOOKING OPPORTUNITY FROM FREEBIRD.	1501480643081	1501480651496	KO	jsonPath($..rebookingToken).find.exists, found nothing
REQUEST	PURCHASE TRIP FROM FREEBIRD.	5		FETCH REBOOKING OPPORTUNITY FROM FREEBIRD.	1501480644022	1501480652080	KO	jsonPath($..rebookingToken).find.exists, found nothing
REQUEST	PURCHASE TRIP FROM FREEBIRD.	7		FETCH REBOOKING OPPORTUNITY FROM FREEBIRD.	1501480644022	1501480653704	KO	jsonPath($..rebookingToken).find.exists, found nothing
REQUEST	PURCHASE TRIP FROM FREEBIRD.	3		FETCH REBOOKING OPPORTUNITY FROM FREEBIRD.	1501480645221	1501480653945	KO	jsonPath($..rebookingToken).find.exists, found nothing
REQUEST	PURCHASE TRIP FROM FREEBIRD.	10		FETCH REBOOKING OPPORTUNITY FROM FREEBIRD.	1501480645251	1501480654747	KO	jsonPath($..rebookingToken).find.exists, found nothing
REQUEST	PURCHASE TRIP FROM FREEBIRD.	2		FETCH REBOOKING OPPORTUNITY FROM FREEBIRD.	1501480645741	1501480654917	KO	jsonPath($..rebookingToken).find.exists, found nothing
REQUEST	PURCHASE TRIP FROM FREEBIRD.	9		FETCH REBOOKING OPPORTUNITY FROM FREEBIRD.	1501480645891	1501480654975	KO	jsonPath($..rebookingToken).find.exists, found nothing
REQUEST	PURCHASE TRIP FROM FREEBIRD.	8		FETCH REBOOKING OPPORTUNITY FROM FREEBIRD.	1501480698081	1501480699418	KO	jsonPath($..rebookingToken).find.exists, found nothing
REQUEST	PURCHASE TRIP FROM FREEBIRD.	6		FETCH REBOOKING OPPORTUNITY FROM FREEBIRD.	1501480698651	1501480701753	KO	jsonPath($..rebookingToken).find.exists, found nothing
REQUEST	PURCHASE TRIP FROM FREEBIRD.	4		FETCH REBOOKING OPPORTUNITY FROM FREEBIRD.	1501480699642	1501480706466	KO	jsonPath($..rebookingToken).find.exists, found nothing
REQUEST	PURCHASE TRIP FROM FREEBIRD.	5		FETCH REBOOKING OPPORTUNITY FROM FREEBIRD.	1501480702121	1501480707599	KO	jsonPath($..rebookingToken).find.exists, found nothing
REQUEST	PURCHASE TRIP FROM FREEBIRD.	1		FETCH REBOOKING OPPORTUNITY FROM FREEBIRD.	1501480701501	1501480707704	KO	jsonPath($..rebookingToken).find.exists, found nothing
REQUEST	PURCHASE TRIP FROM FREEBIRD.	3		FETCH REBOOKING OPPORTUNITY FROM FREEBIRD.	1501480703971	1501480709260	KO	jsonPath($..rebookingToken).find.exists, found nothing
REQUEST	PURCHASE TRIP FROM FREEBIRD.	7		FETCH REBOOKING OPPORTUNITY FROM FREEBIRD.	1501480703742	1501480709397	KO	jsonPath($..rebookingToken).find.exists, found nothing
REQUEST	PURCHASE TRIP FROM FREEBIRD.	10		FETCH REBOOKING OPPORTUNITY FROM FREEBIRD.	1501480704742	1501480711168	KO	jsonPath($..rebookingToken).find.exists, found nothing
REQUEST	PURCHASE TRIP FROM FREEBIRD.	9		FETCH REBOOKING OPPORTUNITY FROM FREEBIRD.	1501480704971	1501480712191	KO	jsonPath($..rebookingToken).find.exists, found nothing
REQUEST	PURCHASE TRIP FROM FREEBIRD.	2		FETCH REBOOKING OPPORTUNITY FROM FREEBIRD.	1501480704911	1501480712263	KO	jsonPath($..rebookingToken).find.exists, found nothing
REQUEST	PURCHASE TRIP FROM FREEBIRD.	8		FETCH REBOOKING OPPORTUNITY FROM FREEBIRD.	1501480749442	1501480756623	KO	jsonPath($..rebookingToken).find.exists, found nothing
REQUEST	PURCHASE TRIP FROM FREEBIRD.	6		FETCH REBOOKING OPPORTUNITY FROM FREEBIRD.	1501480751782	1501480758985	KO	jsonPath($..rebookingToken).find.exists, found nothing
REQUEST	PURCHASE TRIP FROM FREEBIRD.	4		FETCH REBOOKING OPPORTUNITY FROM FREEBIRD.	1501480756492	1501480773171	KO	jsonPath($..rebookingToken).find.exists, found nothing
REQUEST	PURCHASE TRIP FROM FREEBIRD.	1		FETCH REBOOKING OPPORTUNITY FROM FREEBIRD.	1501480757701	1501480773665	KO	jsonPath($..rebookingToken).find.exists, found nothing
REQUEST	PURCHASE TRIP FROM FREEBIRD.	5		FETCH REBOOKING OPPORTUNITY FROM FREEBIRD.	1501480757622	1501480774865	KO	jsonPath($..rebookingToken).find.exists, found nothing
REQUEST	PURCHASE TRIP FROM FREEBIRD.	7		FETCH REBOOKING OPPORTUNITY FROM FREEBIRD.	1501480759421	1501480775715	KO	jsonPath($..rebookingToken).find.exists, found nothing
REQUEST	PURCHASE TRIP FROM FREEBIRD.	3		FETCH REBOOKING OPPORTUNITY FROM FREEBIRD.	1501480759292	1501480776003	KO	jsonPath($..rebookingToken).find.exists, found nothing
REQUEST	PURCHASE TRIP FROM FREEBIRD.	10		FETCH REBOOKING OPPORTUNITY FROM FREEBIRD.	1501480761171	1501480776062	KO	jsonPath($..rebookingToken).find.exists, found nothing
REQUEST	PURCHASE TRIP FROM FREEBIRD.	9		FETCH REBOOKING OPPORTUNITY FROM FREEBIRD.	1501480762201	1501480776374	KO	jsonPath($..rebookingToken).find.exists, found nothing
REQUEST	PURCHASE TRIP FROM FREEBIRD.	2		FETCH REBOOKING OPPORTUNITY FROM FREEBIRD.	1501480762271	1501480777641	KO	jsonPath($..rebookingToken).find.exists, found nothing
REQUEST	PURCHASE TRIP FROM FREEBIRD.	8		FETCH REBOOKING OPPORTUNITY FROM FREEBIRD.	1501480806651	1501480810281	OK	 
REQUEST	PURCHASE TRIP FROM FREEBIRD.	6		FETCH REBOOKING OPPORTUNITY FROM FREEBIRD.	1501480809011	1501480813653	OK	 
REQUEST	PURCHASE TRIP FROM FREEBIRD.	8		FETCH THE AVAILABLE REBOOKING OPTIONS FOR MY TRIP.	1501480810283	1501480820711	OK	 
REQUEST	PURCHASE TRIP FROM FREEBIRD.	6		FETCH THE AVAILABLE REBOOKING OPTIONS FOR MY TRIP.	1501480813654	1501480821003	OK	 
REQUEST	PURCHASE TRIP FROM FREEBIRD.	4		FETCH REBOOKING OPPORTUNITY FROM FREEBIRD.	1501480823201	1501480823939	OK	 
REQUEST	PURCHASE TRIP FROM FREEBIRD.	1		FETCH REBOOKING OPPORTUNITY FROM FREEBIRD.	1501480823661	1501480824573	OK	 
REQUEST	PURCHASE TRIP FROM FREEBIRD.	5		FETCH REBOOKING OPPORTUNITY FROM FREEBIRD.	1501480824891	1501480827300	KO	jsonPath($..rebookingToken).find.exists, found nothing
USER	PURCHASE TRIP FROM FREEBIRD.	5	END	1501480506461	1501480827309
REQUEST	PURCHASE TRIP FROM FREEBIRD.	8		SELECT A OPTION FROM AVAILABLE OPTIONS.	1501480825714	1501480827569	OK	 
USER	PURCHASE TRIP FROM FREEBIRD.	8	END	1501480506468	1501480827582
REQUEST	PURCHASE TRIP FROM FREEBIRD.	4		FETCH THE AVAILABLE REBOOKING OPTIONS FOR MY TRIP.	1501480823942	1501480828714	OK	 
REQUEST	PURCHASE TRIP FROM FREEBIRD.	10		FETCH REBOOKING OPPORTUNITY FROM FREEBIRD.	1501480826071	1501480829425	OK	 
REQUEST	PURCHASE TRIP FROM FREEBIRD.	3		FETCH REBOOKING OPPORTUNITY FROM FREEBIRD.	1501480826031	1501480829827	OK	 
REQUEST	PURCHASE TRIP FROM FREEBIRD.	6		SELECT A OPTION FROM AVAILABLE OPTIONS.	1501480825991	1501480830142	OK	 
USER	PURCHASE TRIP FROM FREEBIRD.	6	END	1501480506465	1501480830145
REQUEST	PURCHASE TRIP FROM FREEBIRD.	7		FETCH REBOOKING OPPORTUNITY FROM FREEBIRD.	1501480825741	1501480830220	KO	jsonPath($..rebookingToken).find.exists, found nothing
USER	PURCHASE TRIP FROM FREEBIRD.	7	END	1501480506467	1501480830222
REQUEST	PURCHASE TRIP FROM FREEBIRD.	9		FETCH REBOOKING OPPORTUNITY FROM FREEBIRD.	1501480826371	1501480830894	OK	 
REQUEST	PURCHASE TRIP FROM FREEBIRD.	2		FETCH REBOOKING OPPORTUNITY FROM FREEBIRD.	1501480827641	1501480831735	OK	 
REQUEST	PURCHASE TRIP FROM FREEBIRD.	1		FETCH THE AVAILABLE REBOOKING OPTIONS FOR MY TRIP.	1501480824574	1501480833742	OK	 
REQUEST	PURCHASE TRIP FROM FREEBIRD.	4		SELECT A OPTION FROM AVAILABLE OPTIONS.	1501480833701	1501480835308	OK	 
USER	PURCHASE TRIP FROM FREEBIRD.	4	END	1501480506460	1501480835310
REQUEST	PURCHASE TRIP FROM FREEBIRD.	3		FETCH THE AVAILABLE REBOOKING OPTIONS FOR MY TRIP.	1501480829828	1501480838061	OK	 
REQUEST	PURCHASE TRIP FROM FREEBIRD.	9		FETCH THE AVAILABLE REBOOKING OPTIONS FOR MY TRIP.	1501480830895	1501480838235	OK	 
REQUEST	PURCHASE TRIP FROM FREEBIRD.	2		FETCH THE AVAILABLE REBOOKING OPTIONS FOR MY TRIP.	1501480831736	1501480838354	OK	 
REQUEST	PURCHASE TRIP FROM FREEBIRD.	10		FETCH THE AVAILABLE REBOOKING OPTIONS FOR MY TRIP.	1501480829426	1501480838913	OK	 
REQUEST	PURCHASE TRIP FROM FREEBIRD.	1		SELECT A OPTION FROM AVAILABLE OPTIONS.	1501480838741	1501480839213	OK	 
USER	PURCHASE TRIP FROM FREEBIRD.	1	END	1501480506388	1501480839215
REQUEST	PURCHASE TRIP FROM FREEBIRD.	3		SELECT A OPTION FROM AVAILABLE OPTIONS.	1501480843061	1501480843725	OK	 
USER	PURCHASE TRIP FROM FREEBIRD.	3	END	1501480506459	1501480843728
REQUEST	PURCHASE TRIP FROM FREEBIRD.	9		SELECT A OPTION FROM AVAILABLE OPTIONS.	1501480843231	1501480843973	OK	 
USER	PURCHASE TRIP FROM FREEBIRD.	9	END	1501480506470	1501480843976
REQUEST	PURCHASE TRIP FROM FREEBIRD.	2		SELECT A OPTION FROM AVAILABLE OPTIONS.	1501480843351	1501480844316	OK	 
USER	PURCHASE TRIP FROM FREEBIRD.	2	END	1501480506457	1501480844319
REQUEST	PURCHASE TRIP FROM FREEBIRD.	10		SELECT A OPTION FROM AVAILABLE OPTIONS.	1501480843911	1501480844926	OK	 
USER	PURCHASE TRIP FROM FREEBIRD.	10	END	1501480506474	1501480844929
