RUN	com.freebird.stresstest.RebookingFlow		rebookingflow	1501482794791	 	2.0
USER	PURCHASE TRIP FROM FREEBIRD.	1	START	1501482796175	1501482796175
USER	PURCHASE TRIP FROM FREEBIRD.	2	START	1501482796237	1501482796237
USER	PURCHASE TRIP FROM FREEBIRD.	3	START	1501482796238	1501482796238
USER	PURCHASE TRIP FROM FREEBIRD.	4	START	1501482796240	1501482796240
USER	PURCHASE TRIP FROM FREEBIRD.	5	START	1501482796246	1501482796246
USER	PURCHASE TRIP FROM FREEBIRD.	6	START	1501482796249	1501482796249
USER	PURCHASE TRIP FROM FREEBIRD.	7	START	1501482796250	1501482796250
USER	PURCHASE TRIP FROM FREEBIRD.	8	START	1501482796252	1501482796252
USER	PURCHASE TRIP FROM FREEBIRD.	9	START	1501482796254	1501482796254
USER	PURCHASE TRIP FROM FREEBIRD.	10	START	1501482796255	1501482796255
USER	PURCHASE TRIP FROM FREEBIRD.	11	START	1501482796257	1501482796257
USER	PURCHASE TRIP FROM FREEBIRD.	12	START	1501482796258	1501482796258
USER	PURCHASE TRIP FROM FREEBIRD.	13	START	1501482796259	1501482796259
USER	PURCHASE TRIP FROM FREEBIRD.	14	START	1501482796261	1501482796261
USER	PURCHASE TRIP FROM FREEBIRD.	15	START	1501482796262	1501482796262
USER	PURCHASE TRIP FROM FREEBIRD.	16	START	1501482796263	1501482796263
USER	PURCHASE TRIP FROM FREEBIRD.	17	START	1501482796264	1501482796264
USER	PURCHASE TRIP FROM FREEBIRD.	18	START	1501482796265	1501482796265
USER	PURCHASE TRIP FROM FREEBIRD.	19	START	1501482796266	1501482796266
USER	PURCHASE TRIP FROM FREEBIRD.	20	START	1501482796267	1501482796267
REQUEST	PURCHASE TRIP FROM FREEBIRD.	2		QUOTE PRICE FOR OUTBOUND TRIP WITH ONE SLICE ONE SEGMENT ONE LEG.	1501482796237	1501482797036	OK	 
REQUEST	PURCHASE TRIP FROM FREEBIRD.	3		QUOTE PRICE FOR OUTBOUND TRIP WITH ONE SLICE ONE SEGMENT ONE LEG.	1501482796239	1501482797056	OK	 
REQUEST	PURCHASE TRIP FROM FREEBIRD.	9		QUOTE PRICE FOR OUTBOUND TRIP WITH ONE SLICE ONE SEGMENT ONE LEG.	1501482796255	1501482797181	OK	 
REQUEST	PURCHASE TRIP FROM FREEBIRD.	7		QUOTE PRICE FOR OUTBOUND TRIP WITH ONE SLICE ONE SEGMENT ONE LEG.	1501482796251	1501482797214	OK	 
REQUEST	PURCHASE TRIP FROM FREEBIRD.	6		QUOTE PRICE FOR OUTBOUND TRIP WITH ONE SLICE ONE SEGMENT ONE LEG.	1501482796249	1501482797224	OK	 
REQUEST	PURCHASE TRIP FROM FREEBIRD.	18		QUOTE PRICE FOR OUTBOUND TRIP WITH ONE SLICE ONE SEGMENT ONE LEG.	1501482796265	1501482797253	OK	 
REQUEST	PURCHASE TRIP FROM FREEBIRD.	13		QUOTE PRICE FOR OUTBOUND TRIP WITH ONE SLICE ONE SEGMENT ONE LEG.	1501482796260	1501482797265	OK	 
REQUEST	PURCHASE TRIP FROM FREEBIRD.	16		QUOTE PRICE FOR OUTBOUND TRIP WITH ONE SLICE ONE SEGMENT ONE LEG.	1501482796263	1501482797306	OK	 
REQUEST	PURCHASE TRIP FROM FREEBIRD.	17		QUOTE PRICE FOR OUTBOUND TRIP WITH ONE SLICE ONE SEGMENT ONE LEG.	1501482796264	1501482797358	OK	 
REQUEST	PURCHASE TRIP FROM FREEBIRD.	14		QUOTE PRICE FOR OUTBOUND TRIP WITH ONE SLICE ONE SEGMENT ONE LEG.	1501482796261	1501482797632	OK	 
REQUEST	PURCHASE TRIP FROM FREEBIRD.	8		QUOTE PRICE FOR OUTBOUND TRIP WITH ONE SLICE ONE SEGMENT ONE LEG.	1501482796253	1501482797632	OK	 
REQUEST	PURCHASE TRIP FROM FREEBIRD.	19		QUOTE PRICE FOR OUTBOUND TRIP WITH ONE SLICE ONE SEGMENT ONE LEG.	1501482796266	1501482797641	OK	 
REQUEST	PURCHASE TRIP FROM FREEBIRD.	11		QUOTE PRICE FOR OUTBOUND TRIP WITH ONE SLICE ONE SEGMENT ONE LEG.	1501482796257	1501482797688	OK	 
REQUEST	PURCHASE TRIP FROM FREEBIRD.	15		QUOTE PRICE FOR OUTBOUND TRIP WITH ONE SLICE ONE SEGMENT ONE LEG.	1501482796262	1501482797700	OK	 
REQUEST	PURCHASE TRIP FROM FREEBIRD.	1		QUOTE PRICE FOR OUTBOUND TRIP WITH ONE SLICE ONE SEGMENT ONE LEG.	1501482796227	1501482797753	OK	 
REQUEST	PURCHASE TRIP FROM FREEBIRD.	10		QUOTE PRICE FOR OUTBOUND TRIP WITH ONE SLICE ONE SEGMENT ONE LEG.	1501482796256	1501482797768	OK	 
REQUEST	PURCHASE TRIP FROM FREEBIRD.	2		PURCHASE A TRIP FOR QUOTED PRICE.	1501482797125	1501482797771	OK	 
REQUEST	PURCHASE TRIP FROM FREEBIRD.	6		PURCHASE A TRIP FOR QUOTED PRICE.	1501482797226	1501482797773	OK	 
REQUEST	PURCHASE TRIP FROM FREEBIRD.	5		QUOTE PRICE FOR OUTBOUND TRIP WITH ONE SLICE ONE SEGMENT ONE LEG.	1501482796247	1501482797779	OK	 
REQUEST	PURCHASE TRIP FROM FREEBIRD.	20		QUOTE PRICE FOR OUTBOUND TRIP WITH ONE SLICE ONE SEGMENT ONE LEG.	1501482796267	1501482797791	OK	 
REQUEST	PURCHASE TRIP FROM FREEBIRD.	18		PURCHASE A TRIP FOR QUOTED PRICE.	1501482797254	1501482797795	OK	 
REQUEST	PURCHASE TRIP FROM FREEBIRD.	4		QUOTE PRICE FOR OUTBOUND TRIP WITH ONE SLICE ONE SEGMENT ONE LEG.	1501482796240	1501482797814	OK	 
REQUEST	PURCHASE TRIP FROM FREEBIRD.	12		QUOTE PRICE FOR OUTBOUND TRIP WITH ONE SLICE ONE SEGMENT ONE LEG.	1501482796258	1501482797824	OK	 
REQUEST	PURCHASE TRIP FROM FREEBIRD.	13		PURCHASE A TRIP FOR QUOTED PRICE.	1501482797267	1501482797851	OK	 
REQUEST	PURCHASE TRIP FROM FREEBIRD.	16		PURCHASE A TRIP FOR QUOTED PRICE.	1501482797307	1501482797868	OK	 
REQUEST	PURCHASE TRIP FROM FREEBIRD.	17		PURCHASE A TRIP FOR QUOTED PRICE.	1501482797360	1501482797868	OK	 
REQUEST	PURCHASE TRIP FROM FREEBIRD.	3		PURCHASE A TRIP FOR QUOTED PRICE.	1501482797125	1501482797872	OK	 
REQUEST	PURCHASE TRIP FROM FREEBIRD.	7		PURCHASE A TRIP FOR QUOTED PRICE.	1501482797216	1501482797955	OK	 
REQUEST	PURCHASE TRIP FROM FREEBIRD.	9		PURCHASE A TRIP FOR QUOTED PRICE.	1501482797183	1501482797973	OK	 
REQUEST	PURCHASE TRIP FROM FREEBIRD.	14		PURCHASE A TRIP FOR QUOTED PRICE.	1501482797634	1501482798091	OK	 
REQUEST	PURCHASE TRIP FROM FREEBIRD.	8		PURCHASE A TRIP FOR QUOTED PRICE.	1501482797634	1501482798108	OK	 
REQUEST	PURCHASE TRIP FROM FREEBIRD.	19		PURCHASE A TRIP FOR QUOTED PRICE.	1501482797643	1501482799836	OK	 
REQUEST	PURCHASE TRIP FROM FREEBIRD.	11		PURCHASE A TRIP FOR QUOTED PRICE.	1501482797689	1501482800156	OK	 
REQUEST	PURCHASE TRIP FROM FREEBIRD.	15		PURCHASE A TRIP FOR QUOTED PRICE.	1501482797702	1501482800257	OK	 
REQUEST	PURCHASE TRIP FROM FREEBIRD.	10		PURCHASE A TRIP FOR QUOTED PRICE.	1501482797770	1501482800599	OK	 
REQUEST	PURCHASE TRIP FROM FREEBIRD.	20		PURCHASE A TRIP FOR QUOTED PRICE.	1501482797793	1501482800685	OK	 
REQUEST	PURCHASE TRIP FROM FREEBIRD.	5		PURCHASE A TRIP FOR QUOTED PRICE.	1501482797781	1501482800699	OK	 
REQUEST	PURCHASE TRIP FROM FREEBIRD.	4		PURCHASE A TRIP FOR QUOTED PRICE.	1501482797816	1501482801046	OK	 
REQUEST	PURCHASE TRIP FROM FREEBIRD.	1		PURCHASE A TRIP FOR QUOTED PRICE.	1501482797755	1501482801125	OK	 
REQUEST	PURCHASE TRIP FROM FREEBIRD.	12		PURCHASE A TRIP FOR QUOTED PRICE.	1501482797826	1501482801854	OK	 
REQUEST	PURCHASE TRIP FROM FREEBIRD.	2		FETCH TRIP INFO OF MY PURCHASED TRIP.	1501482799717	1501482820031	KO	status.find.is(200), but actually found 503
REQUEST	PURCHASE TRIP FROM FREEBIRD.	6		FETCH TRIP INFO OF MY PURCHASED TRIP.	1501482799794	1501482820100	KO	status.find.is(200), but actually found 503
REQUEST	PURCHASE TRIP FROM FREEBIRD.	18		FETCH TRIP INFO OF MY PURCHASED TRIP.	1501482799813	1501482820111	KO	status.find.is(200), but actually found 503
REQUEST	PURCHASE TRIP FROM FREEBIRD.	3		FETCH TRIP INFO OF MY PURCHASED TRIP.	1501482799823	1501482820128	KO	status.find.is(200), but actually found 503
REQUEST	PURCHASE TRIP FROM FREEBIRD.	13		FETCH TRIP INFO OF MY PURCHASED TRIP.	1501482799864	1501482820177	KO	status.find.is(200), but actually found 503
REQUEST	PURCHASE TRIP FROM FREEBIRD.	16		FETCH TRIP INFO OF MY PURCHASED TRIP.	1501482799884	1501482820197	KO	status.find.is(200), but actually found 503
REQUEST	PURCHASE TRIP FROM FREEBIRD.	17		FETCH TRIP INFO OF MY PURCHASED TRIP.	1501482799884	1501482820208	KO	status.find.is(200), but actually found 503
REQUEST	PURCHASE TRIP FROM FREEBIRD.	7		FETCH TRIP INFO OF MY PURCHASED TRIP.	1501482799974	1501482820279	KO	status.find.is(200), but actually found 503
REQUEST	PURCHASE TRIP FROM FREEBIRD.	9		FETCH TRIP INFO OF MY PURCHASED TRIP.	1501482799994	1501482820302	KO	status.find.is(200), but actually found 503
REQUEST	PURCHASE TRIP FROM FREEBIRD.	14		FETCH TRIP INFO OF MY PURCHASED TRIP.	1501482800104	1501482820412	KO	status.find.is(200), but actually found 503
REQUEST	PURCHASE TRIP FROM FREEBIRD.	8		FETCH TRIP INFO OF MY PURCHASED TRIP.	1501482800123	1501482820436	KO	status.find.is(200), but actually found 503
REQUEST	PURCHASE TRIP FROM FREEBIRD.	19		FETCH TRIP INFO OF MY PURCHASED TRIP.	1501482801853	1501482822163	KO	status.find.is(200), but actually found 503
