RUN	com.freebird.stresstest.RebookingFlow		rebookingflow	1501482953799	 	2.0
USER	PURCHASE TRIP FROM FREEBIRD.	1	START	1501482955939	1501482955939
USER	PURCHASE TRIP FROM FREEBIRD.	2	START	1501482956007	1501482956007
USER	PURCHASE TRIP FROM FREEBIRD.	3	START	1501482956010	1501482956010
USER	PURCHASE TRIP FROM FREEBIRD.	4	START	1501482956011	1501482956011
USER	PURCHASE TRIP FROM FREEBIRD.	5	START	1501482956013	1501482956013
USER	PURCHASE TRIP FROM FREEBIRD.	6	START	1501482956014	1501482956014
USER	PURCHASE TRIP FROM FREEBIRD.	7	START	1501482956018	1501482956018
USER	PURCHASE TRIP FROM FREEBIRD.	8	START	1501482956019	1501482956019
USER	PURCHASE TRIP FROM FREEBIRD.	9	START	1501482956020	1501482956020
USER	PURCHASE TRIP FROM FREEBIRD.	10	START	1501482956021	1501482956021
REQUEST	PURCHASE TRIP FROM FREEBIRD.	5		QUOTE PRICE FOR OUTBOUND TRIP WITH ONE SLICE ONE SEGMENT ONE LEG.	1501482956014	1501482957064	OK	 
REQUEST	PURCHASE TRIP FROM FREEBIRD.	10		QUOTE PRICE FOR OUTBOUND TRIP WITH ONE SLICE ONE SEGMENT ONE LEG.	1501482956021	1501482957034	OK	 
REQUEST	PURCHASE TRIP FROM FREEBIRD.	4		QUOTE PRICE FOR OUTBOUND TRIP WITH ONE SLICE ONE SEGMENT ONE LEG.	1501482956012	1501482956970	OK	 
REQUEST	PURCHASE TRIP FROM FREEBIRD.	6		QUOTE PRICE FOR OUTBOUND TRIP WITH ONE SLICE ONE SEGMENT ONE LEG.	1501482956015	1501482957035	OK	 
REQUEST	PURCHASE TRIP FROM FREEBIRD.	1		QUOTE PRICE FOR OUTBOUND TRIP WITH ONE SLICE ONE SEGMENT ONE LEG.	1501482955999	1501482957005	OK	 
REQUEST	PURCHASE TRIP FROM FREEBIRD.	8		QUOTE PRICE FOR OUTBOUND TRIP WITH ONE SLICE ONE SEGMENT ONE LEG.	1501482956019	1501482957039	OK	 
REQUEST	PURCHASE TRIP FROM FREEBIRD.	7		QUOTE PRICE FOR OUTBOUND TRIP WITH ONE SLICE ONE SEGMENT ONE LEG.	1501482956018	1501482957005	OK	 
REQUEST	PURCHASE TRIP FROM FREEBIRD.	2		QUOTE PRICE FOR OUTBOUND TRIP WITH ONE SLICE ONE SEGMENT ONE LEG.	1501482956008	1501482957085	OK	 
REQUEST	PURCHASE TRIP FROM FREEBIRD.	9		QUOTE PRICE FOR OUTBOUND TRIP WITH ONE SLICE ONE SEGMENT ONE LEG.	1501482956020	1501482957083	OK	 
REQUEST	PURCHASE TRIP FROM FREEBIRD.	3		QUOTE PRICE FOR OUTBOUND TRIP WITH ONE SLICE ONE SEGMENT ONE LEG.	1501482956010	1501482957058	OK	 
REQUEST	PURCHASE TRIP FROM FREEBIRD.	7		PURCHASE A TRIP FOR QUOTED PRICE.	1501482957079	1501482957502	OK	 
REQUEST	PURCHASE TRIP FROM FREEBIRD.	6		PURCHASE A TRIP FOR QUOTED PRICE.	1501482957076	1501482957506	OK	 
REQUEST	PURCHASE TRIP FROM FREEBIRD.	8		PURCHASE A TRIP FOR QUOTED PRICE.	1501482957078	1501482957507	OK	 
REQUEST	PURCHASE TRIP FROM FREEBIRD.	9		PURCHASE A TRIP FOR QUOTED PRICE.	1501482957090	1501482957506	OK	 
REQUEST	PURCHASE TRIP FROM FREEBIRD.	2		PURCHASE A TRIP FOR QUOTED PRICE.	1501482957087	1501482957510	OK	 
REQUEST	PURCHASE TRIP FROM FREEBIRD.	1		PURCHASE A TRIP FOR QUOTED PRICE.	1501482957076	1501482957511	OK	 
REQUEST	PURCHASE TRIP FROM FREEBIRD.	5		PURCHASE A TRIP FOR QUOTED PRICE.	1501482957078	1501482957515	OK	 
REQUEST	PURCHASE TRIP FROM FREEBIRD.	4		PURCHASE A TRIP FOR QUOTED PRICE.	1501482957077	1501482957515	OK	 
REQUEST	PURCHASE TRIP FROM FREEBIRD.	10		PURCHASE A TRIP FOR QUOTED PRICE.	1501482957077	1501482957529	OK	 
REQUEST	PURCHASE TRIP FROM FREEBIRD.	3		PURCHASE A TRIP FOR QUOTED PRICE.	1501482957094	1501482957543	OK	 
REQUEST	PURCHASE TRIP FROM FREEBIRD.	6		FETCH TRIP INFO OF MY PURCHASED TRIP.	1501482959483	1501482970800	OK	 
REQUEST	PURCHASE TRIP FROM FREEBIRD.	1		FETCH TRIP INFO OF MY PURCHASED TRIP.	1501482959454	1501482970845	OK	 
REQUEST	PURCHASE TRIP FROM FREEBIRD.	2		FETCH TRIP INFO OF MY PURCHASED TRIP.	1501482959524	1501482970902	OK	 
REQUEST	PURCHASE TRIP FROM FREEBIRD.	10		FETCH TRIP INFO OF MY PURCHASED TRIP.	1501482959504	1501482970918	OK	 
REQUEST	PURCHASE TRIP FROM FREEBIRD.	4		FETCH TRIP INFO OF MY PURCHASED TRIP.	1501482959437	1501482971061	OK	 
REQUEST	PURCHASE TRIP FROM FREEBIRD.	9		FETCH TRIP INFO OF MY PURCHASED TRIP.	1501482959524	1501482971123	OK	 
REQUEST	PURCHASE TRIP FROM FREEBIRD.	3		FETCH TRIP INFO OF MY PURCHASED TRIP.	1501482959534	1501482971213	OK	 
REQUEST	PURCHASE TRIP FROM FREEBIRD.	5		FETCH TRIP INFO OF MY PURCHASED TRIP.	1501482959524	1501482971396	OK	 
REQUEST	PURCHASE TRIP FROM FREEBIRD.	8		FETCH TRIP INFO OF MY PURCHASED TRIP.	1501482959493	1501482971423	OK	 
REQUEST	PURCHASE TRIP FROM FREEBIRD.	7		FETCH TRIP INFO OF MY PURCHASED TRIP.	1501482959454	1501482971472	OK	 
REQUEST	PURCHASE TRIP FROM FREEBIRD.	6		DISRUPT PURCHASED TRIP.	1501482975803	1501482977228	OK	 
REQUEST	PURCHASE TRIP FROM FREEBIRD.	1		DISRUPT PURCHASED TRIP.	1501482975854	1501482978436	OK	 
REQUEST	PURCHASE TRIP FROM FREEBIRD.	9		DISRUPT PURCHASED TRIP.	1501482976123	1501482978755	OK	 
REQUEST	PURCHASE TRIP FROM FREEBIRD.	10		DISRUPT PURCHASED TRIP.	1501482975933	1501482978755	OK	 
REQUEST	PURCHASE TRIP FROM FREEBIRD.	2		DISRUPT PURCHASED TRIP.	1501482975903	1501482979086	OK	 
REQUEST	PURCHASE TRIP FROM FREEBIRD.	4		DISRUPT PURCHASED TRIP.	1501482976064	1501482979134	OK	 
REQUEST	PURCHASE TRIP FROM FREEBIRD.	7		DISRUPT PURCHASED TRIP.	1501482976473	1501482979262	OK	 
REQUEST	PURCHASE TRIP FROM FREEBIRD.	8		DISRUPT PURCHASED TRIP.	1501482976413	1501482979631	OK	 
REQUEST	PURCHASE TRIP FROM FREEBIRD.	5		DISRUPT PURCHASED TRIP.	1501482976393	1501482979632	OK	 
REQUEST	PURCHASE TRIP FROM FREEBIRD.	3		DISRUPT PURCHASED TRIP.	1501482976203	1501482979961	OK	 
REQUEST	PURCHASE TRIP FROM FREEBIRD.	6		FETCH REBOOKING OPPORTUNITY FROM FREEBIRD.	1501483032233	1501483033762	KO	jsonPath($..rebookingToken).find.exists, found nothing
REQUEST	PURCHASE TRIP FROM FREEBIRD.	4		FETCH REBOOKING OPPORTUNITY FROM FREEBIRD.	1501483034133	1501483042204	KO	jsonPath($..rebookingToken).find.exists, found nothing
REQUEST	PURCHASE TRIP FROM FREEBIRD.	1		FETCH REBOOKING OPPORTUNITY FROM FREEBIRD.	1501483033443	1501483042328	KO	jsonPath($..rebookingToken).find.exists, found nothing
REQUEST	PURCHASE TRIP FROM FREEBIRD.	10		FETCH REBOOKING OPPORTUNITY FROM FREEBIRD.	1501483033754	1501483043166	KO	jsonPath($..rebookingToken).find.exists, found nothing
REQUEST	PURCHASE TRIP FROM FREEBIRD.	9		FETCH REBOOKING OPPORTUNITY FROM FREEBIRD.	1501483033754	1501483043327	KO	jsonPath($..rebookingToken).find.exists, found nothing
REQUEST	PURCHASE TRIP FROM FREEBIRD.	2		FETCH REBOOKING OPPORTUNITY FROM FREEBIRD.	1501483034094	1501483043770	KO	jsonPath($..rebookingToken).find.exists, found nothing
REQUEST	PURCHASE TRIP FROM FREEBIRD.	5		FETCH REBOOKING OPPORTUNITY FROM FREEBIRD.	1501483034643	1501483043779	KO	jsonPath($..rebookingToken).find.exists, found nothing
REQUEST	PURCHASE TRIP FROM FREEBIRD.	3		FETCH REBOOKING OPPORTUNITY FROM FREEBIRD.	1501483034973	1501483044000	KO	jsonPath($..rebookingToken).find.exists, found nothing
REQUEST	PURCHASE TRIP FROM FREEBIRD.	7		FETCH REBOOKING OPPORTUNITY FROM FREEBIRD.	1501483034263	1501483044082	KO	jsonPath($..rebookingToken).find.exists, found nothing
REQUEST	PURCHASE TRIP FROM FREEBIRD.	8		FETCH REBOOKING OPPORTUNITY FROM FREEBIRD.	1501483034643	1501483044543	KO	jsonPath($..rebookingToken).find.exists, found nothing
REQUEST	PURCHASE TRIP FROM FREEBIRD.	6		FETCH REBOOKING OPPORTUNITY FROM FREEBIRD.	1501483083764	1501483089767	KO	jsonPath($..rebookingToken).find.exists, found nothing
REQUEST	PURCHASE TRIP FROM FREEBIRD.	4		FETCH REBOOKING OPPORTUNITY FROM FREEBIRD.	1501483092203	1501483102020	KO	jsonPath($..rebookingToken).find.exists, found nothing
REQUEST	PURCHASE TRIP FROM FREEBIRD.	9		FETCH REBOOKING OPPORTUNITY FROM FREEBIRD.	1501483093323	1501483103291	KO	jsonPath($..rebookingToken).find.exists, found nothing
REQUEST	PURCHASE TRIP FROM FREEBIRD.	1		FETCH REBOOKING OPPORTUNITY FROM FREEBIRD.	1501483092324	1501483103585	KO	jsonPath($..rebookingToken).find.exists, found nothing
REQUEST	PURCHASE TRIP FROM FREEBIRD.	10		FETCH REBOOKING OPPORTUNITY FROM FREEBIRD.	1501483093163	1501483103793	KO	jsonPath($..rebookingToken).find.exists, found nothing
REQUEST	PURCHASE TRIP FROM FREEBIRD.	2		FETCH REBOOKING OPPORTUNITY FROM FREEBIRD.	1501483093763	1501483104034	KO	jsonPath($..rebookingToken).find.exists, found nothing
REQUEST	PURCHASE TRIP FROM FREEBIRD.	3		FETCH REBOOKING OPPORTUNITY FROM FREEBIRD.	1501483093984	1501483104067	KO	jsonPath($..rebookingToken).find.exists, found nothing
REQUEST	PURCHASE TRIP FROM FREEBIRD.	5		FETCH REBOOKING OPPORTUNITY FROM FREEBIRD.	1501483093763	1501483104094	KO	jsonPath($..rebookingToken).find.exists, found nothing
REQUEST	PURCHASE TRIP FROM FREEBIRD.	7		FETCH REBOOKING OPPORTUNITY FROM FREEBIRD.	1501483094084	1501483104123	KO	jsonPath($..rebookingToken).find.exists, found nothing
REQUEST	PURCHASE TRIP FROM FREEBIRD.	8		FETCH REBOOKING OPPORTUNITY FROM FREEBIRD.	1501483094544	1501483105048	KO	jsonPath($..rebookingToken).find.exists, found nothing
REQUEST	PURCHASE TRIP FROM FREEBIRD.	6		FETCH REBOOKING OPPORTUNITY FROM FREEBIRD.	1501483139804	1501483141269	KO	jsonPath($..rebookingToken).find.exists, found nothing
REQUEST	PURCHASE TRIP FROM FREEBIRD.	4		FETCH REBOOKING OPPORTUNITY FROM FREEBIRD.	1501483152043	1501483153349	KO	jsonPath($..rebookingToken).find.exists, found nothing
REQUEST	PURCHASE TRIP FROM FREEBIRD.	9		FETCH REBOOKING OPPORTUNITY FROM FREEBIRD.	1501483153323	1501483166902	KO	jsonPath($..rebookingToken).find.exists, found nothing
REQUEST	PURCHASE TRIP FROM FREEBIRD.	3		FETCH REBOOKING OPPORTUNITY FROM FREEBIRD.	1501483154103	1501483167396	KO	jsonPath($..rebookingToken).find.exists, found nothing
REQUEST	PURCHASE TRIP FROM FREEBIRD.	1		FETCH REBOOKING OPPORTUNITY FROM FREEBIRD.	1501483153583	1501483167591	KO	jsonPath($..rebookingToken).find.exists, found nothing
REQUEST	PURCHASE TRIP FROM FREEBIRD.	7		FETCH REBOOKING OPPORTUNITY FROM FREEBIRD.	1501483154153	1501483167874	KO	jsonPath($..rebookingToken).find.exists, found nothing
REQUEST	PURCHASE TRIP FROM FREEBIRD.	2		FETCH REBOOKING OPPORTUNITY FROM FREEBIRD.	1501483154043	1501483168100	KO	jsonPath($..rebookingToken).find.exists, found nothing
REQUEST	PURCHASE TRIP FROM FREEBIRD.	10		FETCH REBOOKING OPPORTUNITY FROM FREEBIRD.	1501483153794	1501483168828	KO	jsonPath($..rebookingToken).find.exists, found nothing
REQUEST	PURCHASE TRIP FROM FREEBIRD.	5		FETCH REBOOKING OPPORTUNITY FROM FREEBIRD.	1501483154133	1501483169986	KO	jsonPath($..rebookingToken).find.exists, found nothing
REQUEST	PURCHASE TRIP FROM FREEBIRD.	8		FETCH REBOOKING OPPORTUNITY FROM FREEBIRD.	1501483155074	1501483171130	KO	jsonPath($..rebookingToken).find.exists, found nothing
REQUEST	PURCHASE TRIP FROM FREEBIRD.	6		FETCH REBOOKING OPPORTUNITY FROM FREEBIRD.	1501483191294	1501483193560	KO	jsonPath($..rebookingToken).find.exists, found nothing
REQUEST	PURCHASE TRIP FROM FREEBIRD.	4		FETCH REBOOKING OPPORTUNITY FROM FREEBIRD.	1501483203373	1501483206348	KO	jsonPath($..rebookingToken).find.exists, found nothing
REQUEST	PURCHASE TRIP FROM FREEBIRD.	9		FETCH REBOOKING OPPORTUNITY FROM FREEBIRD.	1501483216893	1501483223033	KO	jsonPath($..rebookingToken).find.exists, found nothing
REQUEST	PURCHASE TRIP FROM FREEBIRD.	3		FETCH REBOOKING OPPORTUNITY FROM FREEBIRD.	1501483217423	1501483224946	KO	jsonPath($..rebookingToken).find.exists, found nothing
REQUEST	PURCHASE TRIP FROM FREEBIRD.	7		FETCH REBOOKING OPPORTUNITY FROM FREEBIRD.	1501483217903	1501483226717	KO	jsonPath($..rebookingToken).find.exists, found nothing
REQUEST	PURCHASE TRIP FROM FREEBIRD.	2		FETCH REBOOKING OPPORTUNITY FROM FREEBIRD.	1501483218124	1501483226915	KO	jsonPath($..rebookingToken).find.exists, found nothing
REQUEST	PURCHASE TRIP FROM FREEBIRD.	1		FETCH REBOOKING OPPORTUNITY FROM FREEBIRD.	1501483217583	1501483227019	KO	jsonPath($..rebookingToken).find.exists, found nothing
REQUEST	PURCHASE TRIP FROM FREEBIRD.	10		FETCH REBOOKING OPPORTUNITY FROM FREEBIRD.	1501483218824	1501483227654	KO	jsonPath($..rebookingToken).find.exists, found nothing
REQUEST	PURCHASE TRIP FROM FREEBIRD.	5		FETCH REBOOKING OPPORTUNITY FROM FREEBIRD.	1501483220013	1501483228429	KO	jsonPath($..rebookingToken).find.exists, found nothing
REQUEST	PURCHASE TRIP FROM FREEBIRD.	8		FETCH REBOOKING OPPORTUNITY FROM FREEBIRD.	1501483221153	1501483231170	KO	jsonPath($..rebookingToken).find.exists, found nothing
REQUEST	PURCHASE TRIP FROM FREEBIRD.	6		FETCH REBOOKING OPPORTUNITY FROM FREEBIRD.	1501483243583	1501483245233	KO	jsonPath($..rebookingToken).find.exists, found nothing
USER	PURCHASE TRIP FROM FREEBIRD.	6	END	1501482956014	1501483245237
REQUEST	PURCHASE TRIP FROM FREEBIRD.	4		FETCH REBOOKING OPPORTUNITY FROM FREEBIRD.	1501483256373	1501483261005	KO	jsonPath($..rebookingToken).find.exists, found nothing
USER	PURCHASE TRIP FROM FREEBIRD.	4	END	1501482956011	1501483261006
REQUEST	PURCHASE TRIP FROM FREEBIRD.	9		FETCH REBOOKING OPPORTUNITY FROM FREEBIRD.	1501483273034	1501483275181	KO	jsonPath($..rebookingToken).find.exists, found nothing
USER	PURCHASE TRIP FROM FREEBIRD.	9	END	1501482956020	1501483275182
REQUEST	PURCHASE TRIP FROM FREEBIRD.	3		FETCH REBOOKING OPPORTUNITY FROM FREEBIRD.	1501483274974	1501483276831	KO	jsonPath($..rebookingToken).find.exists, found nothing
USER	PURCHASE TRIP FROM FREEBIRD.	3	END	1501482956010	1501483276833
REQUEST	PURCHASE TRIP FROM FREEBIRD.	7		FETCH REBOOKING OPPORTUNITY FROM FREEBIRD.	1501483276733	1501483281563	KO	jsonPath($..rebookingToken).find.exists, found nothing
USER	PURCHASE TRIP FROM FREEBIRD.	7	END	1501482956018	1501483281565
REQUEST	PURCHASE TRIP FROM FREEBIRD.	2		FETCH REBOOKING OPPORTUNITY FROM FREEBIRD.	1501483276913	1501483283380	KO	jsonPath($..rebookingToken).find.exists, found nothing
USER	PURCHASE TRIP FROM FREEBIRD.	2	END	1501482956007	1501483283381
REQUEST	PURCHASE TRIP FROM FREEBIRD.	1		FETCH REBOOKING OPPORTUNITY FROM FREEBIRD.	1501483277023	1501483284185	KO	jsonPath($..rebookingToken).find.exists, found nothing
USER	PURCHASE TRIP FROM FREEBIRD.	1	END	1501482955939	1501483284186
REQUEST	PURCHASE TRIP FROM FREEBIRD.	5		FETCH REBOOKING OPPORTUNITY FROM FREEBIRD.	1501483278453	1501483284189	KO	jsonPath($..rebookingToken).find.exists, found nothing
USER	PURCHASE TRIP FROM FREEBIRD.	5	END	1501482956013	1501483284190
REQUEST	PURCHASE TRIP FROM FREEBIRD.	10		FETCH REBOOKING OPPORTUNITY FROM FREEBIRD.	1501483277663	1501483285145	KO	jsonPath($..rebookingToken).find.exists, found nothing
USER	PURCHASE TRIP FROM FREEBIRD.	10	END	1501482956021	1501483285146
REQUEST	PURCHASE TRIP FROM FREEBIRD.	8		FETCH REBOOKING OPPORTUNITY FROM FREEBIRD.	1501483281194	1501483288142	KO	jsonPath($..rebookingToken).find.exists, found nothing
USER	PURCHASE TRIP FROM FREEBIRD.	8	END	1501482956019	1501483288143
